<?xml version="1.0" encoding="UTF-8"?>
<testsuite xmlns:xsi="http://www.w3.org/2001/XMLSchema-instance" xsi:noNamespaceSchemaLocation="https://maven.apache.org/surefire/maven-surefire-plugin/xsd/surefire-test-report-3.0.xsd" version="3.0" name="ru.diasoft.micro.repository.SmsVerificationRepositoryTest" time="303.283" tests="3" errors="0" skipped="0" failures="0">
  <properties>
[...]
</properties>
  <testcase name="smsVerificationCreateTest" classname="ru.diasoft.micro.repository.SmsVerificationRepositoryTest" time="0.55">
    <system-out><![CDATA[2021-08-15 22:24:34,266 main WARN No Docker URI provided. Docker information is unavailable
2021-08-15 22:24:34,267 main WARN Unable to read container information: no protocol: null/containers/json
2021-08-15 22:24:34,278 main WARN No Docker URI provided. Docker information is unavailable
2021-08-15 22:24:34,280 main WARN Unable to read container information: no protocol: null/containers/json
2021-08-15 22:24:36,377 main WARN No Docker URI provided. Docker information is unavailable
2021-08-15 22:24:36,377 main WARN Unable to read container information: no protocol: null/containers/json
2021-08-15 22:24:36,389 main WARN No Docker URI provided. Docker information is unavailable
2021-08-15 22:24:36,390 main WARN Unable to read container information: no protocol: null/containers/json

  .   ____          _            __ _ _
 /\\ / ___'_ __ _ _(_)_ __  __ _ \ \ \ \
( ( )\___ | '_ | '_| | '_ \/ _` | \ \ \ \
 \\/  ___)| |_)| | | | | || (_| |  ) ) ) )
  '  |____| .__|_| |_|_| |_\__, | / / / /
 =========|_|==============|___/=/_/_/_/
 :: Spring Boot ::        (v2.2.6.RELEASE)

2021-08-15T19:24:36.485Z, INFO: Fetching config from server at : http://localhost:8888, thread: main, logger: o.s.c.c.c.ConfigServicePropertySourceLocator, host: DESKTOP-V44PB3K
2021-08-15T19:24:39.239Z, INFO: Connect Timeout Exception on Url - http://localhost:8888. Will be trying the next url if available, thread: main, logger: o.s.c.c.c.ConfigServicePropertySourceLocator, host: DESKTOP-V44PB3K
2021-08-15T19:24:39.239Z, WARN: Could not locate PropertySource: I/O error on GET request for "http://localhost:8888/demomsa/default": Connection refused: connect; nested exception is java.net.ConnectException: Connection refused: connect, thread: main, logger: o.s.c.c.c.ConfigServicePropertySourceLocator, host: DESKTOP-V44PB3K
2021-08-15T19:24:39.265Z, INFO: No active profile set, falling back to default profiles: default, thread: main, logger: r.d.m.r.SmsVerificationRepositoryTest, host: DESKTOP-V44PB3K
2021-08-15T19:24:42.178Z, INFO: Bootstrapping Spring Data 'JPA' repositories in 'DEFAULT' mode., thread: main, logger: o.s.d.r.c.RepositoryConfigurationDelegate, host: DESKTOP-V44PB3K
2021-08-15T19:24:42.721Z, INFO: Finished Spring Data repository scanning in 520ms. Found 1 'JPA' repository interfaces., thread: main, logger: o.s.d.r.c.RepositoryConfigurationDelegate, host: DESKTOP-V44PB3K
2021-08-15T19:24:44.824Z, WARN: Endpoint ID 'service-registry' contains invalid characters, please migrate to a valid format., thread: main, logger: o.s.b.a.e.EndpointId, host: DESKTOP-V44PB3K
2021-08-15T19:24:45.990Z, INFO: BeanFactory id=376e220b-10db-350e-a584-482c145ec110, thread: main, logger: o.s.c.c.s.GenericScope, host: DESKTOP-V44PB3K
2021-08-15T19:24:46.984Z, INFO: No bean named 'errorChannel' has been explicitly defined. Therefore, a default PublishSubscribeChannel will be created., thread: main, logger: o.s.i.c.DefaultConfiguringBeanFactoryPostProcessor, host: DESKTOP-V44PB3K
2021-08-15T19:24:47.009Z, INFO: No bean named 'taskScheduler' has been explicitly defined. Therefore, a default ThreadPoolTaskScheduler will be created., thread: main, logger: o.s.i.c.DefaultConfiguringBeanFactoryPostProcessor, host: DESKTOP-V44PB3K
2021-08-15T19:24:47.072Z, INFO: No bean named 'integrationHeaderChannelRegistry' has been explicitly defined. Therefore, a default DefaultHeaderChannelRegistry will be created., thread: main, logger: o.s.i.c.DefaultConfiguringBeanFactoryPostProcessor, host: DESKTOP-V44PB3K
2021-08-15T19:24:48.531Z, INFO: Bean 'org.springframework.security.config.annotation.configuration.ObjectPostProcessorConfiguration' of type [org.springframework.security.config.annotation.configuration.ObjectPostProcessorConfiguration] is not eligible for getting processed by all BeanPostProcessors (for example: not eligible for auto-proxying), thread: main, logger: o.s.c.s.PostProcessorRegistrationDelegate$BeanPostProcessorChecker, host: DESKTOP-V44PB3K
2021-08-15T19:24:48.568Z, INFO: Bean 'objectPostProcessor' of type [org.springframework.security.config.annotation.configuration.AutowireBeanFactoryObjectPostProcessor] is not eligible for getting processed by all BeanPostProcessors (for example: not eligible for auto-proxying), thread: main, logger: o.s.c.s.PostProcessorRegistrationDelegate$BeanPostProcessorChecker, host: DESKTOP-V44PB3K
2021-08-15T19:24:48.605Z, INFO: Bean 'org.springframework.security.access.expression.method.DefaultMethodSecurityExpressionHandler@7d4c44d2' of type [org.springframework.security.oauth2.provider.expression.OAuth2MethodSecurityExpressionHandler] is not eligible for getting processed by all BeanPostProcessors (for example: not eligible for auto-proxying), thread: main, logger: o.s.c.s.PostProcessorRegistrationDelegate$BeanPostProcessorChecker, host: DESKTOP-V44PB3K
2021-08-15T19:24:48.629Z, INFO: Bean 'org.springframework.security.config.annotation.method.configuration.GlobalMethodSecurityConfiguration' of type [org.springframework.security.config.annotation.method.configuration.GlobalMethodSecurityConfiguration] is not eligible for getting processed by all BeanPostProcessors (for example: not eligible for auto-proxying), thread: main, logger: o.s.c.s.PostProcessorRegistrationDelegate$BeanPostProcessorChecker, host: DESKTOP-V44PB3K
2021-08-15T19:24:48.738Z, INFO: Bean 'methodSecurityMetadataSource' of type [org.springframework.security.access.method.DelegatingMethodSecurityMetadataSource] is not eligible for getting processed by all BeanPostProcessors (for example: not eligible for auto-proxying), thread: main, logger: o.s.c.s.PostProcessorRegistrationDelegate$BeanPostProcessorChecker, host: DESKTOP-V44PB3K
2021-08-15T19:24:49.078Z, INFO: Bean 'integrationChannelResolver' of type [org.springframework.integration.support.channel.BeanFactoryChannelResolver] is not eligible for getting processed by all BeanPostProcessors (for example: not eligible for auto-proxying), thread: main, logger: o.s.c.s.PostProcessorRegistrationDelegate$BeanPostProcessorChecker, host: DESKTOP-V44PB3K
2021-08-15T19:24:49.097Z, INFO: Bean 'integrationDisposableAutoCreatedBeans' of type [org.springframework.integration.config.annotation.Disposables] is not eligible for getting processed by all BeanPostProcessors (for example: not eligible for auto-proxying), thread: main, logger: o.s.c.s.PostProcessorRegistrationDelegate$BeanPostProcessorChecker, host: DESKTOP-V44PB3K
2021-08-15T19:24:49.199Z, INFO: Bean 'queryDslValueOperatorsConfig' of type [ru.diasoft.micro.querydsl.config.QueryDslValueOperatorsConfig$$EnhancerBySpringCGLIB$$7e0bfd86] is not eligible for getting processed by all BeanPostProcessors (for example: not eligible for auto-proxying), thread: main, logger: o.s.c.s.PostProcessorRegistrationDelegate$BeanPostProcessorChecker, host: DESKTOP-V44PB3K
2021-08-15T19:24:49.236Z, INFO: Bean 'org.springframework.data.web.config.QuerydslWebConfiguration' of type [org.springframework.data.web.config.QuerydslWebConfiguration$$EnhancerBySpringCGLIB$$720e32ad] is not eligible for getting processed by all BeanPostProcessors (for example: not eligible for auto-proxying), thread: main, logger: o.s.c.s.PostProcessorRegistrationDelegate$BeanPostProcessorChecker, host: DESKTOP-V44PB3K
2021-08-15T19:24:49.382Z, INFO: Bean '(inner bean)#5b433123' of type [org.springframework.beans.factory.config.PropertiesFactoryBean] is not eligible for getting processed by all BeanPostProcessors (for example: not eligible for auto-proxying), thread: main, logger: o.s.c.s.PostProcessorRegistrationDelegate$BeanPostProcessorChecker, host: DESKTOP-V44PB3K
2021-08-15T19:24:49.404Z, INFO: Bean '(inner bean)#5b433123' of type [java.util.Properties] is not eligible for getting processed by all BeanPostProcessors (for example: not eligible for auto-proxying), thread: main, logger: o.s.c.s.PostProcessorRegistrationDelegate$BeanPostProcessorChecker, host: DESKTOP-V44PB3K
2021-08-15T19:24:49.473Z, INFO: Bean '(inner bean)#6f555a82' of type [org.springframework.data.repository.core.support.PropertiesBasedNamedQueries] is not eligible for getting processed by all BeanPostProcessors (for example: not eligible for auto-proxying), thread: main, logger: o.s.c.s.PostProcessorRegistrationDelegate$BeanPostProcessorChecker, host: DESKTOP-V44PB3K
2021-08-15T19:24:49.495Z, INFO: Bean '(inner bean)#7877e8f7' of type [org.springframework.data.repository.core.support.RepositoryFragmentsFactoryBean] is not eligible for getting processed by all BeanPostProcessors (for example: not eligible for auto-proxying), thread: main, logger: o.s.c.s.PostProcessorRegistrationDelegate$BeanPostProcessorChecker, host: DESKTOP-V44PB3K
2021-08-15T19:24:49.513Z, INFO: Bean '(inner bean)#7877e8f7' of type [org.springframework.data.repository.core.support.RepositoryComposition$RepositoryFragments] is not eligible for getting processed by all BeanPostProcessors (for example: not eligible for auto-proxying), thread: main, logger: o.s.c.s.PostProcessorRegistrationDelegate$BeanPostProcessorChecker, host: DESKTOP-V44PB3K
2021-08-15T19:24:49.616Z, INFO: Bean 'org.springframework.boot.autoconfigure.cache.SimpleCacheConfiguration' of type [org.springframework.boot.autoconfigure.cache.SimpleCacheConfiguration] is not eligible for getting processed by all BeanPostProcessors (for example: not eligible for auto-proxying), thread: main, logger: o.s.c.s.PostProcessorRegistrationDelegate$BeanPostProcessorChecker, host: DESKTOP-V44PB3K
2021-08-15T19:24:49.665Z, INFO: Bean 'org.springframework.cloud.stream.config.BindersHealthIndicatorAutoConfiguration' of type [org.springframework.cloud.stream.config.BindersHealthIndicatorAutoConfiguration$$EnhancerBySpringCGLIB$$997e5a60] is not eligible for getting processed by all BeanPostProcessors (for example: not eligible for auto-proxying), thread: main, logger: o.s.c.s.PostProcessorRegistrationDelegate$BeanPostProcessorChecker, host: DESKTOP-V44PB3K
2021-08-15T19:24:49.693Z, INFO: Bean 'bindersHealthContributor' of type [org.springframework.cloud.stream.config.BindersHealthIndicatorAutoConfiguration$BindersHealthContributor] is not eligible for getting processed by all BeanPostProcessors (for example: not eligible for auto-proxying), thread: main, logger: o.s.c.s.PostProcessorRegistrationDelegate$BeanPostProcessorChecker, host: DESKTOP-V44PB3K
2021-08-15T19:24:49.723Z, INFO: Bean 'bindersHealthIndicatorListener' of type [org.springframework.cloud.stream.config.BindersHealthIndicatorAutoConfiguration$BindersHealthIndicatorListener] is not eligible for getting processed by all BeanPostProcessors (for example: not eligible for auto-proxying), thread: main, logger: o.s.c.s.PostProcessorRegistrationDelegate$BeanPostProcessorChecker, host: DESKTOP-V44PB3K
2021-08-15T19:24:49.758Z, INFO: Bean 'org.springframework.cloud.stream.binder.kafka.config.ExtendedBindingHandlerMappingsProviderConfiguration' of type [org.springframework.cloud.stream.binder.kafka.config.ExtendedBindingHandlerMappingsProviderConfiguration$$EnhancerBySpringCGLIB$$44d1d9f5] is not eligible for getting processed by all BeanPostProcessors (for example: not eligible for auto-proxying), thread: main, logger: o.s.c.s.PostProcessorRegistrationDelegate$BeanPostProcessorChecker, host: DESKTOP-V44PB3K
2021-08-15T19:24:49.774Z, INFO: Bean 'kafkaExtendedPropertiesDefaultMappingsProvider' of type [org.springframework.cloud.stream.binder.kafka.config.ExtendedBindingHandlerMappingsProviderConfiguration$$Lambda$806/1297407712] is not eligible for getting processed by all BeanPostProcessors (for example: not eligible for auto-proxying), thread: main, logger: o.s.c.s.PostProcessorRegistrationDelegate$BeanPostProcessorChecker, host: DESKTOP-V44PB3K
2021-08-15T19:24:49.884Z, INFO: Bean 'BindingHandlerAdvise' of type [org.springframework.cloud.stream.config.BindingHandlerAdvise] is not eligible for getting processed by all BeanPostProcessors (for example: not eligible for auto-proxying), thread: main, logger: o.s.c.s.PostProcessorRegistrationDelegate$BeanPostProcessorChecker, host: DESKTOP-V44PB3K
2021-08-15T19:24:49.940Z, INFO: Bean 'spelConverter' of type [org.springframework.cloud.stream.config.SpelExpressionConverterConfiguration$SpelConverter] is not eligible for getting processed by all BeanPostProcessors (for example: not eligible for auto-proxying), thread: main, logger: o.s.c.s.PostProcessorRegistrationDelegate$BeanPostProcessorChecker, host: DESKTOP-V44PB3K
2021-08-15T19:24:49.968Z, INFO: Bean 'spring.cache-org.springframework.boot.autoconfigure.cache.CacheProperties' of type [org.springframework.boot.autoconfigure.cache.CacheProperties] is not eligible for getting processed by all BeanPostProcessors (for example: not eligible for auto-proxying), thread: main, logger: o.s.c.s.PostProcessorRegistrationDelegate$BeanPostProcessorChecker, host: DESKTOP-V44PB3K
2021-08-15T19:24:49.988Z, INFO: Bean 'org.springframework.boot.autoconfigure.cache.CacheAutoConfiguration' of type [org.springframework.boot.autoconfigure.cache.CacheAutoConfiguration] is not eligible for getting processed by all BeanPostProcessors (for example: not eligible for auto-proxying), thread: main, logger: o.s.c.s.PostProcessorRegistrationDelegate$BeanPostProcessorChecker, host: DESKTOP-V44PB3K
2021-08-15T19:24:50.015Z, INFO: Bean 'cacheManagerCustomizers' of type [org.springframework.boot.autoconfigure.cache.CacheManagerCustomizers] is not eligible for getting processed by all BeanPostProcessors (for example: not eligible for auto-proxying), thread: main, logger: o.s.c.s.PostProcessorRegistrationDelegate$BeanPostProcessorChecker, host: DESKTOP-V44PB3K
2021-08-15T19:24:50.042Z, INFO: Bean 'cacheManager' of type [org.springframework.cache.concurrent.ConcurrentMapCacheManager] is not eligible for getting processed by all BeanPostProcessors (for example: not eligible for auto-proxying), thread: main, logger: o.s.c.s.PostProcessorRegistrationDelegate$BeanPostProcessorChecker, host: DESKTOP-V44PB3K
2021-08-15T19:24:50.072Z, INFO: Bean 'spring.liquibase-org.springframework.boot.autoconfigure.liquibase.LiquibaseProperties' of type [org.springframework.boot.autoconfigure.liquibase.LiquibaseProperties] is not eligible for getting processed by all BeanPostProcessors (for example: not eligible for auto-proxying), thread: main, logger: o.s.c.s.PostProcessorRegistrationDelegate$BeanPostProcessorChecker, host: DESKTOP-V44PB3K
2021-08-15T19:24:50.091Z, INFO: Bean 'org.springframework.boot.autoconfigure.liquibase.LiquibaseAutoConfiguration$LiquibaseConfiguration' of type [org.springframework.boot.autoconfigure.liquibase.LiquibaseAutoConfiguration$LiquibaseConfiguration] is not eligible for getting processed by all BeanPostProcessors (for example: not eligible for auto-proxying), thread: main, logger: o.s.c.s.PostProcessorRegistrationDelegate$BeanPostProcessorChecker, host: DESKTOP-V44PB3K
2021-08-15T19:24:50.153Z, INFO: Bean 'spring.datasource-org.springframework.boot.autoconfigure.jdbc.DataSourceProperties' of type [org.springframework.boot.autoconfigure.jdbc.DataSourceProperties] is not eligible for getting processed by all BeanPostProcessors (for example: not eligible for auto-proxying), thread: main, logger: o.s.c.s.PostProcessorRegistrationDelegate$BeanPostProcessorChecker, host: DESKTOP-V44PB3K
2021-08-15T19:24:50.188Z, INFO: Bean 'org.springframework.boot.autoconfigure.jdbc.DataSourceConfiguration$Hikari' of type [org.springframework.boot.autoconfigure.jdbc.DataSourceConfiguration$Hikari] is not eligible for getting processed by all BeanPostProcessors (for example: not eligible for auto-proxying), thread: main, logger: o.s.c.s.PostProcessorRegistrationDelegate$BeanPostProcessorChecker, host: DESKTOP-V44PB3K
2021-08-15T19:24:50.371Z, INFO: Bean 'dataSource' of type [com.zaxxer.hikari.HikariDataSource] is not eligible for getting processed by all BeanPostProcessors (for example: not eligible for auto-proxying), thread: main, logger: o.s.c.s.PostProcessorRegistrationDelegate$BeanPostProcessorChecker, host: DESKTOP-V44PB3K
2021-08-15T19:24:50.481Z, INFO: Bean 'org.springframework.boot.autoconfigure.jdbc.DataSourceInitializerInvoker' of type [org.springframework.boot.autoconfigure.jdbc.DataSourceInitializerInvoker] is not eligible for getting processed by all BeanPostProcessors (for example: not eligible for auto-proxying), thread: main, logger: o.s.c.s.PostProcessorRegistrationDelegate$BeanPostProcessorChecker, host: DESKTOP-V44PB3K
2021-08-15T19:24:50.530Z, INFO: 'HikariPool-1' - Starting..., thread: main, logger: c.z.h.HikariDataSource, host: DESKTOP-V44PB3K
2021-08-15T19:24:51.302Z, INFO: 'HikariPool-1' - Start completed., thread: main, logger: c.z.h.HikariDataSource, host: DESKTOP-V44PB3K
2021-08-15T19:24:54.009Z, INFO: SELECT COUNT(*) FROM fsmsa.databasechangeloglock, thread: main, logger: l.e.j.JdbcExecutor, host: DESKTOP-V44PB3K
2021-08-15T19:24:54.050Z, INFO: SELECT COUNT(*) FROM fsmsa.databasechangeloglock, thread: main, logger: l.e.j.JdbcExecutor, host: DESKTOP-V44PB3K
2021-08-15T19:24:54.087Z, INFO: SELECT LOCKED FROM fsmsa.databasechangeloglock WHERE ID=1, thread: main, logger: l.e.j.JdbcExecutor, host: DESKTOP-V44PB3K
2021-08-15T19:24:54.257Z, INFO: Successfully acquired change log lock, thread: main, logger: l.l.StandardLockService, host: DESKTOP-V44PB3K
2021-08-15T19:24:56.492Z, INFO: SELECT MD5SUM FROM fsmsa.databasechangelog WHERE MD5SUM IS NOT NULL LIMIT 1, thread: main, logger: l.e.j.JdbcExecutor, host: DESKTOP-V44PB3K
2021-08-15T19:24:56.523Z, INFO: SELECT COUNT(*) FROM fsmsa.databasechangelog, thread: main, logger: l.e.j.JdbcExecutor, host: DESKTOP-V44PB3K
2021-08-15T19:24:56.573Z, INFO: Reading from fsmsa.databasechangelog, thread: main, logger: l.c.StandardChangeLogHistoryService, host: DESKTOP-V44PB3K
2021-08-15T19:24:56.574Z, INFO: SELECT * FROM fsmsa.databasechangelog ORDER BY DATEEXECUTED ASC, ORDEREXECUTED ASC, thread: main, logger: l.e.j.JdbcExecutor, host: DESKTOP-V44PB3K
2021-08-15T19:24:56.779Z, INFO: Successfully released change log lock, thread: main, logger: l.l.StandardLockService, host: DESKTOP-V44PB3K
2021-08-15T19:24:56.779Z, INFO: Bean 'liquibase' of type [liquibase.integration.spring.SpringLiquibase] is not eligible for getting processed by all BeanPostProcessors (for example: not eligible for auto-proxying), thread: main, logger: o.s.c.s.PostProcessorRegistrationDelegate$BeanPostProcessorChecker, host: DESKTOP-V44PB3K
2021-08-15T19:24:56.816Z, INFO: Bean 'spring.jpa-org.springframework.boot.autoconfigure.orm.jpa.JpaProperties' of type [org.springframework.boot.autoconfigure.orm.jpa.JpaProperties] is not eligible for getting processed by all BeanPostProcessors (for example: not eligible for auto-proxying), thread: main, logger: o.s.c.s.PostProcessorRegistrationDelegate$BeanPostProcessorChecker, host: DESKTOP-V44PB3K
2021-08-15T19:24:56.843Z, INFO: Bean 'spring.jpa.hibernate-org.springframework.boot.autoconfigure.orm.jpa.HibernateProperties' of type [org.springframework.boot.autoconfigure.orm.jpa.HibernateProperties] is not eligible for getting processed by all BeanPostProcessors (for example: not eligible for auto-proxying), thread: main, logger: o.s.c.s.PostProcessorRegistrationDelegate$BeanPostProcessorChecker, host: DESKTOP-V44PB3K
2021-08-15T19:24:56.876Z, INFO: Bean 'org.springframework.boot.autoconfigure.jdbc.metadata.DataSourcePoolMetadataProvidersConfiguration$HikariPoolDataSourceMetadataProviderConfiguration' of type [org.springframework.boot.autoconfigure.jdbc.metadata.DataSourcePoolMetadataProvidersConfiguration$HikariPoolDataSourceMetadataProviderConfiguration] is not eligible for getting processed by all BeanPostProcessors (for example: not eligible for auto-proxying), thread: main, logger: o.s.c.s.PostProcessorRegistrationDelegate$BeanPostProcessorChecker, host: DESKTOP-V44PB3K
2021-08-15T19:24:56.896Z, INFO: Bean 'hikariPoolDataSourceMetadataProvider' of type [org.springframework.boot.autoconfigure.jdbc.metadata.DataSourcePoolMetadataProvidersConfiguration$HikariPoolDataSourceMetadataProviderConfiguration$$Lambda$830/30601171] is not eligible for getting processed by all BeanPostProcessors (for example: not eligible for auto-proxying), thread: main, logger: o.s.c.s.PostProcessorRegistrationDelegate$BeanPostProcessorChecker, host: DESKTOP-V44PB3K
2021-08-15T19:24:56.962Z, INFO: Bean 'org.springframework.boot.autoconfigure.orm.jpa.HibernateJpaConfiguration' of type [org.springframework.boot.autoconfigure.orm.jpa.HibernateJpaConfiguration] is not eligible for getting processed by all BeanPostProcessors (for example: not eligible for auto-proxying), thread: main, logger: o.s.c.s.PostProcessorRegistrationDelegate$BeanPostProcessorChecker, host: DESKTOP-V44PB3K
2021-08-15T19:24:57.039Z, INFO: Bean 'jpaVendorAdapter' of type [org.springframework.orm.jpa.vendor.HibernateJpaVendorAdapter] is not eligible for getting processed by all BeanPostProcessors (for example: not eligible for auto-proxying), thread: main, logger: o.s.c.s.PostProcessorRegistrationDelegate$BeanPostProcessorChecker, host: DESKTOP-V44PB3K
2021-08-15T19:24:57.066Z, INFO: Bean 'entityManagerFactoryBuilder' of type [org.springframework.boot.orm.jpa.EntityManagerFactoryBuilder] is not eligible for getting processed by all BeanPostProcessors (for example: not eligible for auto-proxying), thread: main, logger: o.s.c.s.PostProcessorRegistrationDelegate$BeanPostProcessorChecker, host: DESKTOP-V44PB3K
2021-08-15T19:24:57.217Z, INFO: HHH000204: Processing PersistenceUnitInfo [name: default], thread: main, logger: o.h.j.i.u.LogHelper, host: DESKTOP-V44PB3K
2021-08-15T19:24:57.443Z, INFO: HHH000412: Hibernate ORM core version 5.4.12.Final, thread: main, logger: o.h.Version, host: DESKTOP-V44PB3K
2021-08-15T19:24:57.874Z, INFO: HCANN000001: Hibernate Commons Annotations {5.1.0.Final}, thread: main, logger: o.h.a.c.Version, host: DESKTOP-V44PB3K
2021-08-15T19:24:58.242Z, INFO: HHH000400: Using dialect: org.hibernate.dialect.PostgreSQL95Dialect, thread: main, logger: o.h.d.Dialect, host: DESKTOP-V44PB3K
2021-08-15T19:25:00.747Z, INFO: HHH000490: Using JtaPlatform implementation: [org.hibernate.engine.transaction.jta.platform.internal.NoJtaPlatform], thread: main, logger: o.h.e.t.j.p.i.JtaPlatformInitiator, host: DESKTOP-V44PB3K
2021-08-15T19:25:00.764Z, INFO: Initialized JPA EntityManagerFactory for persistence unit 'default', thread: main, logger: o.s.o.j.LocalContainerEntityManagerFactoryBean, host: DESKTOP-V44PB3K
2021-08-15T19:25:00.767Z, INFO: Bean 'entityManagerFactory' of type [org.springframework.orm.jpa.LocalContainerEntityManagerFactoryBean] is not eligible for getting processed by all BeanPostProcessors (for example: not eligible for auto-proxying), thread: main, logger: o.s.c.s.PostProcessorRegistrationDelegate$BeanPostProcessorChecker, host: DESKTOP-V44PB3K
2021-08-15T19:25:00.816Z, INFO: Bean 'entityManagerFactory' of type [com.sun.proxy.$Proxy220] is not eligible for getting processed by all BeanPostProcessors (for example: not eligible for auto-proxying), thread: main, logger: o.s.c.s.PostProcessorRegistrationDelegate$BeanPostProcessorChecker, host: DESKTOP-V44PB3K
2021-08-15T19:25:00.931Z, INFO: Bean '(inner bean)#44641337' of type [com.sun.proxy.$Proxy224] is not eligible for getting processed by all BeanPostProcessors (for example: not eligible for auto-proxying), thread: main, logger: o.s.c.s.PostProcessorRegistrationDelegate$BeanPostProcessorChecker, host: DESKTOP-V44PB3K
2021-08-15T19:25:01.023Z, INFO: Bean 'jpaMappingContext' of type [org.springframework.data.jpa.repository.config.JpaMetamodelMappingContextFactoryBean] is not eligible for getting processed by all BeanPostProcessors (for example: not eligible for auto-proxying), thread: main, logger: o.s.c.s.PostProcessorRegistrationDelegate$BeanPostProcessorChecker, host: DESKTOP-V44PB3K
2021-08-15T19:25:01.045Z, INFO: Bean 'jpaMappingContext' of type [org.springframework.data.jpa.mapping.JpaMetamodelMappingContext] is not eligible for getting processed by all BeanPostProcessors (for example: not eligible for auto-proxying), thread: main, logger: o.s.c.s.PostProcessorRegistrationDelegate$BeanPostProcessorChecker, host: DESKTOP-V44PB3K
2021-08-15T19:25:02.427Z, INFO: Bean 'smsVerificationRepository' of type [org.springframework.data.jpa.repository.support.JpaRepositoryFactoryBean] is not eligible for getting processed by all BeanPostProcessors (for example: not eligible for auto-proxying), thread: main, logger: o.s.c.s.PostProcessorRegistrationDelegate$BeanPostProcessorChecker, host: DESKTOP-V44PB3K
2021-08-15T19:25:02.476Z, INFO: Bean 'querydslBindingsFactory' of type [org.springframework.data.querydsl.binding.QuerydslBindingsFactory] is not eligible for getting processed by all BeanPostProcessors (for example: not eligible for auto-proxying), thread: main, logger: o.s.c.s.PostProcessorRegistrationDelegate$BeanPostProcessorChecker, host: DESKTOP-V44PB3K
2021-08-15T19:25:02.532Z, INFO: Bean 'defaultFormattingConfig' of type [ru.diasoft.micro.lib.config.DefaultFormattingConfig$$EnhancerBySpringCGLIB$$84608d83] is not eligible for getting processed by all BeanPostProcessors (for example: not eligible for auto-proxying), thread: main, logger: o.s.c.s.PostProcessorRegistrationDelegate$BeanPostProcessorChecker, host: DESKTOP-V44PB3K
2021-08-15T19:25:02.610Z, INFO: Bean 'defaultFormattingConversionService' of type [org.springframework.format.support.DefaultFormattingConversionService] is not eligible for getting processed by all BeanPostProcessors (for example: not eligible for auto-proxying), thread: main, logger: o.s.c.s.PostProcessorRegistrationDelegate$BeanPostProcessorChecker, host: DESKTOP-V44PB3K
2021-08-15T19:25:02.866Z, INFO: Bean 'org.springframework.integration.config.IntegrationManagementConfiguration' of type [org.springframework.integration.config.IntegrationManagementConfiguration] is not eligible for getting processed by all BeanPostProcessors (for example: not eligible for auto-proxying), thread: main, logger: o.s.c.s.PostProcessorRegistrationDelegate$BeanPostProcessorChecker, host: DESKTOP-V44PB3K
2021-08-15T19:25:03.038Z, INFO: Bean 'org.springframework.cloud.client.loadbalancer.reactive.LoadBalancerBeanPostProcessorAutoConfiguration' of type [org.springframework.cloud.client.loadbalancer.reactive.LoadBalancerBeanPostProcessorAutoConfiguration] is not eligible for getting processed by all BeanPostProcessors (for example: not eligible for auto-proxying), thread: main, logger: o.s.c.s.PostProcessorRegistrationDelegate$BeanPostProcessorChecker, host: DESKTOP-V44PB3K
2021-08-15T19:25:03.059Z, INFO: Bean 'org.springframework.cloud.client.loadbalancer.reactive.LoadBalancerBeanPostProcessorAutoConfiguration$ReactiveLoadBalancerConfig' of type [org.springframework.cloud.client.loadbalancer.reactive.LoadBalancerBeanPostProcessorAutoConfiguration$ReactiveLoadBalancerConfig] is not eligible for getting processed by all BeanPostProcessors (for example: not eligible for auto-proxying), thread: main, logger: o.s.c.s.PostProcessorRegistrationDelegate$BeanPostProcessorChecker, host: DESKTOP-V44PB3K
2021-08-15T19:25:03.073Z, INFO: Bean 'deferringLoadBalancerExchangeFilterFunction' of type [org.springframework.cloud.client.loadbalancer.reactive.DeferringLoadBalancerExchangeFilterFunction] is not eligible for getting processed by all BeanPostProcessors (for example: not eligible for auto-proxying), thread: main, logger: o.s.c.s.PostProcessorRegistrationDelegate$BeanPostProcessorChecker, host: DESKTOP-V44PB3K
2021-08-15T19:25:04.314Z, INFO: Initializing ExecutorService 'taskScheduler', thread: main, logger: o.s.s.c.ThreadPoolTaskScheduler, host: DESKTOP-V44PB3K
2021-08-15T19:25:07.298Z, INFO: 'Eureka' server 'http://localhost:8761/eureka/' is not available, thread: main, logger: r.d.m.m.l.m.s.AvailabilityServer, host: DESKTOP-V44PB3K
2021-08-15T19:25:07.298Z, INFO: 'Kubernetes' server is not available, thread: main, logger: r.d.m.m.l.m.s.AvailabilityServer, host: DESKTOP-V44PB3K
2021-08-15T19:25:07.494Z, INFO: MDPRibbon Discovery Client initializing, thread: main, logger: r.d.m.m.l.m.MDPRibbonAutoConfiguration, host: DESKTOP-V44PB3K
2021-08-15T19:25:09.657Z, WARN: spring.jpa.open-in-view is enabled by default. Therefore, database queries may be performed during view rendering. Explicitly configure spring.jpa.open-in-view to disable this warning, thread: main, logger: o.s.b.a.o.j.JpaBaseConfiguration$JpaWebConfiguration, host: DESKTOP-V44PB3K
2021-08-15T19:25:10.314Z, WARN: No URLs will be polled as dynamic configuration sources., thread: main, logger: c.n.c.s.URLConfigurationSource, host: DESKTOP-V44PB3K
2021-08-15T19:25:10.314Z, INFO: To enable URLs as dynamic configuration sources, define System property archaius.configurationSource.additionalUrls or make config.properties available on classpath., thread: main, logger: c.n.c.s.URLConfigurationSource, host: DESKTOP-V44PB3K
2021-08-15T19:25:10.377Z, INFO: DynamicPropertyFactory is initialized with configuration sources: com.netflix.config.ConcurrentCompositeConfiguration@6b9ce156, thread: main, logger: c.n.c.DynamicPropertyFactory, host: DESKTOP-V44PB3K
2021-08-15T19:25:13.375Z, INFO: Exposing 2 endpoint(s) beneath base path '/actuator', thread: main, logger: o.s.b.a.e.w.EndpointLinksResolver, host: DESKTOP-V44PB3K
2021-08-15T19:25:16.358Z, WARN: No URLs will be polled as dynamic configuration sources., thread: main, logger: c.n.c.s.URLConfigurationSource, host: DESKTOP-V44PB3K, service: demomsa
2021-08-15T19:25:16.358Z, INFO: To enable URLs as dynamic configuration sources, define System property archaius.configurationSource.additionalUrls or make config.properties available on classpath., thread: main, logger: c.n.c.s.URLConfigurationSource, host: DESKTOP-V44PB3K, service: demomsa
2021-08-15T19:25:16.870Z, INFO: Initializing ExecutorService 'applicationTaskExecutor', thread: main, logger: o.s.s.c.ThreadPoolTaskExecutor, host: DESKTOP-V44PB3K, service: demomsa
2021-08-15T19:25:18.501Z, INFO: Functional binding is disabled due to the presense of @EnableBinding annotation in your configuration, thread: main, logger: o.s.c.s.f.FunctionConfiguration$FunctionBindingRegistrar, host: DESKTOP-V44PB3K, service: demomsa
2021-08-15T19:25:19.050Z, INFO: 

Using generated security password: 3b67da11-ae35-4118-a9f6-10b0d2bc0cf7
, thread: main, logger: o.s.b.a.s.s.UserDetailsServiceAutoConfiguration, host: DESKTOP-V44PB3K, service: demomsa
2021-08-15T19:25:19.917Z, INFO: Creating filter chain: any request, [org.springframework.security.web.context.request.async.WebAsyncManagerIntegrationFilter@731595d8, org.springframework.security.web.context.SecurityContextPersistenceFilter@3ab722fd, org.springframework.security.web.header.HeaderWriterFilter@bc864c, org.springframework.security.web.authentication.logout.LogoutFilter@59ab4f56, org.springframework.security.oauth2.provider.authentication.OAuth2AuthenticationProcessingFilter@4ab95710, org.springframework.security.web.savedrequest.RequestCacheAwareFilter@13e03310, org.springframework.security.web.servletapi.SecurityContextHolderAwareRequestFilter@7166ecc0, org.springframework.security.web.authentication.AnonymousAuthenticationFilter@575121db, org.springframework.security.web.session.SessionManagementFilter@29cb380f, org.springframework.security.web.access.ExceptionTranslationFilter@49d1a188, org.springframework.security.web.access.intercept.FilterSecurityInterceptor@77cd0445], thread: main, logger: o.s.s.w.DefaultSecurityFilterChain, host: DESKTOP-V44PB3K, service: demomsa
2021-08-15T19:25:23.575Z, WARN: You already have RibbonLoadBalancerClient on your classpath. It will be used by default. As Spring Cloud Ribbon is in maintenance mode. We recommend switching to BlockingLoadBalancerClient instead. In order to use it, set the value of `spring.cloud.loadbalancer.ribbon.enabled` to `false` or remove spring-cloud-starter-netflix-ribbon from your project., thread: main, logger: o.s.c.l.c.BlockingLoadBalancerClientAutoConfiguration$BlockingLoadBalancerClientRibbonWarnLogger, host: DESKTOP-V44PB3K, service: demomsa
2021-08-15T19:25:23.851Z, WARN: You have RibbonLoadBalancerClient on your classpath. LoadBalancerExchangeFilterFunction that uses it under the hood will be used by default. Spring Cloud Ribbon is now in maintenance mode, so we suggest switching to ReactorLoadBalancerExchangeFilterFunction instead. In order to use it, set the value of `spring.cloud.loadbalancer.ribbon.enabled` to `false` or remove spring-cloud-starter-netflix-ribbon from your project., thread: main, logger: o.s.c.c.l.r.ReactorLoadBalancerClientAutoConfiguration$ReactorLoadBalancerClientRibbonWarnLogger, host: DESKTOP-V44PB3K, service: demomsa
2021-08-15T19:25:24.260Z, WARN: All Spring Cloud Security modules and starters are deprecated. They will be moved to individual projects in the next major release., thread: main, logger: o.s.c.s.o.SpringCloudSecurityAutoConfiguration, host: DESKTOP-V44PB3K, service: demomsa
2021-08-15T19:25:25.451Z, WARN: Check result of the [org.springframework.cloud.sleuth.zipkin2.sender.RestTemplateSender@3c43b55c] contains an error [CheckResult{ok=false, error=org.springframework.web.client.ResourceAccessException: I/O error on POST request for "http://localhost:9411/api/v2/spans": connect timed out; nested exception is java.net.SocketTimeoutException: connect timed out}], thread: main, logger: o.s.c.s.z.ZipkinAutoConfiguration, host: DESKTOP-V44PB3K, service: demomsa
2021-08-15T19:25:27.201Z, INFO: Channel 'demomsa-1.smsVerificationDeliveredSubscribe' has 1 subscriber(s)., thread: main, logger: o.s.c.s.m.DirectWithAttributesChannel, host: DESKTOP-V44PB3K, service: demomsa
2021-08-15T19:25:27.251Z, INFO: Adding {logging-channel-adapter:_org.springframework.integration.errorLogger} as a subscriber to the 'errorChannel' channel, thread: main, logger: o.s.i.e.EventDrivenConsumer, host: DESKTOP-V44PB3K, service: demomsa
2021-08-15T19:25:27.251Z, INFO: Channel 'demomsa-1.errorChannel' has 1 subscriber(s)., thread: main, logger: o.s.i.c.PublishSubscribeChannel, host: DESKTOP-V44PB3K, service: demomsa
2021-08-15T19:25:27.251Z, INFO: started bean '_org.springframework.integration.errorLogger', thread: main, logger: o.s.i.e.EventDrivenConsumer, host: DESKTOP-V44PB3K, service: demomsa
2021-08-15T19:25:27.254Z, INFO: Creating binder: binderName, thread: main, logger: o.s.c.s.b.DefaultBinderFactory, host: DESKTOP-V44PB3K, service: demomsa
2021-08-15 22:25:28,102 main WARN No Docker URI provided. Docker information is unavailable
2021-08-15 22:25:28,103 main WARN Unable to read container information: no protocol: null/containers/json
2021-08-15 22:25:28,111 main WARN No Docker URI provided. Docker information is unavailable
2021-08-15 22:25:28,111 main WARN Unable to read container information: no protocol: null/containers/json
2021-08-15T19:25:28.164Z, INFO: Fetching config from server at : http://localhost:8888, thread: main, logger: o.s.c.c.c.ConfigServicePropertySourceLocator, host: DESKTOP-V44PB3K, service: demomsa
2021-08-15T19:25:30.182Z, INFO: Connect Timeout Exception on Url - http://localhost:8888. Will be trying the next url if available, thread: main, logger: o.s.c.c.c.ConfigServicePropertySourceLocator, host: DESKTOP-V44PB3K, service: demomsa
2021-08-15T19:25:30.182Z, WARN: Could not locate PropertySource: I/O error on GET request for "http://localhost:8888/demomsa/default": Connection refused: connect; nested exception is java.net.ConnectException: Connection refused: connect, thread: main, logger: o.s.c.c.c.ConfigServicePropertySourceLocator, host: DESKTOP-V44PB3K, service: demomsa
2021-08-15T19:25:30.518Z, INFO: Caching the binder: binderName, thread: main, logger: o.s.c.s.b.DefaultBinderFactory, host: DESKTOP-V44PB3K, service: demomsa
2021-08-15T19:25:30.518Z, INFO: Retrieving cached binder: binderName, thread: main, logger: o.s.c.s.b.DefaultBinderFactory, host: DESKTOP-V44PB3K, service: demomsa
2021-08-15T19:25:30.702Z, INFO: Using kafka topic for outbound: sms-verification-created, thread: main, logger: o.s.c.s.b.k.p.KafkaTopicProvisioner, host: DESKTOP-V44PB3K, service: demomsa
2021-08-15T19:25:30.713Z, INFO: AdminClientConfig values: 
	bootstrap.servers = [localhost:9092]
	client.dns.lookup = default
	client.id = 
	connections.max.idle.ms = 300000
	metadata.max.age.ms = 300000
	metric.reporters = []
	metrics.num.samples = 2
	metrics.recording.level = INFO
	metrics.sample.window.ms = 30000
	receive.buffer.bytes = 65536
	reconnect.backoff.max.ms = 1000
	reconnect.backoff.ms = 50
	request.timeout.ms = 120000
	retries = 5
	retry.backoff.ms = 100
	sasl.client.callback.handler.class = null
	sasl.jaas.config = null
	sasl.kerberos.kinit.cmd = /usr/bin/kinit
	sasl.kerberos.min.time.before.relogin = 60000
	sasl.kerberos.service.name = null
	sasl.kerberos.ticket.renew.jitter = 0.05
	sasl.kerberos.ticket.renew.window.factor = 0.8
	sasl.login.callback.handler.class = null
	sasl.login.class = null
	sasl.login.refresh.buffer.seconds = 300
	sasl.login.refresh.min.period.seconds = 60
	sasl.login.refresh.window.factor = 0.8
	sasl.login.refresh.window.jitter = 0.05
	sasl.mechanism = GSSAPI
	security.protocol = PLAINTEXT
	send.buffer.bytes = 131072
	ssl.cipher.suites = null
	ssl.enabled.protocols = [TLSv1.2, TLSv1.1, TLSv1]
	ssl.endpoint.identification.algorithm = https
	ssl.key.password = null
	ssl.keymanager.algorithm = SunX509
	ssl.keystore.location = null
	ssl.keystore.password = null
	ssl.keystore.type = JKS
	ssl.protocol = TLS
	ssl.provider = null
	ssl.secure.random.implementation = null
	ssl.trustmanager.algorithm = PKIX
	ssl.truststore.location = null
	ssl.truststore.password = null
	ssl.truststore.type = JKS
, thread: main, logger: o.a.k.c.a.AdminClientConfig, host: DESKTOP-V44PB3K, service: demomsa
2021-08-15T19:25:30.890Z, INFO: Kafka version: '2.3.1', thread: main, logger: o.a.k.c.u.AppInfoParser, host: DESKTOP-V44PB3K, service: demomsa
2021-08-15T19:25:30.890Z, INFO: Kafka commitId: '18a913733fb71c01', thread: main, logger: o.a.k.c.u.AppInfoParser, host: DESKTOP-V44PB3K, service: demomsa
2021-08-15T19:25:30.890Z, INFO: Kafka startTimeMs: 1629055530885, thread: main, logger: o.a.k.c.u.AppInfoParser, host: DESKTOP-V44PB3K, service: demomsa
2021-08-15T19:25:32.910Z, WARN: [AdminClient clientId=adminclient-1] Connection to node -1 (localhost/127.0.0.1:9092) could not be established. Broker may not be available., thread: kafka-admin-client-thread | adminclient-1, logger: o.a.k.c.NetworkClient, host: DESKTOP-V44PB3K, service: demomsa
2021-08-15T19:25:35.021Z, WARN: [AdminClient clientId=adminclient-1] Connection to node -1 (localhost/127.0.0.1:9092) could not be established. Broker may not be available., thread: kafka-admin-client-thread | adminclient-1, logger: o.a.k.c.NetworkClient, host: DESKTOP-V44PB3K, service: demomsa
2021-08-15T19:25:37.126Z, WARN: [AdminClient clientId=adminclient-1] Connection to node -1 (localhost/127.0.0.1:9092) could not be established. Broker may not be available., thread: kafka-admin-client-thread | adminclient-1, logger: o.a.k.c.NetworkClient, host: DESKTOP-V44PB3K, service: demomsa
2021-08-15T19:25:39.433Z, WARN: [AdminClient clientId=adminclient-1] Connection to node -1 (localhost/127.0.0.1:9092) could not be established. Broker may not be available., thread: kafka-admin-client-thread | adminclient-1, logger: o.a.k.c.NetworkClient, host: DESKTOP-V44PB3K, service: demomsa
2021-08-15T19:25:41.940Z, WARN: [AdminClient clientId=adminclient-1] Connection to node -1 (localhost/127.0.0.1:9092) could not be established. Broker may not be available., thread: kafka-admin-client-thread | adminclient-1, logger: o.a.k.c.NetworkClient, host: DESKTOP-V44PB3K, service: demomsa
2021-08-15T19:25:44.645Z, WARN: [AdminClient clientId=adminclient-1] Connection to node -1 (localhost/127.0.0.1:9092) could not be established. Broker may not be available., thread: kafka-admin-client-thread | adminclient-1, logger: o.a.k.c.NetworkClient, host: DESKTOP-V44PB3K, service: demomsa
2021-08-15T19:25:47.562Z, WARN: [AdminClient clientId=adminclient-1] Connection to node -1 (localhost/127.0.0.1:9092) could not be established. Broker may not be available., thread: kafka-admin-client-thread | adminclient-1, logger: o.a.k.c.NetworkClient, host: DESKTOP-V44PB3K, service: demomsa
2021-08-15T19:25:50.475Z, WARN: [AdminClient clientId=adminclient-1] Connection to node -1 (localhost/127.0.0.1:9092) could not be established. Broker may not be available., thread: kafka-admin-client-thread | adminclient-1, logger: o.a.k.c.NetworkClient, host: DESKTOP-V44PB3K, service: demomsa
2021-08-15T19:25:53.485Z, WARN: [AdminClient clientId=adminclient-1] Connection to node -1 (localhost/127.0.0.1:9092) could not be established. Broker may not be available., thread: kafka-admin-client-thread | adminclient-1, logger: o.a.k.c.NetworkClient, host: DESKTOP-V44PB3K, service: demomsa
2021-08-15T19:25:56.394Z, WARN: [AdminClient clientId=adminclient-1] Connection to node -1 (localhost/127.0.0.1:9092) could not be established. Broker may not be available., thread: kafka-admin-client-thread | adminclient-1, logger: o.a.k.c.NetworkClient, host: DESKTOP-V44PB3K, service: demomsa
2021-08-15T19:25:59.504Z, WARN: [AdminClient clientId=adminclient-1] Connection to node -1 (localhost/127.0.0.1:9092) could not be established. Broker may not be available., thread: kafka-admin-client-thread | adminclient-1, logger: o.a.k.c.NetworkClient, host: DESKTOP-V44PB3K, service: demomsa
2021-08-15T19:26:02.411Z, WARN: [AdminClient clientId=adminclient-1] Connection to node -1 (localhost/127.0.0.1:9092) could not be established. Broker may not be available., thread: kafka-admin-client-thread | adminclient-1, logger: o.a.k.c.NetworkClient, host: DESKTOP-V44PB3K, service: demomsa
2021-08-15T19:26:05.523Z, WARN: [AdminClient clientId=adminclient-1] Connection to node -1 (localhost/127.0.0.1:9092) could not be established. Broker may not be available., thread: kafka-admin-client-thread | adminclient-1, logger: o.a.k.c.NetworkClient, host: DESKTOP-V44PB3K, service: demomsa
2021-08-15T19:26:08.731Z, WARN: [AdminClient clientId=adminclient-1] Connection to node -1 (localhost/127.0.0.1:9092) could not be established. Broker may not be available., thread: kafka-admin-client-thread | adminclient-1, logger: o.a.k.c.NetworkClient, host: DESKTOP-V44PB3K, service: demomsa
2021-08-15T19:26:11.954Z, WARN: [AdminClient clientId=adminclient-1] Connection to node -1 (localhost/127.0.0.1:9092) could not be established. Broker may not be available., thread: kafka-admin-client-thread | adminclient-1, logger: o.a.k.c.NetworkClient, host: DESKTOP-V44PB3K, service: demomsa
2021-08-15T19:26:15.179Z, WARN: [AdminClient clientId=adminclient-1] Connection to node -1 (localhost/127.0.0.1:9092) could not be established. Broker may not be available., thread: kafka-admin-client-thread | adminclient-1, logger: o.a.k.c.NetworkClient, host: DESKTOP-V44PB3K, service: demomsa
2021-08-15T19:26:18.197Z, WARN: [AdminClient clientId=adminclient-1] Connection to node -1 (localhost/127.0.0.1:9092) could not be established. Broker may not be available., thread: kafka-admin-client-thread | adminclient-1, logger: o.a.k.c.NetworkClient, host: DESKTOP-V44PB3K, service: demomsa
2021-08-15T19:26:21.328Z, WARN: [AdminClient clientId=adminclient-1] Connection to node -1 (localhost/127.0.0.1:9092) could not be established. Broker may not be available., thread: kafka-admin-client-thread | adminclient-1, logger: o.a.k.c.NetworkClient, host: DESKTOP-V44PB3K, service: demomsa
2021-08-15T19:26:24.343Z, WARN: [AdminClient clientId=adminclient-1] Connection to node -1 (localhost/127.0.0.1:9092) could not be established. Broker may not be available., thread: kafka-admin-client-thread | adminclient-1, logger: o.a.k.c.NetworkClient, host: DESKTOP-V44PB3K, service: demomsa
2021-08-15T19:26:27.350Z, WARN: [AdminClient clientId=adminclient-1] Connection to node -1 (localhost/127.0.0.1:9092) could not be established. Broker may not be available., thread: kafka-admin-client-thread | adminclient-1, logger: o.a.k.c.NetworkClient, host: DESKTOP-V44PB3K, service: demomsa
2021-08-15T19:26:30.343Z, WARN: [AdminClient clientId=adminclient-1] Connection to node -1 (localhost/127.0.0.1:9092) could not be established. Broker may not be available., thread: kafka-admin-client-thread | adminclient-1, logger: o.a.k.c.NetworkClient, host: DESKTOP-V44PB3K, service: demomsa
2021-08-15T19:26:33.453Z, WARN: [AdminClient clientId=adminclient-1] Connection to node -1 (localhost/127.0.0.1:9092) could not be established. Broker may not be available., thread: kafka-admin-client-thread | adminclient-1, logger: o.a.k.c.NetworkClient, host: DESKTOP-V44PB3K, service: demomsa
2021-08-15T19:26:36.659Z, WARN: [AdminClient clientId=adminclient-1] Connection to node -1 (localhost/127.0.0.1:9092) could not be established. Broker may not be available., thread: kafka-admin-client-thread | adminclient-1, logger: o.a.k.c.NetworkClient, host: DESKTOP-V44PB3K, service: demomsa
2021-08-15T19:26:39.665Z, WARN: [AdminClient clientId=adminclient-1] Connection to node -1 (localhost/127.0.0.1:9092) could not be established. Broker may not be available., thread: kafka-admin-client-thread | adminclient-1, logger: o.a.k.c.NetworkClient, host: DESKTOP-V44PB3K, service: demomsa
2021-08-15T19:26:42.675Z, WARN: [AdminClient clientId=adminclient-1] Connection to node -1 (localhost/127.0.0.1:9092) could not be established. Broker may not be available., thread: kafka-admin-client-thread | adminclient-1, logger: o.a.k.c.NetworkClient, host: DESKTOP-V44PB3K, service: demomsa
2021-08-15T19:26:45.784Z, WARN: [AdminClient clientId=adminclient-1] Connection to node -1 (localhost/127.0.0.1:9092) could not be established. Broker may not be available., thread: kafka-admin-client-thread | adminclient-1, logger: o.a.k.c.NetworkClient, host: DESKTOP-V44PB3K, service: demomsa
2021-08-15T19:26:48.894Z, WARN: [AdminClient clientId=adminclient-1] Connection to node -1 (localhost/127.0.0.1:9092) could not be established. Broker may not be available., thread: kafka-admin-client-thread | adminclient-1, logger: o.a.k.c.NetworkClient, host: DESKTOP-V44PB3K, service: demomsa
2021-08-15T19:26:51.901Z, WARN: [AdminClient clientId=adminclient-1] Connection to node -1 (localhost/127.0.0.1:9092) could not be established. Broker may not be available., thread: kafka-admin-client-thread | adminclient-1, logger: o.a.k.c.NetworkClient, host: DESKTOP-V44PB3K, service: demomsa
2021-08-15T19:26:54.910Z, WARN: [AdminClient clientId=adminclient-1] Connection to node -1 (localhost/127.0.0.1:9092) could not be established. Broker may not be available., thread: kafka-admin-client-thread | adminclient-1, logger: o.a.k.c.NetworkClient, host: DESKTOP-V44PB3K, service: demomsa
2021-08-15T19:26:57.918Z, WARN: [AdminClient clientId=adminclient-1] Connection to node -1 (localhost/127.0.0.1:9092) could not be established. Broker may not be available., thread: kafka-admin-client-thread | adminclient-1, logger: o.a.k.c.NetworkClient, host: DESKTOP-V44PB3K, service: demomsa
2021-08-15T19:27:01.124Z, WARN: [AdminClient clientId=adminclient-1] Connection to node -1 (localhost/127.0.0.1:9092) could not be established. Broker may not be available., thread: kafka-admin-client-thread | adminclient-1, logger: o.a.k.c.NetworkClient, host: DESKTOP-V44PB3K, service: demomsa
2021-08-15T19:27:04.029Z, WARN: [AdminClient clientId=adminclient-1] Connection to node -1 (localhost/127.0.0.1:9092) could not be established. Broker may not be available., thread: kafka-admin-client-thread | adminclient-1, logger: o.a.k.c.NetworkClient, host: DESKTOP-V44PB3K, service: demomsa
2021-08-15T19:27:07.044Z, WARN: [AdminClient clientId=adminclient-1] Connection to node -1 (localhost/127.0.0.1:9092) could not be established. Broker may not be available., thread: kafka-admin-client-thread | adminclient-1, logger: o.a.k.c.NetworkClient, host: DESKTOP-V44PB3K, service: demomsa
2021-08-15T19:27:10.153Z, WARN: [AdminClient clientId=adminclient-1] Connection to node -1 (localhost/127.0.0.1:9092) could not be established. Broker may not be available., thread: kafka-admin-client-thread | adminclient-1, logger: o.a.k.c.NetworkClient, host: DESKTOP-V44PB3K, service: demomsa
2021-08-15T19:27:13.165Z, WARN: [AdminClient clientId=adminclient-1] Connection to node -1 (localhost/127.0.0.1:9092) could not be established. Broker may not be available., thread: kafka-admin-client-thread | adminclient-1, logger: o.a.k.c.NetworkClient, host: DESKTOP-V44PB3K, service: demomsa
2021-08-15T19:27:16.372Z, WARN: [AdminClient clientId=adminclient-1] Connection to node -1 (localhost/127.0.0.1:9092) could not be established. Broker may not be available., thread: kafka-admin-client-thread | adminclient-1, logger: o.a.k.c.NetworkClient, host: DESKTOP-V44PB3K, service: demomsa
2021-08-15T19:27:19.485Z, WARN: [AdminClient clientId=adminclient-1] Connection to node -1 (localhost/127.0.0.1:9092) could not be established. Broker may not be available., thread: kafka-admin-client-thread | adminclient-1, logger: o.a.k.c.NetworkClient, host: DESKTOP-V44PB3K, service: demomsa
2021-08-15T19:27:22.599Z, WARN: [AdminClient clientId=adminclient-1] Connection to node -1 (localhost/127.0.0.1:9092) could not be established. Broker may not be available., thread: kafka-admin-client-thread | adminclient-1, logger: o.a.k.c.NetworkClient, host: DESKTOP-V44PB3K, service: demomsa
2021-08-15T19:27:25.506Z, WARN: [AdminClient clientId=adminclient-1] Connection to node -1 (localhost/127.0.0.1:9092) could not be established. Broker may not be available., thread: kafka-admin-client-thread | adminclient-1, logger: o.a.k.c.NetworkClient, host: DESKTOP-V44PB3K, service: demomsa
2021-08-15T19:27:28.715Z, WARN: [AdminClient clientId=adminclient-1] Connection to node -1 (localhost/127.0.0.1:9092) could not be established. Broker may not be available., thread: kafka-admin-client-thread | adminclient-1, logger: o.a.k.c.NetworkClient, host: DESKTOP-V44PB3K, service: demomsa
2021-08-15T19:27:30.895Z, INFO: [AdminClient clientId=adminclient-1] Metadata update failed, thread: kafka-admin-client-thread | adminclient-1, logger: o.a.k.c.a.i.AdminMetadataManager, host: DESKTOP-V44PB3K, service: demomsa
	error: Timed out waiting to send the call.
2021-08-15T19:27:31.627Z, WARN: [AdminClient clientId=adminclient-1] Connection to node -1 (localhost/127.0.0.1:9092) could not be established. Broker may not be available., thread: kafka-admin-client-thread | adminclient-1, logger: o.a.k.c.NetworkClient, host: DESKTOP-V44PB3K, service: demomsa
2021-08-15T19:27:31.627Z, INFO: [AdminClient clientId=adminclient-1] Metadata update failed, thread: kafka-admin-client-thread | adminclient-1, logger: o.a.k.c.a.i.AdminMetadataManager, host: DESKTOP-V44PB3K, service: demomsa
	error: The AdminClient thread has exited.
2021-08-15T19:27:31.640Z, ERROR: Failed to create producer binding; retrying in 30 seconds, thread: main, logger: o.s.c.s.b.BindingService, host: DESKTOP-V44PB3K, service: demomsa
	error: Provisioning exception; nested exception is java.util.concurrent.TimeoutException
	stack: org.springframework.cloud.stream.binder.kafka.provisioning.KafkaTopicProvisioner.createTopic(KafkaTopicProvisioner.java:332)
		at org.springframework.cloud.stream.binder.kafka.provisioning.KafkaTopicProvisioner.provisionProducerDestination(KafkaTopicProvisioner.java:148)
		at org.springframework.cloud.stream.binder.kafka.provisioning.KafkaTopicProvisioner.provisionProducerDestination(KafkaTopicProvisioner.java:79)
		at org.springframework.cloud.stream.binder.AbstractMessageChannelBinder.doBindProducer(AbstractMessageChannelBinder.java:222)
		at org.springframework.cloud.stream.binder.AbstractMessageChannelBinder.doBindProducer(AbstractMessageChannelBinder.java:90)
		at org.springframework.cloud.stream.binder.AbstractBinder.bindProducer(AbstractBinder.java:152)
		at org.springframework.cloud.stream.binding.BindingService.doBindProducer(BindingService.java:313)
		at org.springframework.cloud.stream.binding.BindingService.bindProducer(BindingService.java:282)
		at org.springframework.cloud.stream.binding.BindingService.bindProducer(BindingService.java:291)
		at org.springframework.cloud.stream.binding.AbstractBindableProxyFactory.createAndBindOutputs(AbstractBindableProxyFactory.java:136)
		at org.springframework.cloud.stream.binding.OutputBindingLifecycle.doStartWithBindable(OutputBindingLifecycle.java:58)
		at java.util.LinkedHashMap$LinkedValues.forEach(LinkedHashMap.java:608)
		at org.springframework.cloud.stream.binding.AbstractBindingLifecycle.start(AbstractBindingLifecycle.java:57)
		at org.springframework.cloud.stream.binding.OutputBindingLifecycle.start(OutputBindingLifecycle.java:34)
		at org.springframework.context.support.DefaultLifecycleProcessor.doStart(DefaultLifecycleProcessor.java:182)
		at org.springframework.context.support.DefaultLifecycleProcessor.access$200(DefaultLifecycleProcessor.java:53)
		at org.springframework.context.support.DefaultLifecycleProcessor$LifecycleGroup.start(DefaultLifecycleProcessor.java:360)
		at org.springframework.context.support.DefaultLifecycleProcessor.startBeans(DefaultLifecycleProcessor.java:158)
		at org.springframework.context.support.DefaultLifecycleProcessor.onRefresh(DefaultLifecycleProcessor.java:122)
		at org.springframework.context.support.AbstractApplicationContext.finishRefresh(AbstractApplicationContext.java:894)
		at org.springframework.context.support.AbstractApplicationContext.refresh(AbstractApplicationContext.java:553)
		at org.springframework.boot.SpringApplication.refresh(SpringApplication.java:747)
		at org.springframework.boot.SpringApplication.refreshContext(SpringApplication.java:397)
		at org.springframework.boot.SpringApplication.run(SpringApplication.java:315)
		at org.springframework.boot.test.context.SpringBootContextLoader.loadContext(SpringBootContextLoader.java:126)
		at org.springframework.test.context.cache.DefaultCacheAwareContextLoaderDelegate.loadContextInternal(DefaultCacheAwareContextLoaderDelegate.java:99)
		at org.springframework.test.context.cache.DefaultCacheAwareContextLoaderDelegate.loadContext(DefaultCacheAwareContextLoaderDelegate.java:124)
		at org.springframework.test.context.support.DefaultTestContext.getApplicationContext(DefaultTestContext.java:123)
		at org.springframework.test.context.web.ServletTestExecutionListener.setUpRequestContextIfNecessary(ServletTestExecutionListener.java:190)
		at org.springframework.test.context.web.ServletTestExecutionListener.prepareTestInstance(ServletTestExecutionListener.java:132)
		at org.springframework.test.context.TestContextManager.prepareTestInstance(TestContextManager.java:244)
		at org.springframework.test.context.junit4.SpringJUnit4ClassRunner.createTest(SpringJUnit4ClassRunner.java:227)
		at org.springframework.test.context.junit4.SpringJUnit4ClassRunner$1.runReflectiveCall(SpringJUnit4ClassRunner.java:289)
		at org.junit.internal.runners.model.ReflectiveCallable.run(ReflectiveCallable.java:12)
		at org.springframework.test.context.junit4.SpringJUnit4ClassRunner.methodBlock(SpringJUnit4ClassRunner.java:291)
		at org.springframework.test.context.junit4.SpringJUnit4ClassRunner.runChild(SpringJUnit4ClassRunner.java:246)
		at org.springframework.test.context.junit4.SpringJUnit4ClassRunner.runChild(SpringJUnit4ClassRunner.java:97)
		at org.junit.runners.ParentRunner$3.run(ParentRunner.java:290)
		at org.junit.runners.ParentRunner$1.schedule(ParentRunner.java:71)
		at org.junit.runners.ParentRunner.runChildren(ParentRunner.java:288)
		at org.junit.runners.ParentRunner.access$000(ParentRunner.java:58)
		at org.junit.runners.ParentRunner$2.evaluate(ParentRunner.java:268)
		at org.springframework.test.context.junit4.statements.RunBeforeTestClassCallbacks.evaluate(RunBeforeTestClassCallbacks.java:61)
		at org.springframework.test.context.junit4.statements.RunAfterTestClassCallbacks.evaluate(RunAfterTestClassCallbacks.java:70)
		at org.junit.runners.ParentRunner.run(ParentRunner.java:363)
		at org.springframework.test.context.junit4.SpringJUnit4ClassRunner.run(SpringJUnit4ClassRunner.java:190)
		at org.junit.runner.JUnitCore.run(JUnitCore.java:137)
		at org.junit.runner.JUnitCore.run(JUnitCore.java:115)
		at org.junit.vintage.engine.execution.RunnerExecutor.execute(RunnerExecutor.java:40)
		at java.util.stream.ForEachOps$ForEachOp$OfRef.accept(ForEachOps.java:183)
		at java.util.stream.ReferencePipeline$3$1.accept(ReferencePipeline.java:193)
		at java.util.Iterator.forEachRemaining(Iterator.java:116)
		at java.util.Spliterators$IteratorSpliterator.forEachRemaining(Spliterators.java:1801)
		at java.util.stream.AbstractPipeline.copyInto(AbstractPipeline.java:482)
		at java.util.stream.AbstractPipeline.wrapAndCopyInto(AbstractPipeline.java:472)
		at java.util.stream.ForEachOps$ForEachOp.evaluateSequential(ForEachOps.java:150)
		at java.util.stream.ForEachOps$ForEachOp$OfRef.evaluateSequential(ForEachOps.java:173)
		at java.util.stream.AbstractPipeline.evaluate(AbstractPipeline.java:234)
		at java.util.stream.ReferencePipeline.forEach(ReferencePipeline.java:485)
		at org.junit.vintage.engine.VintageTestEngine.executeAllChildren(VintageTestEngine.java:80)
		at org.junit.vintage.engine.VintageTestEngine.execute(VintageTestEngine.java:71)
		at org.junit.platform.launcher.core.DefaultLauncher.execute(DefaultLauncher.java:229)
		at org.junit.platform.launcher.core.DefaultLauncher.lambda$execute$6(DefaultLauncher.java:197)
		at org.junit.platform.launcher.core.DefaultLauncher.withInterceptedStreams(DefaultLauncher.java:211)
		at org.junit.platform.launcher.core.DefaultLauncher.execute(DefaultLauncher.java:191)
		at org.junit.platform.launcher.core.DefaultLauncher.execute(DefaultLauncher.java:128)
		at org.apache.maven.surefire.junitplatform.JUnitPlatformProvider.execute(JUnitPlatformProvider.java:188)
		at org.apache.maven.surefire.junitplatform.JUnitPlatformProvider.invokeAllTests(JUnitPlatformProvider.java:154)
		at org.apache.maven.surefire.junitplatform.JUnitPlatformProvider.invoke(JUnitPlatformProvider.java:128)
		at org.apache.maven.surefire.booter.ForkedBooter.runSuitesInProcess(ForkedBooter.java:428)
		at org.apache.maven.surefire.booter.ForkedBooter.execute(ForkedBooter.java:162)
		at org.apache.maven.surefire.booter.ForkedBooter.run(ForkedBooter.java:562)
		at org.apache.maven.surefire.booter.ForkedBooter.main(ForkedBooter.java:548)
	cause[1]: null
	stack: org.apache.kafka.common.internals.KafkaFutureImpl$SingleWaiter.await(KafkaFutureImpl.java:108)
		at org.apache.kafka.common.internals.KafkaFutureImpl.get(KafkaFutureImpl.java:272)
		at org.springframework.cloud.stream.binder.kafka.provisioning.KafkaTopicProvisioner.createTopicAndPartitions(KafkaTopicProvisioner.java:368)
		at org.springframework.cloud.stream.binder.kafka.provisioning.KafkaTopicProvisioner.createTopicIfNecessary(KafkaTopicProvisioner.java:342)
		at org.springframework.cloud.stream.binder.kafka.provisioning.KafkaTopicProvisioner.createTopic(KafkaTopicProvisioner.java:319)
		at org.springframework.cloud.stream.binder.kafka.provisioning.KafkaTopicProvisioner.provisionProducerDestination(KafkaTopicProvisioner.java:148)
		at org.springframework.cloud.stream.binder.kafka.provisioning.KafkaTopicProvisioner.provisionProducerDestination(KafkaTopicProvisioner.java:79)
		at org.springframework.cloud.stream.binder.AbstractMessageChannelBinder.doBindProducer(AbstractMessageChannelBinder.java:222)
		at org.springframework.cloud.stream.binder.AbstractMessageChannelBinder.doBindProducer(AbstractMessageChannelBinder.java:90)
		at org.springframework.cloud.stream.binder.AbstractBinder.bindProducer(AbstractBinder.java:152)
		at org.springframework.cloud.stream.binding.BindingService.doBindProducer(BindingService.java:313)
		at org.springframework.cloud.stream.binding.BindingService.bindProducer(BindingService.java:282)
		at org.springframework.cloud.stream.binding.BindingService.bindProducer(BindingService.java:291)
		at org.springframework.cloud.stream.binding.AbstractBindableProxyFactory.createAndBindOutputs(AbstractBindableProxyFactory.java:136)
		at org.springframework.cloud.stream.binding.OutputBindingLifecycle.doStartWithBindable(OutputBindingLifecycle.java:58)
		at java.util.LinkedHashMap$LinkedValues.forEach(LinkedHashMap.java:608)
		at org.springframework.cloud.stream.binding.AbstractBindingLifecycle.start(AbstractBindingLifecycle.java:57)
		at org.springframework.cloud.stream.binding.OutputBindingLifecycle.start(OutputBindingLifecycle.java:34)
		at org.springframework.context.support.DefaultLifecycleProcessor.doStart(DefaultLifecycleProcessor.java:182)
		at org.springframework.context.support.DefaultLifecycleProcessor.access$200(DefaultLifecycleProcessor.java:53)
		at org.springframework.context.support.DefaultLifecycleProcessor$LifecycleGroup.start(DefaultLifecycleProcessor.java:360)
		at org.springframework.context.support.DefaultLifecycleProcessor.startBeans(DefaultLifecycleProcessor.java:158)
		at org.springframework.context.support.DefaultLifecycleProcessor.onRefresh(DefaultLifecycleProcessor.java:122)
		at org.springframework.context.support.AbstractApplicationContext.finishRefresh(AbstractApplicationContext.java:894)
		at org.springframework.context.support.AbstractApplicationContext.refresh(AbstractApplicationContext.java:553)
		at org.springframework.boot.SpringApplication.refresh(SpringApplication.java:747)
		at org.springframework.boot.SpringApplication.refreshContext(SpringApplication.java:397)
		at org.springframework.boot.SpringApplication.run(SpringApplication.java:315)
		at org.springframework.boot.test.context.SpringBootContextLoader.loadContext(SpringBootContextLoader.java:126)
		at org.springframework.test.context.cache.DefaultCacheAwareContextLoaderDelegate.loadContextInternal(DefaultCacheAwareContextLoaderDelegate.java:99)
		at org.springframework.test.context.cache.DefaultCacheAwareContextLoaderDelegate.loadContext(DefaultCacheAwareContextLoaderDelegate.java:124)
		at org.springframework.test.context.support.DefaultTestContext.getApplicationContext(DefaultTestContext.java:123)
		at org.springframework.test.context.web.ServletTestExecutionListener.setUpRequestContextIfNecessary(ServletTestExecutionListener.java:190)
		at org.springframework.test.context.web.ServletTestExecutionListener.prepareTestInstance(ServletTestExecutionListener.java:132)
		at org.springframework.test.context.TestContextManager.prepareTestInstance(TestContextManager.java:244)
		at org.springframework.test.context.junit4.SpringJUnit4ClassRunner.createTest(SpringJUnit4ClassRunner.java:227)
		at org.springframework.test.context.junit4.SpringJUnit4ClassRunner$1.runReflectiveCall(SpringJUnit4ClassRunner.java:289)
		at org.junit.internal.runners.model.ReflectiveCallable.run(ReflectiveCallable.java:12)
		at org.springframework.test.context.junit4.SpringJUnit4ClassRunner.methodBlock(SpringJUnit4ClassRunner.java:291)
		at org.springframework.test.context.junit4.SpringJUnit4ClassRunner.runChild(SpringJUnit4ClassRunner.java:246)
		at org.springframework.test.context.junit4.SpringJUnit4ClassRunner.runChild(SpringJUnit4ClassRunner.java:97)
		at org.junit.runners.ParentRunner$3.run(ParentRunner.java:290)
		at org.junit.runners.ParentRunner$1.schedule(ParentRunner.java:71)
		at org.junit.runners.ParentRunner.runChildren(ParentRunner.java:288)
		at org.junit.runners.ParentRunner.access$000(ParentRunner.java:58)
		at org.junit.runners.ParentRunner$2.evaluate(ParentRunner.java:268)
		at org.springframework.test.context.junit4.statements.RunBeforeTestClassCallbacks.evaluate(RunBeforeTestClassCallbacks.java:61)
		at org.springframework.test.context.junit4.statements.RunAfterTestClassCallbacks.evaluate(RunAfterTestClassCallbacks.java:70)
		at org.junit.runners.ParentRunner.run(ParentRunner.java:363)
		at org.springframework.test.context.junit4.SpringJUnit4ClassRunner.run(SpringJUnit4ClassRunner.java:190)
		at org.junit.runner.JUnitCore.run(JUnitCore.java:137)
		at org.junit.runner.JUnitCore.run(JUnitCore.java:115)
		at org.junit.vintage.engine.execution.RunnerExecutor.execute(RunnerExecutor.java:40)
		at java.util.stream.ForEachOps$ForEachOp$OfRef.accept(ForEachOps.java:183)
		at java.util.stream.ReferencePipeline$3$1.accept(ReferencePipeline.java:193)
		at java.util.Iterator.forEachRemaining(Iterator.java:116)
		at java.util.Spliterators$IteratorSpliterator.forEachRemaining(Spliterators.java:1801)
		at java.util.stream.AbstractPipeline.copyInto(AbstractPipeline.java:482)
		at java.util.stream.AbstractPipeline.wrapAndCopyInto(AbstractPipeline.java:472)
		at java.util.stream.ForEachOps$ForEachOp.evaluateSequential(ForEachOps.java:150)
		at java.util.stream.ForEachOps$ForEachOp$OfRef.evaluateSequential(ForEachOps.java:173)
		at java.util.stream.AbstractPipeline.evaluate(AbstractPipeline.java:234)
		at java.util.stream.ReferencePipeline.forEach(ReferencePipeline.java:485)
		at org.junit.vintage.engine.VintageTestEngine.executeAllChildren(VintageTestEngine.java:80)
		at org.junit.vintage.engine.VintageTestEngine.execute(VintageTestEngine.java:71)
		at org.junit.platform.launcher.core.DefaultLauncher.execute(DefaultLauncher.java:229)
		at org.junit.platform.launcher.core.DefaultLauncher.lambda$execute$6(DefaultLauncher.java:197)
		at org.junit.platform.launcher.core.DefaultLauncher.withInterceptedStreams(DefaultLauncher.java:211)
		at org.junit.platform.launcher.core.DefaultLauncher.execute(DefaultLauncher.java:191)
		at org.junit.platform.launcher.core.DefaultLauncher.execute(DefaultLauncher.java:128)
		at org.apache.maven.surefire.junitplatform.JUnitPlatformProvider.execute(JUnitPlatformProvider.java:188)
		at org.apache.maven.surefire.junitplatform.JUnitPlatformProvider.invokeAllTests(JUnitPlatformProvider.java:154)
		at org.apache.maven.surefire.junitplatform.JUnitPlatformProvider.invoke(JUnitPlatformProvider.java:128)
		at org.apache.maven.surefire.booter.ForkedBooter.runSuitesInProcess(ForkedBooter.java:428)
		at org.apache.maven.surefire.booter.ForkedBooter.execute(ForkedBooter.java:162)
		at org.apache.maven.surefire.booter.ForkedBooter.run(ForkedBooter.java:562)
		at org.apache.maven.surefire.booter.ForkedBooter.main(ForkedBooter.java:548)
2021-08-15T19:27:31.657Z, INFO: started bean 'smsVerificationCreatedPublishGateway', thread: main, logger: o.s.i.g.GatewayProxyFactoryBean$MethodInvocationGateway, host: DESKTOP-V44PB3K, service: demomsa
2021-08-15T19:27:31.657Z, INFO: started bean 'smsVerificationCreatedPublishGateway', thread: main, logger: o.s.i.g.GatewayProxyFactoryBean, host: DESKTOP-V44PB3K, service: demomsa
2021-08-15T19:27:31.671Z, INFO: Retrieving cached binder: binderName, thread: main, logger: o.s.c.s.b.DefaultBinderFactory, host: DESKTOP-V44PB3K, service: demomsa
2021-08-15T19:27:31.701Z, INFO: AdminClientConfig values: 
	bootstrap.servers = [localhost:9092]
	client.dns.lookup = default
	client.id = 
	connections.max.idle.ms = 300000
	metadata.max.age.ms = 300000
	metric.reporters = []
	metrics.num.samples = 2
	metrics.recording.level = INFO
	metrics.sample.window.ms = 30000
	receive.buffer.bytes = 65536
	reconnect.backoff.max.ms = 1000
	reconnect.backoff.ms = 50
	request.timeout.ms = 120000
	retries = 5
	retry.backoff.ms = 100
	sasl.client.callback.handler.class = null
	sasl.jaas.config = null
	sasl.kerberos.kinit.cmd = /usr/bin/kinit
	sasl.kerberos.min.time.before.relogin = 60000
	sasl.kerberos.service.name = null
	sasl.kerberos.ticket.renew.jitter = 0.05
	sasl.kerberos.ticket.renew.window.factor = 0.8
	sasl.login.callback.handler.class = null
	sasl.login.class = null
	sasl.login.refresh.buffer.seconds = 300
	sasl.login.refresh.min.period.seconds = 60
	sasl.login.refresh.window.factor = 0.8
	sasl.login.refresh.window.jitter = 0.05
	sasl.mechanism = GSSAPI
	security.protocol = PLAINTEXT
	send.buffer.bytes = 131072
	ssl.cipher.suites = null
	ssl.enabled.protocols = [TLSv1.2, TLSv1.1, TLSv1]
	ssl.endpoint.identification.algorithm = https
	ssl.key.password = null
	ssl.keymanager.algorithm = SunX509
	ssl.keystore.location = null
	ssl.keystore.password = null
	ssl.keystore.type = JKS
	ssl.protocol = TLS
	ssl.provider = null
	ssl.secure.random.implementation = null
	ssl.trustmanager.algorithm = PKIX
	ssl.truststore.location = null
	ssl.truststore.password = null
	ssl.truststore.type = JKS
, thread: main, logger: o.a.k.c.a.AdminClientConfig, host: DESKTOP-V44PB3K, service: demomsa
2021-08-15T19:27:31.705Z, INFO: Kafka version: '2.3.1', thread: main, logger: o.a.k.c.u.AppInfoParser, host: DESKTOP-V44PB3K, service: demomsa
2021-08-15T19:27:31.705Z, INFO: Kafka commitId: '18a913733fb71c01', thread: main, logger: o.a.k.c.u.AppInfoParser, host: DESKTOP-V44PB3K, service: demomsa
2021-08-15T19:27:31.705Z, INFO: Kafka startTimeMs: 1629055651705, thread: main, logger: o.a.k.c.u.AppInfoParser, host: DESKTOP-V44PB3K, service: demomsa
2021-08-15T19:27:33.720Z, WARN: [AdminClient clientId=adminclient-2] Connection to node -1 (localhost/127.0.0.1:9092) could not be established. Broker may not be available., thread: kafka-admin-client-thread | adminclient-2, logger: o.a.k.c.NetworkClient, host: DESKTOP-V44PB3K, service: demomsa
2021-08-15T19:27:35.825Z, WARN: [AdminClient clientId=adminclient-2] Connection to node -1 (localhost/127.0.0.1:9092) could not be established. Broker may not be available., thread: kafka-admin-client-thread | adminclient-2, logger: o.a.k.c.NetworkClient, host: DESKTOP-V44PB3K, service: demomsa
2021-08-15T19:27:37.930Z, WARN: [AdminClient clientId=adminclient-2] Connection to node -1 (localhost/127.0.0.1:9092) could not be established. Broker may not be available., thread: kafka-admin-client-thread | adminclient-2, logger: o.a.k.c.NetworkClient, host: DESKTOP-V44PB3K, service: demomsa
2021-08-15T19:27:40.135Z, WARN: [AdminClient clientId=adminclient-2] Connection to node -1 (localhost/127.0.0.1:9092) could not be established. Broker may not be available., thread: kafka-admin-client-thread | adminclient-2, logger: o.a.k.c.NetworkClient, host: DESKTOP-V44PB3K, service: demomsa
2021-08-15T19:27:42.539Z, WARN: [AdminClient clientId=adminclient-2] Connection to node -1 (localhost/127.0.0.1:9092) could not be established. Broker may not be available., thread: kafka-admin-client-thread | adminclient-2, logger: o.a.k.c.NetworkClient, host: DESKTOP-V44PB3K, service: demomsa
2021-08-15T19:27:45.548Z, WARN: [AdminClient clientId=adminclient-2] Connection to node -1 (localhost/127.0.0.1:9092) could not be established. Broker may not be available., thread: kafka-admin-client-thread | adminclient-2, logger: o.a.k.c.NetworkClient, host: DESKTOP-V44PB3K, service: demomsa
2021-08-15T19:27:48.560Z, WARN: [AdminClient clientId=adminclient-2] Connection to node -1 (localhost/127.0.0.1:9092) could not be established. Broker may not be available., thread: kafka-admin-client-thread | adminclient-2, logger: o.a.k.c.NetworkClient, host: DESKTOP-V44PB3K, service: demomsa
2021-08-15T19:27:51.667Z, WARN: [AdminClient clientId=adminclient-2] Connection to node -1 (localhost/127.0.0.1:9092) could not be established. Broker may not be available., thread: kafka-admin-client-thread | adminclient-2, logger: o.a.k.c.NetworkClient, host: DESKTOP-V44PB3K, service: demomsa
2021-08-15T19:27:54.675Z, WARN: [AdminClient clientId=adminclient-2] Connection to node -1 (localhost/127.0.0.1:9092) could not be established. Broker may not be available., thread: kafka-admin-client-thread | adminclient-2, logger: o.a.k.c.NetworkClient, host: DESKTOP-V44PB3K, service: demomsa
2021-08-15T19:27:57.588Z, WARN: [AdminClient clientId=adminclient-2] Connection to node -1 (localhost/127.0.0.1:9092) could not be established. Broker may not be available., thread: kafka-admin-client-thread | adminclient-2, logger: o.a.k.c.NetworkClient, host: DESKTOP-V44PB3K, service: demomsa
2021-08-15T19:28:00.798Z, WARN: [AdminClient clientId=adminclient-2] Connection to node -1 (localhost/127.0.0.1:9092) could not be established. Broker may not be available., thread: kafka-admin-client-thread | adminclient-2, logger: o.a.k.c.NetworkClient, host: DESKTOP-V44PB3K, service: demomsa
2021-08-15T19:28:01.674Z, INFO: Using kafka topic for outbound: sms-verification-created, thread: task-scheduler-1, logger: o.s.c.s.b.k.p.KafkaTopicProvisioner, host: DESKTOP-V44PB3K, service: demomsa, traceId: bbb7ef37ceedb44c, spanId: bbb7ef37ceedb44c
2021-08-15T19:28:01.674Z, INFO: AdminClientConfig values: 
	bootstrap.servers = [localhost:9092]
	client.dns.lookup = default
	client.id = 
	connections.max.idle.ms = 300000
	metadata.max.age.ms = 300000
	metric.reporters = []
	metrics.num.samples = 2
	metrics.recording.level = INFO
	metrics.sample.window.ms = 30000
	receive.buffer.bytes = 65536
	reconnect.backoff.max.ms = 1000
	reconnect.backoff.ms = 50
	request.timeout.ms = 120000
	retries = 5
	retry.backoff.ms = 100
	sasl.client.callback.handler.class = null
	sasl.jaas.config = null
	sasl.kerberos.kinit.cmd = /usr/bin/kinit
	sasl.kerberos.min.time.before.relogin = 60000
	sasl.kerberos.service.name = null
	sasl.kerberos.ticket.renew.jitter = 0.05
	sasl.kerberos.ticket.renew.window.factor = 0.8
	sasl.login.callback.handler.class = null
	sasl.login.class = null
	sasl.login.refresh.buffer.seconds = 300
	sasl.login.refresh.min.period.seconds = 60
	sasl.login.refresh.window.factor = 0.8
	sasl.login.refresh.window.jitter = 0.05
	sasl.mechanism = GSSAPI
	security.protocol = PLAINTEXT
	send.buffer.bytes = 131072
	ssl.cipher.suites = null
	ssl.enabled.protocols = [TLSv1.2, TLSv1.1, TLSv1]
	ssl.endpoint.identification.algorithm = https
	ssl.key.password = null
	ssl.keymanager.algorithm = SunX509
	ssl.keystore.location = null
	ssl.keystore.password = null
	ssl.keystore.type = JKS
	ssl.protocol = TLS
	ssl.provider = null
	ssl.secure.random.implementation = null
	ssl.trustmanager.algorithm = PKIX
	ssl.truststore.location = null
	ssl.truststore.password = null
	ssl.truststore.type = JKS
, thread: task-scheduler-1, logger: o.a.k.c.a.AdminClientConfig, host: DESKTOP-V44PB3K, service: demomsa, traceId: bbb7ef37ceedb44c, spanId: bbb7ef37ceedb44c
2021-08-15T19:28:01.679Z, INFO: Kafka version: '2.3.1', thread: task-scheduler-1, logger: o.a.k.c.u.AppInfoParser, host: DESKTOP-V44PB3K, service: demomsa, traceId: bbb7ef37ceedb44c, spanId: bbb7ef37ceedb44c
2021-08-15T19:28:01.679Z, INFO: Kafka commitId: '18a913733fb71c01', thread: task-scheduler-1, logger: o.a.k.c.u.AppInfoParser, host: DESKTOP-V44PB3K, service: demomsa, traceId: bbb7ef37ceedb44c, spanId: bbb7ef37ceedb44c
2021-08-15T19:28:01.679Z, INFO: Kafka startTimeMs: 1629055681679, thread: task-scheduler-1, logger: o.a.k.c.u.AppInfoParser, host: DESKTOP-V44PB3K, service: demomsa, traceId: bbb7ef37ceedb44c, spanId: bbb7ef37ceedb44c
2021-08-15T19:28:03.682Z, WARN: [AdminClient clientId=adminclient-3] Connection to node -1 (localhost/127.0.0.1:9092) could not be established. Broker may not be available., thread: kafka-admin-client-thread | adminclient-3, logger: o.a.k.c.NetworkClient, host: DESKTOP-V44PB3K, service: demomsa
2021-08-15T19:28:04.010Z, WARN: [AdminClient clientId=adminclient-2] Connection to node -1 (localhost/127.0.0.1:9092) could not be established. Broker may not be available., thread: kafka-admin-client-thread | adminclient-2, logger: o.a.k.c.NetworkClient, host: DESKTOP-V44PB3K, service: demomsa
2021-08-15T19:28:05.786Z, WARN: [AdminClient clientId=adminclient-3] Connection to node -1 (localhost/127.0.0.1:9092) could not be established. Broker may not be available., thread: kafka-admin-client-thread | adminclient-3, logger: o.a.k.c.NetworkClient, host: DESKTOP-V44PB3K, service: demomsa
2021-08-15T19:28:06.918Z, WARN: [AdminClient clientId=adminclient-2] Connection to node -1 (localhost/127.0.0.1:9092) could not be established. Broker may not be available., thread: kafka-admin-client-thread | adminclient-2, logger: o.a.k.c.NetworkClient, host: DESKTOP-V44PB3K, service: demomsa
2021-08-15T19:28:07.888Z, WARN: [AdminClient clientId=adminclient-3] Connection to node -1 (localhost/127.0.0.1:9092) could not be established. Broker may not be available., thread: kafka-admin-client-thread | adminclient-3, logger: o.a.k.c.NetworkClient, host: DESKTOP-V44PB3K, service: demomsa
2021-08-15T19:28:09.927Z, WARN: [AdminClient clientId=adminclient-2] Connection to node -1 (localhost/127.0.0.1:9092) could not be established. Broker may not be available., thread: kafka-admin-client-thread | adminclient-2, logger: o.a.k.c.NetworkClient, host: DESKTOP-V44PB3K, service: demomsa
2021-08-15T19:28:10.093Z, WARN: [AdminClient clientId=adminclient-3] Connection to node -1 (localhost/127.0.0.1:9092) could not be established. Broker may not be available., thread: kafka-admin-client-thread | adminclient-3, logger: o.a.k.c.NetworkClient, host: DESKTOP-V44PB3K, service: demomsa
2021-08-15T19:28:12.600Z, WARN: [AdminClient clientId=adminclient-3] Connection to node -1 (localhost/127.0.0.1:9092) could not be established. Broker may not be available., thread: kafka-admin-client-thread | adminclient-3, logger: o.a.k.c.NetworkClient, host: DESKTOP-V44PB3K, service: demomsa
2021-08-15T19:28:13.035Z, WARN: [AdminClient clientId=adminclient-2] Connection to node -1 (localhost/127.0.0.1:9092) could not be established. Broker may not be available., thread: kafka-admin-client-thread | adminclient-2, logger: o.a.k.c.NetworkClient, host: DESKTOP-V44PB3K, service: demomsa
2021-08-15T19:28:15.508Z, WARN: [AdminClient clientId=adminclient-3] Connection to node -1 (localhost/127.0.0.1:9092) could not be established. Broker may not be available., thread: kafka-admin-client-thread | adminclient-3, logger: o.a.k.c.NetworkClient, host: DESKTOP-V44PB3K, service: demomsa
2021-08-15T19:28:16.145Z, WARN: [AdminClient clientId=adminclient-2] Connection to node -1 (localhost/127.0.0.1:9092) could not be established. Broker may not be available., thread: kafka-admin-client-thread | adminclient-2, logger: o.a.k.c.NetworkClient, host: DESKTOP-V44PB3K, service: demomsa
2021-08-15T19:28:18.418Z, WARN: [AdminClient clientId=adminclient-3] Connection to node -1 (localhost/127.0.0.1:9092) could not be established. Broker may not be available., thread: kafka-admin-client-thread | adminclient-3, logger: o.a.k.c.NetworkClient, host: DESKTOP-V44PB3K, service: demomsa
2021-08-15T19:28:19.354Z, WARN: [AdminClient clientId=adminclient-2] Connection to node -1 (localhost/127.0.0.1:9092) could not be established. Broker may not be available., thread: kafka-admin-client-thread | adminclient-2, logger: o.a.k.c.NetworkClient, host: DESKTOP-V44PB3K, service: demomsa
2021-08-15T19:28:21.525Z, WARN: [AdminClient clientId=adminclient-3] Connection to node -1 (localhost/127.0.0.1:9092) could not be established. Broker may not be available., thread: kafka-admin-client-thread | adminclient-3, logger: o.a.k.c.NetworkClient, host: DESKTOP-V44PB3K, service: demomsa
2021-08-15T19:28:22.476Z, WARN: [AdminClient clientId=adminclient-2] Connection to node -1 (localhost/127.0.0.1:9092) could not be established. Broker may not be available., thread: kafka-admin-client-thread | adminclient-2, logger: o.a.k.c.NetworkClient, host: DESKTOP-V44PB3K, service: demomsa
[...]
2021-08-15T19:29:26.485Z, WARN: [AdminClient clientId=adminclient-2] Connection to node -1 (localhost/127.0.0.1:9092) could not be established. Broker may not be available., thread: kafka-admin-client-thread | adminclient-2, logger: o.a.k.c.NetworkClient, host: DESKTOP-V44PB3K, service: demomsa
2021-08-15T19:29:28.558Z, WARN: [AdminClient clientId=adminclient-3] Connection to node -1 (localhost/127.0.0.1:9092) could not be established. Broker may not be available., thread: kafka-admin-client-thread | adminclient-3, logger: o.a.k.c.NetworkClient, host: DESKTOP-V44PB3K, service: demomsa
2021-08-15T19:29:29.493Z, WARN: [AdminClient clientId=adminclient-2] Connection to node -1 (localhost/127.0.0.1:9092) could not be established. Broker may not be available., thread: kafka-admin-client-thread | adminclient-2, logger: o.a.k.c.NetworkClient, host: DESKTOP-V44PB3K, service: demomsa
2021-08-15T19:29:31.668Z, WARN: [AdminClient clientId=adminclient-3] Connection to node -1 (localhost/127.0.0.1:9092) could not be established. Broker may not be available., thread: kafka-admin-client-thread | adminclient-3, logger: o.a.k.c.NetworkClient, host: DESKTOP-V44PB3K, service: demomsa
2021-08-15T19:29:31.708Z, INFO: [AdminClient clientId=adminclient-2] Metadata update failed, thread: kafka-admin-client-thread | adminclient-2, logger: o.a.k.c.a.i.AdminMetadataManager, host: DESKTOP-V44PB3K, service: demomsa
	error: Timed out waiting to send the call.
2021-08-15T19:29:32.601Z, WARN: [AdminClient clientId=adminclient-2] Connection to node -1 (localhost/127.0.0.1:9092) could not be established. Broker may not be available., thread: kafka-admin-client-thread | adminclient-2, logger: o.a.k.c.NetworkClient, host: DESKTOP-V44PB3K, service: demomsa
2021-08-15T19:29:32.601Z, INFO: [AdminClient clientId=adminclient-2] Metadata update failed, thread: kafka-admin-client-thread | adminclient-2, logger: o.a.k.c.a.i.AdminMetadataManager, host: DESKTOP-V44PB3K, service: demomsa
	error: The AdminClient thread has exited.
2021-08-15T19:29:32.605Z, ERROR: Failed to create consumer binding; retrying in 30 seconds, thread: main, logger: o.s.c.s.b.BindingService, host: DESKTOP-V44PB3K, service: demomsa
	error: Provisioning exception; nested exception is java.util.concurrent.TimeoutException
	stack: org.springframework.cloud.stream.binder.kafka.provisioning.KafkaTopicProvisioner.createTopic(KafkaTopicProvisioner.java:332)
		at org.springframework.cloud.stream.binder.kafka.provisioning.KafkaTopicProvisioner.doProvisionConsumerDestination(KafkaTopicProvisioner.java:217)
		at org.springframework.cloud.stream.binder.kafka.provisioning.KafkaTopicProvisioner.provisionConsumerDestination(KafkaTopicProvisioner.java:183)
		at org.springframework.cloud.stream.binder.kafka.provisioning.KafkaTopicProvisioner.provisionConsumerDestination(KafkaTopicProvisioner.java:79)
		at org.springframework.cloud.stream.binder.AbstractMessageChannelBinder.doBindConsumer(AbstractMessageChannelBinder.java:402)
		at org.springframework.cloud.stream.binder.AbstractMessageChannelBinder.doBindConsumer(AbstractMessageChannelBinder.java:90)
		at org.springframework.cloud.stream.binder.AbstractBinder.bindConsumer(AbstractBinder.java:143)
		at org.springframework.cloud.stream.binding.BindingService.doBindConsumer(BindingService.java:176)
		at org.springframework.cloud.stream.binding.BindingService.bindConsumer(BindingService.java:133)
		at org.springframework.cloud.stream.binding.AbstractBindableProxyFactory.createAndBindInputs(AbstractBindableProxyFactory.java:112)
		at org.springframework.cloud.stream.binding.InputBindingLifecycle.doStartWithBindable(InputBindingLifecycle.java:58)
		at java.util.LinkedHashMap$LinkedValues.forEach(LinkedHashMap.java:608)
		at org.springframework.cloud.stream.binding.AbstractBindingLifecycle.start(AbstractBindingLifecycle.java:57)
		at org.springframework.cloud.stream.binding.InputBindingLifecycle.start(InputBindingLifecycle.java:34)
		at org.springframework.context.support.DefaultLifecycleProcessor.doStart(DefaultLifecycleProcessor.java:182)
		at org.springframework.context.support.DefaultLifecycleProcessor.access$200(DefaultLifecycleProcessor.java:53)
		at org.springframework.context.support.DefaultLifecycleProcessor$LifecycleGroup.start(DefaultLifecycleProcessor.java:360)
		at org.springframework.context.support.DefaultLifecycleProcessor.startBeans(DefaultLifecycleProcessor.java:158)
		at org.springframework.context.support.DefaultLifecycleProcessor.onRefresh(DefaultLifecycleProcessor.java:122)
		at org.springframework.context.support.AbstractApplicationContext.finishRefresh(AbstractApplicationContext.java:894)
		at org.springframework.context.support.AbstractApplicationContext.refresh(AbstractApplicationContext.java:553)
		at org.springframework.boot.SpringApplication.refresh(SpringApplication.java:747)
		at org.springframework.boot.SpringApplication.refreshContext(SpringApplication.java:397)
		at org.springframework.boot.SpringApplication.run(SpringApplication.java:315)
		at org.springframework.boot.test.context.SpringBootContextLoader.loadContext(SpringBootContextLoader.java:126)
		at org.springframework.test.context.cache.DefaultCacheAwareContextLoaderDelegate.loadContextInternal(DefaultCacheAwareContextLoaderDelegate.java:99)
		at org.springframework.test.context.cache.DefaultCacheAwareContextLoaderDelegate.loadContext(DefaultCacheAwareContextLoaderDelegate.java:124)
		at org.springframework.test.context.support.DefaultTestContext.getApplicationContext(DefaultTestContext.java:123)
		at org.springframework.test.context.web.ServletTestExecutionListener.setUpRequestContextIfNecessary(ServletTestExecutionListener.java:190)
		at org.springframework.test.context.web.ServletTestExecutionListener.prepareTestInstance(ServletTestExecutionListener.java:132)
		at org.springframework.test.context.TestContextManager.prepareTestInstance(TestContextManager.java:244)
		at org.springframework.test.context.junit4.SpringJUnit4ClassRunner.createTest(SpringJUnit4ClassRunner.java:227)
		at org.springframework.test.context.junit4.SpringJUnit4ClassRunner$1.runReflectiveCall(SpringJUnit4ClassRunner.java:289)
		at org.junit.internal.runners.model.ReflectiveCallable.run(ReflectiveCallable.java:12)
		at org.springframework.test.context.junit4.SpringJUnit4ClassRunner.methodBlock(SpringJUnit4ClassRunner.java:291)
		at org.springframework.test.context.junit4.SpringJUnit4ClassRunner.runChild(SpringJUnit4ClassRunner.java:246)
		at org.springframework.test.context.junit4.SpringJUnit4ClassRunner.runChild(SpringJUnit4ClassRunner.java:97)
		at org.junit.runners.ParentRunner$3.run(ParentRunner.java:290)
		at org.junit.runners.ParentRunner$1.schedule(ParentRunner.java:71)
		at org.junit.runners.ParentRunner.runChildren(ParentRunner.java:288)
		at org.junit.runners.ParentRunner.access$000(ParentRunner.java:58)
		at org.junit.runners.ParentRunner$2.evaluate(ParentRunner.java:268)
		at org.springframework.test.context.junit4.statements.RunBeforeTestClassCallbacks.evaluate(RunBeforeTestClassCallbacks.java:61)
		at org.springframework.test.context.junit4.statements.RunAfterTestClassCallbacks.evaluate(RunAfterTestClassCallbacks.java:70)
		at org.junit.runners.ParentRunner.run(ParentRunner.java:363)
		at org.springframework.test.context.junit4.SpringJUnit4ClassRunner.run(SpringJUnit4ClassRunner.java:190)
		at org.junit.runner.JUnitCore.run(JUnitCore.java:137)
		at org.junit.runner.JUnitCore.run(JUnitCore.java:115)
		at org.junit.vintage.engine.execution.RunnerExecutor.execute(RunnerExecutor.java:40)
		at java.util.stream.ForEachOps$ForEachOp$OfRef.accept(ForEachOps.java:183)
		at java.util.stream.ReferencePipeline$3$1.accept(ReferencePipeline.java:193)
		at java.util.Iterator.forEachRemaining(Iterator.java:116)
		at java.util.Spliterators$IteratorSpliterator.forEachRemaining(Spliterators.java:1801)
		at java.util.stream.AbstractPipeline.copyInto(AbstractPipeline.java:482)
		at java.util.stream.AbstractPipeline.wrapAndCopyInto(AbstractPipeline.java:472)
		at java.util.stream.ForEachOps$ForEachOp.evaluateSequential(ForEachOps.java:150)
		at java.util.stream.ForEachOps$ForEachOp$OfRef.evaluateSequential(ForEachOps.java:173)
		at java.util.stream.AbstractPipeline.evaluate(AbstractPipeline.java:234)
		at java.util.stream.ReferencePipeline.forEach(ReferencePipeline.java:485)
		at org.junit.vintage.engine.VintageTestEngine.executeAllChildren(VintageTestEngine.java:80)
		at org.junit.vintage.engine.VintageTestEngine.execute(VintageTestEngine.java:71)
		at org.junit.platform.launcher.core.DefaultLauncher.execute(DefaultLauncher.java:229)
		at org.junit.platform.launcher.core.DefaultLauncher.lambda$execute$6(DefaultLauncher.java:197)
		at org.junit.platform.launcher.core.DefaultLauncher.withInterceptedStreams(DefaultLauncher.java:211)
		at org.junit.platform.launcher.core.DefaultLauncher.execute(DefaultLauncher.java:191)
		at org.junit.platform.launcher.core.DefaultLauncher.execute(DefaultLauncher.java:128)
		at org.apache.maven.surefire.junitplatform.JUnitPlatformProvider.execute(JUnitPlatformProvider.java:188)
		at org.apache.maven.surefire.junitplatform.JUnitPlatformProvider.invokeAllTests(JUnitPlatformProvider.java:154)
		at org.apache.maven.surefire.junitplatform.JUnitPlatformProvider.invoke(JUnitPlatformProvider.java:128)
		at org.apache.maven.surefire.booter.ForkedBooter.runSuitesInProcess(ForkedBooter.java:428)
		at org.apache.maven.surefire.booter.ForkedBooter.execute(ForkedBooter.java:162)
		at org.apache.maven.surefire.booter.ForkedBooter.run(ForkedBooter.java:562)
		at org.apache.maven.surefire.booter.ForkedBooter.main(ForkedBooter.java:548)
	cause[1]: null
	stack: org.apache.kafka.common.internals.KafkaFutureImpl$SingleWaiter.await(KafkaFutureImpl.java:108)
		at org.apache.kafka.common.internals.KafkaFutureImpl.get(KafkaFutureImpl.java:272)
		at org.springframework.cloud.stream.binder.kafka.provisioning.KafkaTopicProvisioner.createTopicAndPartitions(KafkaTopicProvisioner.java:368)
		at org.springframework.cloud.stream.binder.kafka.provisioning.KafkaTopicProvisioner.createTopicIfNecessary(KafkaTopicProvisioner.java:342)
		at org.springframework.cloud.stream.binder.kafka.provisioning.KafkaTopicProvisioner.createTopic(KafkaTopicProvisioner.java:319)
		at org.springframework.cloud.stream.binder.kafka.provisioning.KafkaTopicProvisioner.doProvisionConsumerDestination(KafkaTopicProvisioner.java:217)
		at org.springframework.cloud.stream.binder.kafka.provisioning.KafkaTopicProvisioner.provisionConsumerDestination(KafkaTopicProvisioner.java:183)
		at org.springframework.cloud.stream.binder.kafka.provisioning.KafkaTopicProvisioner.provisionConsumerDestination(KafkaTopicProvisioner.java:79)
		at org.springframework.cloud.stream.binder.AbstractMessageChannelBinder.doBindConsumer(AbstractMessageChannelBinder.java:402)
		at org.springframework.cloud.stream.binder.AbstractMessageChannelBinder.doBindConsumer(AbstractMessageChannelBinder.java:90)
		at org.springframework.cloud.stream.binder.AbstractBinder.bindConsumer(AbstractBinder.java:143)
		at org.springframework.cloud.stream.binding.BindingService.doBindConsumer(BindingService.java:176)
		at org.springframework.cloud.stream.binding.BindingService.bindConsumer(BindingService.java:133)
		at org.springframework.cloud.stream.binding.AbstractBindableProxyFactory.createAndBindInputs(AbstractBindableProxyFactory.java:112)
		at org.springframework.cloud.stream.binding.InputBindingLifecycle.doStartWithBindable(InputBindingLifecycle.java:58)
		at java.util.LinkedHashMap$LinkedValues.forEach(LinkedHashMap.java:608)
		at org.springframework.cloud.stream.binding.AbstractBindingLifecycle.start(AbstractBindingLifecycle.java:57)
		at org.springframework.cloud.stream.binding.InputBindingLifecycle.start(InputBindingLifecycle.java:34)
		at org.springframework.context.support.DefaultLifecycleProcessor.doStart(DefaultLifecycleProcessor.java:182)
		at org.springframework.context.support.DefaultLifecycleProcessor.access$200(DefaultLifecycleProcessor.java:53)
		at org.springframework.context.support.DefaultLifecycleProcessor$LifecycleGroup.start(DefaultLifecycleProcessor.java:360)
		at org.springframework.context.support.DefaultLifecycleProcessor.startBeans(DefaultLifecycleProcessor.java:158)
		at org.springframework.context.support.DefaultLifecycleProcessor.onRefresh(DefaultLifecycleProcessor.java:122)
		at org.springframework.context.support.AbstractApplicationContext.finishRefresh(AbstractApplicationContext.java:894)
		at org.springframework.context.support.AbstractApplicationContext.refresh(AbstractApplicationContext.java:553)
		at org.springframework.boot.SpringApplication.refresh(SpringApplication.java:747)
		at org.springframework.boot.SpringApplication.refreshContext(SpringApplication.java:397)
		at org.springframework.boot.SpringApplication.run(SpringApplication.java:315)
		at org.springframework.boot.test.context.SpringBootContextLoader.loadContext(SpringBootContextLoader.java:126)
		at org.springframework.test.context.cache.DefaultCacheAwareContextLoaderDelegate.loadContextInternal(DefaultCacheAwareContextLoaderDelegate.java:99)
		at org.springframework.test.context.cache.DefaultCacheAwareContextLoaderDelegate.loadContext(DefaultCacheAwareContextLoaderDelegate.java:124)
		at org.springframework.test.context.support.DefaultTestContext.getApplicationContext(DefaultTestContext.java:123)
		at org.springframework.test.context.web.ServletTestExecutionListener.setUpRequestContextIfNecessary(ServletTestExecutionListener.java:190)
		at org.springframework.test.context.web.ServletTestExecutionListener.prepareTestInstance(ServletTestExecutionListener.java:132)
		at org.springframework.test.context.TestContextManager.prepareTestInstance(TestContextManager.java:244)
		at org.springframework.test.context.junit4.SpringJUnit4ClassRunner.createTest(SpringJUnit4ClassRunner.java:227)
		at org.springframework.test.context.junit4.SpringJUnit4ClassRunner$1.runReflectiveCall(SpringJUnit4ClassRunner.java:289)
		at org.junit.internal.runners.model.ReflectiveCallable.run(ReflectiveCallable.java:12)
		at org.springframework.test.context.junit4.SpringJUnit4ClassRunner.methodBlock(SpringJUnit4ClassRunner.java:291)
		at org.springframework.test.context.junit4.SpringJUnit4ClassRunner.runChild(SpringJUnit4ClassRunner.java:246)
		at org.springframework.test.context.junit4.SpringJUnit4ClassRunner.runChild(SpringJUnit4ClassRunner.java:97)
		at org.junit.runners.ParentRunner$3.run(ParentRunner.java:290)
		at org.junit.runners.ParentRunner$1.schedule(ParentRunner.java:71)
		at org.junit.runners.ParentRunner.runChildren(ParentRunner.java:288)
		at org.junit.runners.ParentRunner.access$000(ParentRunner.java:58)
		at org.junit.runners.ParentRunner$2.evaluate(ParentRunner.java:268)
		at org.springframework.test.context.junit4.statements.RunBeforeTestClassCallbacks.evaluate(RunBeforeTestClassCallbacks.java:61)
		at org.springframework.test.context.junit4.statements.RunAfterTestClassCallbacks.evaluate(RunAfterTestClassCallbacks.java:70)
		at org.junit.runners.ParentRunner.run(ParentRunner.java:363)
		at org.springframework.test.context.junit4.SpringJUnit4ClassRunner.run(SpringJUnit4ClassRunner.java:190)
		at org.junit.runner.JUnitCore.run(JUnitCore.java:137)
		at org.junit.runner.JUnitCore.run(JUnitCore.java:115)
		at org.junit.vintage.engine.execution.RunnerExecutor.execute(RunnerExecutor.java:40)
		at java.util.stream.ForEachOps$ForEachOp$OfRef.accept(ForEachOps.java:183)
		at java.util.stream.ReferencePipeline$3$1.accept(ReferencePipeline.java:193)
		at java.util.Iterator.forEachRemaining(Iterator.java:116)
		at java.util.Spliterators$IteratorSpliterator.forEachRemaining(Spliterators.java:1801)
		at java.util.stream.AbstractPipeline.copyInto(AbstractPipeline.java:482)
		at java.util.stream.AbstractPipeline.wrapAndCopyInto(AbstractPipeline.java:472)
		at java.util.stream.ForEachOps$ForEachOp.evaluateSequential(ForEachOps.java:150)
		at java.util.stream.ForEachOps$ForEachOp$OfRef.evaluateSequential(ForEachOps.java:173)
		at java.util.stream.AbstractPipeline.evaluate(AbstractPipeline.java:234)
		at java.util.stream.ReferencePipeline.forEach(ReferencePipeline.java:485)
		at org.junit.vintage.engine.VintageTestEngine.executeAllChildren(VintageTestEngine.java:80)
		at org.junit.vintage.engine.VintageTestEngine.execute(VintageTestEngine.java:71)
		at org.junit.platform.launcher.core.DefaultLauncher.execute(DefaultLauncher.java:229)
		at org.junit.platform.launcher.core.DefaultLauncher.lambda$execute$6(DefaultLauncher.java:197)
		at org.junit.platform.launcher.core.DefaultLauncher.withInterceptedStreams(DefaultLauncher.java:211)
		at org.junit.platform.launcher.core.DefaultLauncher.execute(DefaultLauncher.java:191)
		at org.junit.platform.launcher.core.DefaultLauncher.execute(DefaultLauncher.java:128)
		at org.apache.maven.surefire.junitplatform.JUnitPlatformProvider.execute(JUnitPlatformProvider.java:188)
		at org.apache.maven.surefire.junitplatform.JUnitPlatformProvider.invokeAllTests(JUnitPlatformProvider.java:154)
		at org.apache.maven.surefire.junitplatform.JUnitPlatformProvider.invoke(JUnitPlatformProvider.java:128)
		at org.apache.maven.surefire.booter.ForkedBooter.runSuitesInProcess(ForkedBooter.java:428)
		at org.apache.maven.surefire.booter.ForkedBooter.execute(ForkedBooter.java:162)
		at org.apache.maven.surefire.booter.ForkedBooter.run(ForkedBooter.java:562)
		at org.apache.maven.surefire.booter.ForkedBooter.main(ForkedBooter.java:548)
2021-08-15T19:29:33.094Z, INFO: Started SmsVerificationRepositoryTest in 302.257 seconds (JVM running for 323.85), thread: main, logger: r.d.m.r.SmsVerificationRepositoryTest, host: DESKTOP-V44PB3K, service: demomsa
2021-08-15T19:29:33.284Z, INFO: DsTracerSpot.getTracerHolder(): accept DsTracerHolder=ru.diasoft.flextera.dstrace.sleuth.DsTracerHolderSleuth, thread: main, logger: r.d.f.d.DsTracerSpot, host: DESKTOP-V44PB3K, service: demomsa
Hibernate: select nextval ('"sms_verification_verificationid_seq"')
Hibernate: insert into "sms_verification" ("phonenumber", "processguid", "secretcode", "status", "verificationid") values (?, ?, ?, ?, ?)
]]></system-out>
  </testcase>
  <testcase name="findBySecretCodeAndProcessGuidAndStatus" classname="ru.diasoft.micro.repository.SmsVerificationRepositoryTest" time="0.17">
    <system-out><![CDATA[Hibernate: select nextval ('"sms_verification_verificationid_seq"')
Hibernate: insert into "sms_verification" ("phonenumber", "processguid", "secretcode", "status", "verificationid") values (?, ?, ?, ?, ?)
Hibernate: select smsverific0_."verificationid" as verifica1_0_, smsverific0_."phonenumber" as phonenum2_0_, smsverific0_."processguid" as processg3_0_, smsverific0_."secretcode" as secretco4_0_, smsverific0_."status" as status5_0_ from "sms_verification" smsverific0_ where smsverific0_."secretcode"=? and smsverific0_."processguid"=? and smsverific0_."status"=?
]]></system-out>
  </testcase>
  <testcase name="updateStatusByProcessGuid" classname="ru.diasoft.micro.repository.SmsVerificationRepositoryTest" time="0.133">
    <system-out><![CDATA[Hibernate: select nextval ('"sms_verification_verificationid_seq"')
Hibernate: insert into "sms_verification" ("phonenumber", "processguid", "secretcode", "status", "verificationid") values (?, ?, ?, ?, ?)
Hibernate: update "sms_verification" set "status"=? where "processguid"=?
Hibernate: select smsverific0_."verificationid" as verifica1_0_0_, smsverific0_."phonenumber" as phonenum2_0_0_, smsverific0_."processguid" as processg3_0_0_, smsverific0_."secretcode" as secretco4_0_0_, smsverific0_."status" as status5_0_0_ from "sms_verification" smsverific0_ where smsverific0_."verificationid"=?
]]></system-out>
  </testcase>
</testsuite>