<?xml version="1.0" encoding="UTF-8"?>
<testsuite xmlns:xsi="http://www.w3.org/2001/XMLSchema-instance" xsi:noNamespaceSchemaLocation="https://maven.apache.org/surefire/maven-surefire-plugin/xsd/surefire-test-report-3.0.xsd" version="3.0" name="ru.diasoft.micro.repository.SmsVerificationRepositoryTest" time="46.621" tests="3" errors="0" skipped="0" failures="0">
  <properties>
[...]
</properties>
  <testcase name="smsVerificationCreateTest" classname="ru.diasoft.micro.repository.SmsVerificationRepositoryTest" time="0.536">
    <system-out><![CDATA[2021-04-06 13:04:49,017 main WARN No Docker URI provided. Docker information is unavailable
2021-04-06 13:04:49,018 main WARN Unable to read container information: no protocol: null/containers/json
2021-04-06 13:04:49,026 main WARN No Docker URI provided. Docker information is unavailable
2021-04-06 13:04:49,027 main WARN Unable to read container information: no protocol: null/containers/json
2021-04-06 13:04:50,653 main WARN No Docker URI provided. Docker information is unavailable
2021-04-06 13:04:50,655 main WARN Unable to read container information: no protocol: null/containers/json
2021-04-06 13:04:50,665 main WARN No Docker URI provided. Docker information is unavailable
2021-04-06 13:04:50,666 main WARN Unable to read container information: no protocol: null/containers/json

  .   ____          _            __ _ _
 /\\ / ___'_ __ _ _(_)_ __  __ _ \ \ \ \
( ( )\___ | '_ | '_| | '_ \/ _` | \ \ \ \
 \\/  ___)| |_)| | | | | || (_| |  ) ) ) )
  '  |____| .__|_| |_|_| |_\__, | / / / /
 =========|_|==============|___/=/_/_/_/
 :: Spring Boot ::        (v2.2.6.RELEASE)

2021-04-06T10:04:50.754Z, INFO: Fetching config from server at : http://localhost:8888, thread: main, logger: o.s.c.c.c.ConfigServicePropertySourceLocator, host: DESKTOP-0QP5HIM
2021-04-06T10:04:52.926Z, INFO: Connect Timeout Exception on Url - http://localhost:8888. Will be trying the next url if available, thread: main, logger: o.s.c.c.c.ConfigServicePropertySourceLocator, host: DESKTOP-0QP5HIM
2021-04-06T10:04:52.927Z, WARN: Could not locate PropertySource: I/O error on GET request for "http://localhost:8888/demomsa/default": Connection refused: connect; nested exception is java.net.ConnectException: Connection refused: connect, thread: main, logger: o.s.c.c.c.ConfigServicePropertySourceLocator, host: DESKTOP-0QP5HIM
2021-04-06T10:04:52.941Z, INFO: No active profile set, falling back to default profiles: default, thread: main, logger: r.d.m.r.SmsVerificationRepositoryTest, host: DESKTOP-0QP5HIM
2021-04-06T10:04:55.378Z, INFO: Bootstrapping Spring Data 'JPA' repositories in 'DEFAULT' mode., thread: main, logger: o.s.d.r.c.RepositoryConfigurationDelegate, host: DESKTOP-0QP5HIM
2021-04-06T10:04:55.653Z, INFO: Finished Spring Data repository scanning in 264ms. Found 1 'JPA' repository interfaces., thread: main, logger: o.s.d.r.c.RepositoryConfigurationDelegate, host: DESKTOP-0QP5HIM
2021-04-06T10:04:56.706Z, WARN: Endpoint ID 'service-registry' contains invalid characters, please migrate to a valid format., thread: main, logger: o.s.b.a.e.EndpointId, host: DESKTOP-0QP5HIM
2021-04-06T10:04:57.530Z, INFO: BeanFactory id=7bbe7af6-de2b-321a-aad4-2ad57c19e771, thread: main, logger: o.s.c.c.s.GenericScope, host: DESKTOP-0QP5HIM
2021-04-06T10:04:58.114Z, INFO: No bean named 'errorChannel' has been explicitly defined. Therefore, a default PublishSubscribeChannel will be created., thread: main, logger: o.s.i.c.DefaultConfiguringBeanFactoryPostProcessor, host: DESKTOP-0QP5HIM
2021-04-06T10:04:58.126Z, INFO: No bean named 'taskScheduler' has been explicitly defined. Therefore, a default ThreadPoolTaskScheduler will be created., thread: main, logger: o.s.i.c.DefaultConfiguringBeanFactoryPostProcessor, host: DESKTOP-0QP5HIM
2021-04-06T10:04:58.148Z, INFO: No bean named 'integrationHeaderChannelRegistry' has been explicitly defined. Therefore, a default DefaultHeaderChannelRegistry will be created., thread: main, logger: o.s.i.c.DefaultConfiguringBeanFactoryPostProcessor, host: DESKTOP-0QP5HIM
2021-04-06T10:04:58.858Z, INFO: Bean 'org.springframework.security.config.annotation.configuration.ObjectPostProcessorConfiguration' of type [org.springframework.security.config.annotation.configuration.ObjectPostProcessorConfiguration] is not eligible for getting processed by all BeanPostProcessors (for example: not eligible for auto-proxying), thread: main, logger: o.s.c.s.PostProcessorRegistrationDelegate$BeanPostProcessorChecker, host: DESKTOP-0QP5HIM
2021-04-06T10:04:58.879Z, INFO: Bean 'objectPostProcessor' of type [org.springframework.security.config.annotation.configuration.AutowireBeanFactoryObjectPostProcessor] is not eligible for getting processed by all BeanPostProcessors (for example: not eligible for auto-proxying), thread: main, logger: o.s.c.s.PostProcessorRegistrationDelegate$BeanPostProcessorChecker, host: DESKTOP-0QP5HIM
2021-04-06T10:04:58.898Z, INFO: Bean 'org.springframework.security.access.expression.method.DefaultMethodSecurityExpressionHandler@50a969d2' of type [org.springframework.security.oauth2.provider.expression.OAuth2MethodSecurityExpressionHandler] is not eligible for getting processed by all BeanPostProcessors (for example: not eligible for auto-proxying), thread: main, logger: o.s.c.s.PostProcessorRegistrationDelegate$BeanPostProcessorChecker, host: DESKTOP-0QP5HIM
2021-04-06T10:04:58.918Z, INFO: Bean 'org.springframework.security.config.annotation.method.configuration.GlobalMethodSecurityConfiguration' of type [org.springframework.security.config.annotation.method.configuration.GlobalMethodSecurityConfiguration] is not eligible for getting processed by all BeanPostProcessors (for example: not eligible for auto-proxying), thread: main, logger: o.s.c.s.PostProcessorRegistrationDelegate$BeanPostProcessorChecker, host: DESKTOP-0QP5HIM
2021-04-06T10:04:58.959Z, INFO: Bean 'methodSecurityMetadataSource' of type [org.springframework.security.access.method.DelegatingMethodSecurityMetadataSource] is not eligible for getting processed by all BeanPostProcessors (for example: not eligible for auto-proxying), thread: main, logger: o.s.c.s.PostProcessorRegistrationDelegate$BeanPostProcessorChecker, host: DESKTOP-0QP5HIM
2021-04-06T10:04:59.109Z, INFO: Bean 'integrationChannelResolver' of type [org.springframework.integration.support.channel.BeanFactoryChannelResolver] is not eligible for getting processed by all BeanPostProcessors (for example: not eligible for auto-proxying), thread: main, logger: o.s.c.s.PostProcessorRegistrationDelegate$BeanPostProcessorChecker, host: DESKTOP-0QP5HIM
2021-04-06T10:04:59.124Z, INFO: Bean 'integrationDisposableAutoCreatedBeans' of type [org.springframework.integration.config.annotation.Disposables] is not eligible for getting processed by all BeanPostProcessors (for example: not eligible for auto-proxying), thread: main, logger: o.s.c.s.PostProcessorRegistrationDelegate$BeanPostProcessorChecker, host: DESKTOP-0QP5HIM
2021-04-06T10:04:59.195Z, INFO: Bean 'queryDslValueOperatorsConfig' of type [ru.diasoft.micro.querydsl.config.QueryDslValueOperatorsConfig$$EnhancerBySpringCGLIB$$f759aa26] is not eligible for getting processed by all BeanPostProcessors (for example: not eligible for auto-proxying), thread: main, logger: o.s.c.s.PostProcessorRegistrationDelegate$BeanPostProcessorChecker, host: DESKTOP-0QP5HIM
2021-04-06T10:04:59.221Z, INFO: Bean 'org.springframework.data.web.config.QuerydslWebConfiguration' of type [org.springframework.data.web.config.QuerydslWebConfiguration$$EnhancerBySpringCGLIB$$eb5bdf4d] is not eligible for getting processed by all BeanPostProcessors (for example: not eligible for auto-proxying), thread: main, logger: o.s.c.s.PostProcessorRegistrationDelegate$BeanPostProcessorChecker, host: DESKTOP-0QP5HIM
2021-04-06T10:04:59.320Z, INFO: Bean '(inner bean)#551e9d5b' of type [org.springframework.beans.factory.config.PropertiesFactoryBean] is not eligible for getting processed by all BeanPostProcessors (for example: not eligible for auto-proxying), thread: main, logger: o.s.c.s.PostProcessorRegistrationDelegate$BeanPostProcessorChecker, host: DESKTOP-0QP5HIM
2021-04-06T10:04:59.336Z, INFO: Bean '(inner bean)#551e9d5b' of type [java.util.Properties] is not eligible for getting processed by all BeanPostProcessors (for example: not eligible for auto-proxying), thread: main, logger: o.s.c.s.PostProcessorRegistrationDelegate$BeanPostProcessorChecker, host: DESKTOP-0QP5HIM
2021-04-06T10:04:59.401Z, INFO: Bean '(inner bean)#33811090' of type [org.springframework.data.repository.core.support.PropertiesBasedNamedQueries] is not eligible for getting processed by all BeanPostProcessors (for example: not eligible for auto-proxying), thread: main, logger: o.s.c.s.PostProcessorRegistrationDelegate$BeanPostProcessorChecker, host: DESKTOP-0QP5HIM
2021-04-06T10:04:59.429Z, INFO: Bean '(inner bean)#7710ff1e' of type [org.springframework.data.repository.core.support.RepositoryFragmentsFactoryBean] is not eligible for getting processed by all BeanPostProcessors (for example: not eligible for auto-proxying), thread: main, logger: o.s.c.s.PostProcessorRegistrationDelegate$BeanPostProcessorChecker, host: DESKTOP-0QP5HIM
2021-04-06T10:04:59.443Z, INFO: Bean '(inner bean)#7710ff1e' of type [org.springframework.data.repository.core.support.RepositoryComposition$RepositoryFragments] is not eligible for getting processed by all BeanPostProcessors (for example: not eligible for auto-proxying), thread: main, logger: o.s.c.s.PostProcessorRegistrationDelegate$BeanPostProcessorChecker, host: DESKTOP-0QP5HIM
2021-04-06T10:04:59.498Z, INFO: Bean 'org.springframework.boot.autoconfigure.cache.SimpleCacheConfiguration' of type [org.springframework.boot.autoconfigure.cache.SimpleCacheConfiguration] is not eligible for getting processed by all BeanPostProcessors (for example: not eligible for auto-proxying), thread: main, logger: o.s.c.s.PostProcessorRegistrationDelegate$BeanPostProcessorChecker, host: DESKTOP-0QP5HIM
2021-04-06T10:04:59.526Z, INFO: Bean 'org.springframework.cloud.stream.config.BindersHealthIndicatorAutoConfiguration' of type [org.springframework.cloud.stream.config.BindersHealthIndicatorAutoConfiguration$$EnhancerBySpringCGLIB$$12cc0700] is not eligible for getting processed by all BeanPostProcessors (for example: not eligible for auto-proxying), thread: main, logger: o.s.c.s.PostProcessorRegistrationDelegate$BeanPostProcessorChecker, host: DESKTOP-0QP5HIM
2021-04-06T10:04:59.546Z, INFO: Bean 'bindersHealthContributor' of type [org.springframework.cloud.stream.config.BindersHealthIndicatorAutoConfiguration$BindersHealthContributor] is not eligible for getting processed by all BeanPostProcessors (for example: not eligible for auto-proxying), thread: main, logger: o.s.c.s.PostProcessorRegistrationDelegate$BeanPostProcessorChecker, host: DESKTOP-0QP5HIM
2021-04-06T10:04:59.573Z, INFO: Bean 'bindersHealthIndicatorListener' of type [org.springframework.cloud.stream.config.BindersHealthIndicatorAutoConfiguration$BindersHealthIndicatorListener] is not eligible for getting processed by all BeanPostProcessors (for example: not eligible for auto-proxying), thread: main, logger: o.s.c.s.PostProcessorRegistrationDelegate$BeanPostProcessorChecker, host: DESKTOP-0QP5HIM
2021-04-06T10:04:59.609Z, INFO: Bean 'org.springframework.cloud.stream.binder.kafka.config.ExtendedBindingHandlerMappingsProviderConfiguration' of type [org.springframework.cloud.stream.binder.kafka.config.ExtendedBindingHandlerMappingsProviderConfiguration$$EnhancerBySpringCGLIB$$be1f8695] is not eligible for getting processed by all BeanPostProcessors (for example: not eligible for auto-proxying), thread: main, logger: o.s.c.s.PostProcessorRegistrationDelegate$BeanPostProcessorChecker, host: DESKTOP-0QP5HIM
2021-04-06T10:04:59.623Z, INFO: Bean 'kafkaExtendedPropertiesDefaultMappingsProvider' of type [org.springframework.cloud.stream.binder.kafka.config.ExtendedBindingHandlerMappingsProviderConfiguration$$Lambda$808/1675280189] is not eligible for getting processed by all BeanPostProcessors (for example: not eligible for auto-proxying), thread: main, logger: o.s.c.s.PostProcessorRegistrationDelegate$BeanPostProcessorChecker, host: DESKTOP-0QP5HIM
2021-04-06T10:04:59.671Z, INFO: Bean 'BindingHandlerAdvise' of type [org.springframework.cloud.stream.config.BindingHandlerAdvise] is not eligible for getting processed by all BeanPostProcessors (for example: not eligible for auto-proxying), thread: main, logger: o.s.c.s.PostProcessorRegistrationDelegate$BeanPostProcessorChecker, host: DESKTOP-0QP5HIM
2021-04-06T10:04:59.703Z, INFO: Bean 'spelConverter' of type [org.springframework.cloud.stream.config.SpelExpressionConverterConfiguration$SpelConverter] is not eligible for getting processed by all BeanPostProcessors (for example: not eligible for auto-proxying), thread: main, logger: o.s.c.s.PostProcessorRegistrationDelegate$BeanPostProcessorChecker, host: DESKTOP-0QP5HIM
2021-04-06T10:04:59.716Z, INFO: Bean 'spring.cache-org.springframework.boot.autoconfigure.cache.CacheProperties' of type [org.springframework.boot.autoconfigure.cache.CacheProperties] is not eligible for getting processed by all BeanPostProcessors (for example: not eligible for auto-proxying), thread: main, logger: o.s.c.s.PostProcessorRegistrationDelegate$BeanPostProcessorChecker, host: DESKTOP-0QP5HIM
2021-04-06T10:04:59.728Z, INFO: Bean 'org.springframework.boot.autoconfigure.cache.CacheAutoConfiguration' of type [org.springframework.boot.autoconfigure.cache.CacheAutoConfiguration] is not eligible for getting processed by all BeanPostProcessors (for example: not eligible for auto-proxying), thread: main, logger: o.s.c.s.PostProcessorRegistrationDelegate$BeanPostProcessorChecker, host: DESKTOP-0QP5HIM
2021-04-06T10:04:59.738Z, INFO: Bean 'cacheManagerCustomizers' of type [org.springframework.boot.autoconfigure.cache.CacheManagerCustomizers] is not eligible for getting processed by all BeanPostProcessors (for example: not eligible for auto-proxying), thread: main, logger: o.s.c.s.PostProcessorRegistrationDelegate$BeanPostProcessorChecker, host: DESKTOP-0QP5HIM
2021-04-06T10:04:59.755Z, INFO: Bean 'cacheManager' of type [org.springframework.cache.concurrent.ConcurrentMapCacheManager] is not eligible for getting processed by all BeanPostProcessors (for example: not eligible for auto-proxying), thread: main, logger: o.s.c.s.PostProcessorRegistrationDelegate$BeanPostProcessorChecker, host: DESKTOP-0QP5HIM
2021-04-06T10:04:59.777Z, INFO: Bean 'spring.liquibase-org.springframework.boot.autoconfigure.liquibase.LiquibaseProperties' of type [org.springframework.boot.autoconfigure.liquibase.LiquibaseProperties] is not eligible for getting processed by all BeanPostProcessors (for example: not eligible for auto-proxying), thread: main, logger: o.s.c.s.PostProcessorRegistrationDelegate$BeanPostProcessorChecker, host: DESKTOP-0QP5HIM
2021-04-06T10:04:59.789Z, INFO: Bean 'org.springframework.boot.autoconfigure.liquibase.LiquibaseAutoConfiguration$LiquibaseConfiguration' of type [org.springframework.boot.autoconfigure.liquibase.LiquibaseAutoConfiguration$LiquibaseConfiguration] is not eligible for getting processed by all BeanPostProcessors (for example: not eligible for auto-proxying), thread: main, logger: o.s.c.s.PostProcessorRegistrationDelegate$BeanPostProcessorChecker, host: DESKTOP-0QP5HIM
2021-04-06T10:04:59.820Z, INFO: Bean 'spring.datasource-org.springframework.boot.autoconfigure.jdbc.DataSourceProperties' of type [org.springframework.boot.autoconfigure.jdbc.DataSourceProperties] is not eligible for getting processed by all BeanPostProcessors (for example: not eligible for auto-proxying), thread: main, logger: o.s.c.s.PostProcessorRegistrationDelegate$BeanPostProcessorChecker, host: DESKTOP-0QP5HIM
2021-04-06T10:04:59.848Z, INFO: Bean 'org.springframework.boot.autoconfigure.jdbc.DataSourceConfiguration$Hikari' of type [org.springframework.boot.autoconfigure.jdbc.DataSourceConfiguration$Hikari] is not eligible for getting processed by all BeanPostProcessors (for example: not eligible for auto-proxying), thread: main, logger: o.s.c.s.PostProcessorRegistrationDelegate$BeanPostProcessorChecker, host: DESKTOP-0QP5HIM
2021-04-06T10:04:59.967Z, INFO: Bean 'dataSource' of type [com.zaxxer.hikari.HikariDataSource] is not eligible for getting processed by all BeanPostProcessors (for example: not eligible for auto-proxying), thread: main, logger: o.s.c.s.PostProcessorRegistrationDelegate$BeanPostProcessorChecker, host: DESKTOP-0QP5HIM
2021-04-06T10:05:00.030Z, INFO: Bean 'org.springframework.boot.autoconfigure.jdbc.DataSourceInitializerInvoker' of type [org.springframework.boot.autoconfigure.jdbc.DataSourceInitializerInvoker] is not eligible for getting processed by all BeanPostProcessors (for example: not eligible for auto-proxying), thread: main, logger: o.s.c.s.PostProcessorRegistrationDelegate$BeanPostProcessorChecker, host: DESKTOP-0QP5HIM
2021-04-06T10:05:00.076Z, INFO: 'HikariPool-1' - Starting..., thread: main, logger: c.z.h.HikariDataSource, host: DESKTOP-0QP5HIM
2021-04-06T10:05:02.052Z, INFO: 'HikariPool-1' - Start completed., thread: main, logger: c.z.h.HikariDataSource, host: DESKTOP-0QP5HIM
2021-04-06T10:05:03.795Z, INFO: SELECT COUNT(*) FROM fsmsa.databasechangeloglock, thread: main, logger: l.e.j.JdbcExecutor, host: DESKTOP-0QP5HIM
2021-04-06T10:05:03.861Z, INFO: SELECT COUNT(*) FROM fsmsa.databasechangeloglock, thread: main, logger: l.e.j.JdbcExecutor, host: DESKTOP-0QP5HIM
2021-04-06T10:05:03.938Z, INFO: SELECT LOCKED FROM fsmsa.databasechangeloglock WHERE ID=1, thread: main, logger: l.e.j.JdbcExecutor, host: DESKTOP-0QP5HIM
2021-04-06T10:05:04.145Z, INFO: Successfully acquired change log lock, thread: main, logger: l.l.StandardLockService, host: DESKTOP-0QP5HIM
2021-04-06T10:05:06.196Z, INFO: SELECT MD5SUM FROM fsmsa.databasechangelog WHERE MD5SUM IS NOT NULL LIMIT 1, thread: main, logger: l.e.j.JdbcExecutor, host: DESKTOP-0QP5HIM
2021-04-06T10:05:06.257Z, INFO: SELECT COUNT(*) FROM fsmsa.databasechangelog, thread: main, logger: l.e.j.JdbcExecutor, host: DESKTOP-0QP5HIM
2021-04-06T10:05:06.319Z, INFO: Reading from fsmsa.databasechangelog, thread: main, logger: l.c.StandardChangeLogHistoryService, host: DESKTOP-0QP5HIM
2021-04-06T10:05:06.319Z, INFO: SELECT * FROM fsmsa.databasechangelog ORDER BY DATEEXECUTED ASC, ORDEREXECUTED ASC, thread: main, logger: l.e.j.JdbcExecutor, host: DESKTOP-0QP5HIM
2021-04-06T10:05:06.577Z, INFO: Successfully released change log lock, thread: main, logger: l.l.StandardLockService, host: DESKTOP-0QP5HIM
2021-04-06T10:05:06.578Z, INFO: Bean 'liquibase' of type [liquibase.integration.spring.SpringLiquibase] is not eligible for getting processed by all BeanPostProcessors (for example: not eligible for auto-proxying), thread: main, logger: o.s.c.s.PostProcessorRegistrationDelegate$BeanPostProcessorChecker, host: DESKTOP-0QP5HIM
2021-04-06T10:05:06.620Z, INFO: Bean 'spring.jpa-org.springframework.boot.autoconfigure.orm.jpa.JpaProperties' of type [org.springframework.boot.autoconfigure.orm.jpa.JpaProperties] is not eligible for getting processed by all BeanPostProcessors (for example: not eligible for auto-proxying), thread: main, logger: o.s.c.s.PostProcessorRegistrationDelegate$BeanPostProcessorChecker, host: DESKTOP-0QP5HIM
2021-04-06T10:05:06.639Z, INFO: Bean 'spring.jpa.hibernate-org.springframework.boot.autoconfigure.orm.jpa.HibernateProperties' of type [org.springframework.boot.autoconfigure.orm.jpa.HibernateProperties] is not eligible for getting processed by all BeanPostProcessors (for example: not eligible for auto-proxying), thread: main, logger: o.s.c.s.PostProcessorRegistrationDelegate$BeanPostProcessorChecker, host: DESKTOP-0QP5HIM
2021-04-06T10:05:06.653Z, INFO: Bean 'org.springframework.boot.autoconfigure.jdbc.metadata.DataSourcePoolMetadataProvidersConfiguration$HikariPoolDataSourceMetadataProviderConfiguration' of type [org.springframework.boot.autoconfigure.jdbc.metadata.DataSourcePoolMetadataProvidersConfiguration$HikariPoolDataSourceMetadataProviderConfiguration] is not eligible for getting processed by all BeanPostProcessors (for example: not eligible for auto-proxying), thread: main, logger: o.s.c.s.PostProcessorRegistrationDelegate$BeanPostProcessorChecker, host: DESKTOP-0QP5HIM
2021-04-06T10:05:06.659Z, INFO: Bean 'hikariPoolDataSourceMetadataProvider' of type [org.springframework.boot.autoconfigure.jdbc.metadata.DataSourcePoolMetadataProvidersConfiguration$HikariPoolDataSourceMetadataProviderConfiguration$$Lambda$832/939174876] is not eligible for getting processed by all BeanPostProcessors (for example: not eligible for auto-proxying), thread: main, logger: o.s.c.s.PostProcessorRegistrationDelegate$BeanPostProcessorChecker, host: DESKTOP-0QP5HIM
2021-04-06T10:05:06.693Z, INFO: Bean 'org.springframework.boot.autoconfigure.orm.jpa.HibernateJpaConfiguration' of type [org.springframework.boot.autoconfigure.orm.jpa.HibernateJpaConfiguration] is not eligible for getting processed by all BeanPostProcessors (for example: not eligible for auto-proxying), thread: main, logger: o.s.c.s.PostProcessorRegistrationDelegate$BeanPostProcessorChecker, host: DESKTOP-0QP5HIM
2021-04-06T10:05:06.754Z, INFO: Bean 'jpaVendorAdapter' of type [org.springframework.orm.jpa.vendor.HibernateJpaVendorAdapter] is not eligible for getting processed by all BeanPostProcessors (for example: not eligible for auto-proxying), thread: main, logger: o.s.c.s.PostProcessorRegistrationDelegate$BeanPostProcessorChecker, host: DESKTOP-0QP5HIM
2021-04-06T10:05:06.768Z, INFO: Bean 'entityManagerFactoryBuilder' of type [org.springframework.boot.orm.jpa.EntityManagerFactoryBuilder] is not eligible for getting processed by all BeanPostProcessors (for example: not eligible for auto-proxying), thread: main, logger: o.s.c.s.PostProcessorRegistrationDelegate$BeanPostProcessorChecker, host: DESKTOP-0QP5HIM
2021-04-06T10:05:06.872Z, INFO: HHH000204: Processing PersistenceUnitInfo [name: default], thread: main, logger: o.h.j.i.u.LogHelper, host: DESKTOP-0QP5HIM
2021-04-06T10:05:07.232Z, INFO: HHH000412: Hibernate ORM core version 5.4.12.Final, thread: main, logger: o.h.Version, host: DESKTOP-0QP5HIM
2021-04-06T10:05:07.435Z, INFO: HCANN000001: Hibernate Commons Annotations {5.1.0.Final}, thread: main, logger: o.h.a.c.Version, host: DESKTOP-0QP5HIM
2021-04-06T10:05:07.702Z, INFO: HHH000400: Using dialect: org.hibernate.dialect.PostgreSQL95Dialect, thread: main, logger: o.h.d.Dialect, host: DESKTOP-0QP5HIM
2021-04-06T10:05:09.707Z, INFO: HHH000490: Using JtaPlatform implementation: [org.hibernate.engine.transaction.jta.platform.internal.NoJtaPlatform], thread: main, logger: o.h.e.t.j.p.i.JtaPlatformInitiator, host: DESKTOP-0QP5HIM
2021-04-06T10:05:09.721Z, INFO: Initialized JPA EntityManagerFactory for persistence unit 'default', thread: main, logger: o.s.o.j.LocalContainerEntityManagerFactoryBean, host: DESKTOP-0QP5HIM
2021-04-06T10:05:09.723Z, INFO: Bean 'entityManagerFactory' of type [org.springframework.orm.jpa.LocalContainerEntityManagerFactoryBean] is not eligible for getting processed by all BeanPostProcessors (for example: not eligible for auto-proxying), thread: main, logger: o.s.c.s.PostProcessorRegistrationDelegate$BeanPostProcessorChecker, host: DESKTOP-0QP5HIM
2021-04-06T10:05:09.738Z, INFO: Bean 'entityManagerFactory' of type [com.sun.proxy.$Proxy226] is not eligible for getting processed by all BeanPostProcessors (for example: not eligible for auto-proxying), thread: main, logger: o.s.c.s.PostProcessorRegistrationDelegate$BeanPostProcessorChecker, host: DESKTOP-0QP5HIM
2021-04-06T10:05:09.778Z, INFO: Bean '(inner bean)#78cb3176' of type [com.sun.proxy.$Proxy230] is not eligible for getting processed by all BeanPostProcessors (for example: not eligible for auto-proxying), thread: main, logger: o.s.c.s.PostProcessorRegistrationDelegate$BeanPostProcessorChecker, host: DESKTOP-0QP5HIM
2021-04-06T10:05:09.833Z, INFO: Bean 'jpaMappingContext' of type [org.springframework.data.jpa.repository.config.JpaMetamodelMappingContextFactoryBean] is not eligible for getting processed by all BeanPostProcessors (for example: not eligible for auto-proxying), thread: main, logger: o.s.c.s.PostProcessorRegistrationDelegate$BeanPostProcessorChecker, host: DESKTOP-0QP5HIM
2021-04-06T10:05:09.848Z, INFO: Bean 'jpaMappingContext' of type [org.springframework.data.jpa.mapping.JpaMetamodelMappingContext] is not eligible for getting processed by all BeanPostProcessors (for example: not eligible for auto-proxying), thread: main, logger: o.s.c.s.PostProcessorRegistrationDelegate$BeanPostProcessorChecker, host: DESKTOP-0QP5HIM
2021-04-06T10:05:10.538Z, INFO: Bean 'smsVerificationRepository' of type [org.springframework.data.jpa.repository.support.JpaRepositoryFactoryBean] is not eligible for getting processed by all BeanPostProcessors (for example: not eligible for auto-proxying), thread: main, logger: o.s.c.s.PostProcessorRegistrationDelegate$BeanPostProcessorChecker, host: DESKTOP-0QP5HIM
2021-04-06T10:05:10.560Z, INFO: Bean 'querydslBindingsFactory' of type [org.springframework.data.querydsl.binding.QuerydslBindingsFactory] is not eligible for getting processed by all BeanPostProcessors (for example: not eligible for auto-proxying), thread: main, logger: o.s.c.s.PostProcessorRegistrationDelegate$BeanPostProcessorChecker, host: DESKTOP-0QP5HIM
2021-04-06T10:05:10.573Z, INFO: Bean 'defaultFormattingConfig' of type [ru.diasoft.micro.lib.config.DefaultFormattingConfig$$EnhancerBySpringCGLIB$$fdae3a23] is not eligible for getting processed by all BeanPostProcessors (for example: not eligible for auto-proxying), thread: main, logger: o.s.c.s.PostProcessorRegistrationDelegate$BeanPostProcessorChecker, host: DESKTOP-0QP5HIM
2021-04-06T10:05:10.594Z, INFO: Bean 'defaultFormattingConversionService' of type [org.springframework.format.support.DefaultFormattingConversionService] is not eligible for getting processed by all BeanPostProcessors (for example: not eligible for auto-proxying), thread: main, logger: o.s.c.s.PostProcessorRegistrationDelegate$BeanPostProcessorChecker, host: DESKTOP-0QP5HIM
2021-04-06T10:05:10.710Z, INFO: Bean 'org.springframework.integration.config.IntegrationManagementConfiguration' of type [org.springframework.integration.config.IntegrationManagementConfiguration] is not eligible for getting processed by all BeanPostProcessors (for example: not eligible for auto-proxying), thread: main, logger: o.s.c.s.PostProcessorRegistrationDelegate$BeanPostProcessorChecker, host: DESKTOP-0QP5HIM
2021-04-06T10:05:10.779Z, INFO: Bean 'org.springframework.cloud.client.loadbalancer.reactive.LoadBalancerBeanPostProcessorAutoConfiguration' of type [org.springframework.cloud.client.loadbalancer.reactive.LoadBalancerBeanPostProcessorAutoConfiguration] is not eligible for getting processed by all BeanPostProcessors (for example: not eligible for auto-proxying), thread: main, logger: o.s.c.s.PostProcessorRegistrationDelegate$BeanPostProcessorChecker, host: DESKTOP-0QP5HIM
2021-04-06T10:05:10.787Z, INFO: Bean 'org.springframework.cloud.client.loadbalancer.reactive.LoadBalancerBeanPostProcessorAutoConfiguration$ReactiveLoadBalancerConfig' of type [org.springframework.cloud.client.loadbalancer.reactive.LoadBalancerBeanPostProcessorAutoConfiguration$ReactiveLoadBalancerConfig] is not eligible for getting processed by all BeanPostProcessors (for example: not eligible for auto-proxying), thread: main, logger: o.s.c.s.PostProcessorRegistrationDelegate$BeanPostProcessorChecker, host: DESKTOP-0QP5HIM
2021-04-06T10:05:10.796Z, INFO: Bean 'deferringLoadBalancerExchangeFilterFunction' of type [org.springframework.cloud.client.loadbalancer.reactive.DeferringLoadBalancerExchangeFilterFunction] is not eligible for getting processed by all BeanPostProcessors (for example: not eligible for auto-proxying), thread: main, logger: o.s.c.s.PostProcessorRegistrationDelegate$BeanPostProcessorChecker, host: DESKTOP-0QP5HIM
2021-04-06T10:05:11.191Z, INFO: Initializing ExecutorService 'taskScheduler', thread: main, logger: o.s.s.c.ThreadPoolTaskScheduler, host: DESKTOP-0QP5HIM
2021-04-06T10:05:13.532Z, INFO: 'Eureka' server 'http://localhost:8761/eureka/' is not available, thread: main, logger: r.d.m.m.l.m.s.AvailabilityServer, host: DESKTOP-0QP5HIM
2021-04-06T10:05:13.533Z, INFO: 'Kubernetes' server is not available, thread: main, logger: r.d.m.m.l.m.s.AvailabilityServer, host: DESKTOP-0QP5HIM
2021-04-06T10:05:13.633Z, INFO: MDPRibbon Discovery Client initializing, thread: main, logger: r.d.m.m.l.m.MDPRibbonAutoConfiguration, host: DESKTOP-0QP5HIM
2021-04-06T10:05:14.761Z, WARN: spring.jpa.open-in-view is enabled by default. Therefore, database queries may be performed during view rendering. Explicitly configure spring.jpa.open-in-view to disable this warning, thread: main, logger: o.s.b.a.o.j.JpaBaseConfiguration$JpaWebConfiguration, host: DESKTOP-0QP5HIM
2021-04-06T10:05:15.151Z, WARN: No URLs will be polled as dynamic configuration sources., thread: main, logger: c.n.c.s.URLConfigurationSource, host: DESKTOP-0QP5HIM
2021-04-06T10:05:15.151Z, INFO: To enable URLs as dynamic configuration sources, define System property archaius.configurationSource.additionalUrls or make config.properties available on classpath., thread: main, logger: c.n.c.s.URLConfigurationSource, host: DESKTOP-0QP5HIM
2021-04-06T10:05:15.189Z, INFO: DynamicPropertyFactory is initialized with configuration sources: com.netflix.config.ConcurrentCompositeConfiguration@2cd925c7, thread: main, logger: c.n.c.DynamicPropertyFactory, host: DESKTOP-0QP5HIM
2021-04-06T10:05:17.595Z, INFO: Exposing 2 endpoint(s) beneath base path '/actuator', thread: main, logger: o.s.b.a.e.w.EndpointLinksResolver, host: DESKTOP-0QP5HIM
2021-04-06T10:05:19.677Z, WARN: No URLs will be polled as dynamic configuration sources., thread: main, logger: c.n.c.s.URLConfigurationSource, host: DESKTOP-0QP5HIM
2021-04-06T10:05:19.677Z, INFO: To enable URLs as dynamic configuration sources, define System property archaius.configurationSource.additionalUrls or make config.properties available on classpath., thread: main, logger: c.n.c.s.URLConfigurationSource, host: DESKTOP-0QP5HIM
2021-04-06T10:05:20.035Z, INFO: Initializing ExecutorService 'applicationTaskExecutor', thread: main, logger: o.s.s.c.ThreadPoolTaskExecutor, host: DESKTOP-0QP5HIM
2021-04-06T10:05:20.920Z, INFO: Functional binding is disabled due to the presense of @EnableBinding annotation in your configuration, thread: main, logger: o.s.c.s.f.FunctionConfiguration$FunctionBindingRegistrar, host: DESKTOP-0QP5HIM
2021-04-06T10:05:21.314Z, INFO: 

Using generated security password: f8cf04fe-d5f1-4a17-b79e-60c74ab28f00
, thread: main, logger: o.s.b.a.s.s.UserDetailsServiceAutoConfiguration, host: DESKTOP-0QP5HIM
2021-04-06T10:05:22.147Z, INFO: Creating filter chain: any request, [org.springframework.security.web.context.request.async.WebAsyncManagerIntegrationFilter@7f3f48c, org.springframework.security.web.context.SecurityContextPersistenceFilter@55b0eb60, org.springframework.security.web.header.HeaderWriterFilter@113add14, org.springframework.security.web.authentication.logout.LogoutFilter@793e109b, org.springframework.security.oauth2.provider.authentication.OAuth2AuthenticationProcessingFilter@68d60b10, org.springframework.security.web.savedrequest.RequestCacheAwareFilter@785c0d75, org.springframework.security.web.servletapi.SecurityContextHolderAwareRequestFilter@32025a7e, org.springframework.security.web.authentication.AnonymousAuthenticationFilter@2d081e11, org.springframework.security.web.session.SessionManagementFilter@11aa2d2d, org.springframework.security.web.access.ExceptionTranslationFilter@138c3017, org.springframework.security.web.access.intercept.FilterSecurityInterceptor@64197a02], thread: main, logger: o.s.s.w.DefaultSecurityFilterChain, host: DESKTOP-0QP5HIM
2021-04-06T10:05:24.696Z, WARN: You already have RibbonLoadBalancerClient on your classpath. It will be used by default. As Spring Cloud Ribbon is in maintenance mode. We recommend switching to BlockingLoadBalancerClient instead. In order to use it, set the value of `spring.cloud.loadbalancer.ribbon.enabled` to `false` or remove spring-cloud-starter-netflix-ribbon from your project., thread: main, logger: o.s.c.l.c.BlockingLoadBalancerClientAutoConfiguration$BlockingLoadBalancerClientRibbonWarnLogger, host: DESKTOP-0QP5HIM
2021-04-06T10:05:24.813Z, WARN: You have RibbonLoadBalancerClient on your classpath. LoadBalancerExchangeFilterFunction that uses it under the hood will be used by default. Spring Cloud Ribbon is now in maintenance mode, so we suggest switching to ReactorLoadBalancerExchangeFilterFunction instead. In order to use it, set the value of `spring.cloud.loadbalancer.ribbon.enabled` to `false` or remove spring-cloud-starter-netflix-ribbon from your project., thread: main, logger: o.s.c.c.l.r.ReactorLoadBalancerClientAutoConfiguration$ReactorLoadBalancerClientRibbonWarnLogger, host: DESKTOP-0QP5HIM
2021-04-06T10:05:25.027Z, WARN: All Spring Cloud Security modules and starters are deprecated. They will be moved to individual projects in the next major release., thread: main, logger: o.s.c.s.o.SpringCloudSecurityAutoConfiguration, host: DESKTOP-0QP5HIM
2021-04-06T10:05:26.172Z, WARN: Check result of the [org.springframework.cloud.sleuth.zipkin2.sender.RestTemplateSender@65845289] contains an error [CheckResult{ok=false, error=org.springframework.web.client.ResourceAccessException: I/O error on POST request for "http://localhost:9411/api/v2/spans": connect timed out; nested exception is java.net.SocketTimeoutException: connect timed out}], thread: main, logger: o.s.c.s.z.ZipkinAutoConfiguration, host: DESKTOP-0QP5HIM
2021-04-06T10:05:27.232Z, INFO: Channel 'demomsa-1.smsVerificationDeliveredSubscribe' has 1 subscriber(s)., thread: main, logger: o.s.c.s.m.DirectWithAttributesChannel, host: DESKTOP-0QP5HIM
2021-04-06T10:05:27.325Z, INFO: Adding {logging-channel-adapter:_org.springframework.integration.errorLogger} as a subscriber to the 'errorChannel' channel, thread: main, logger: o.s.i.e.EventDrivenConsumer, host: DESKTOP-0QP5HIM
2021-04-06T10:05:27.326Z, INFO: Channel 'demomsa-1.errorChannel' has 1 subscriber(s)., thread: main, logger: o.s.i.c.PublishSubscribeChannel, host: DESKTOP-0QP5HIM
2021-04-06T10:05:27.326Z, INFO: started bean '_org.springframework.integration.errorLogger', thread: main, logger: o.s.i.e.EventDrivenConsumer, host: DESKTOP-0QP5HIM
2021-04-06T10:05:27.328Z, INFO: Creating binder: kafka, thread: main, logger: o.s.c.s.b.DefaultBinderFactory, host: DESKTOP-0QP5HIM
2021-04-06 13:05:28,127 main WARN No Docker URI provided. Docker information is unavailable
2021-04-06 13:05:28,127 main WARN Unable to read container information: no protocol: null/containers/json
2021-04-06 13:05:28,134 main WARN No Docker URI provided. Docker information is unavailable
2021-04-06 13:05:28,134 main WARN Unable to read container information: no protocol: null/containers/json
2021-04-06T10:05:28.164Z, INFO: Fetching config from server at : http://localhost:8888, thread: main, logger: o.s.c.c.c.ConfigServicePropertySourceLocator, host: DESKTOP-0QP5HIM
2021-04-06T10:05:30.216Z, INFO: Connect Timeout Exception on Url - http://localhost:8888. Will be trying the next url if available, thread: main, logger: o.s.c.c.c.ConfigServicePropertySourceLocator, host: DESKTOP-0QP5HIM
2021-04-06T10:05:30.217Z, WARN: Could not locate PropertySource: I/O error on GET request for "http://localhost:8888/demomsa/default": Connection refused: connect; nested exception is java.net.ConnectException: Connection refused: connect, thread: main, logger: o.s.c.c.c.ConfigServicePropertySourceLocator, host: DESKTOP-0QP5HIM
2021-04-06T10:05:30.456Z, INFO: Caching the binder: kafka, thread: main, logger: o.s.c.s.b.DefaultBinderFactory, host: DESKTOP-0QP5HIM
2021-04-06T10:05:30.456Z, INFO: Retrieving cached binder: kafka, thread: main, logger: o.s.c.s.b.DefaultBinderFactory, host: DESKTOP-0QP5HIM
2021-04-06T10:05:30.586Z, INFO: Using kafka topic for outbound: smsVerificationCreatedPublish, thread: main, logger: o.s.c.s.b.k.p.KafkaTopicProvisioner, host: DESKTOP-0QP5HIM
2021-04-06T10:05:30.596Z, INFO: AdminClientConfig values: 
	bootstrap.servers = [localhost:9092]
	client.dns.lookup = default
	client.id = 
	connections.max.idle.ms = 300000
	metadata.max.age.ms = 300000
	metric.reporters = []
	metrics.num.samples = 2
	metrics.recording.level = INFO
	metrics.sample.window.ms = 30000
	receive.buffer.bytes = 65536
	reconnect.backoff.max.ms = 1000
	reconnect.backoff.ms = 50
	request.timeout.ms = 120000
	retries = 5
	retry.backoff.ms = 100
	sasl.client.callback.handler.class = null
	sasl.jaas.config = null
	sasl.kerberos.kinit.cmd = /usr/bin/kinit
	sasl.kerberos.min.time.before.relogin = 60000
	sasl.kerberos.service.name = null
	sasl.kerberos.ticket.renew.jitter = 0.05
	sasl.kerberos.ticket.renew.window.factor = 0.8
	sasl.login.callback.handler.class = null
	sasl.login.class = null
	sasl.login.refresh.buffer.seconds = 300
	sasl.login.refresh.min.period.seconds = 60
	sasl.login.refresh.window.factor = 0.8
	sasl.login.refresh.window.jitter = 0.05
	sasl.mechanism = GSSAPI
	security.protocol = PLAINTEXT
	send.buffer.bytes = 131072
	ssl.cipher.suites = null
	ssl.enabled.protocols = [TLSv1.2, TLSv1.1, TLSv1]
	ssl.endpoint.identification.algorithm = https
	ssl.key.password = null
	ssl.keymanager.algorithm = SunX509
	ssl.keystore.location = null
	ssl.keystore.password = null
	ssl.keystore.type = JKS
	ssl.protocol = TLS
	ssl.provider = null
	ssl.secure.random.implementation = null
	ssl.trustmanager.algorithm = PKIX
	ssl.truststore.location = null
	ssl.truststore.password = null
	ssl.truststore.type = JKS
, thread: main, logger: o.a.k.c.a.AdminClientConfig, host: DESKTOP-0QP5HIM
2021-04-06T10:05:30.739Z, INFO: Kafka version: '2.3.1', thread: main, logger: o.a.k.c.u.AppInfoParser, host: DESKTOP-0QP5HIM
2021-04-06T10:05:30.739Z, INFO: Kafka commitId: '18a913733fb71c01', thread: main, logger: o.a.k.c.u.AppInfoParser, host: DESKTOP-0QP5HIM
2021-04-06T10:05:30.739Z, INFO: Kafka startTimeMs: 1617703530735, thread: main, logger: o.a.k.c.u.AppInfoParser, host: DESKTOP-0QP5HIM
2021-04-06T10:05:31.043Z, INFO: ProducerConfig values: 
	acks = 1
	batch.size = 16384
	bootstrap.servers = [localhost:9092]
	buffer.memory = 33554432
	client.dns.lookup = default
	client.id = 
	compression.type = none
	connections.max.idle.ms = 540000
	delivery.timeout.ms = 120000
	enable.idempotence = false
	interceptor.classes = []
	key.serializer = class org.apache.kafka.common.serialization.ByteArraySerializer
	linger.ms = 0
	max.block.ms = 60000
	max.in.flight.requests.per.connection = 5
	max.request.size = 1048576
	metadata.max.age.ms = 300000
	metric.reporters = []
	metrics.num.samples = 2
	metrics.recording.level = INFO
	metrics.sample.window.ms = 30000
	partitioner.class = class org.apache.kafka.clients.producer.internals.DefaultPartitioner
	receive.buffer.bytes = 32768
	reconnect.backoff.max.ms = 1000
	reconnect.backoff.ms = 50
	request.timeout.ms = 30000
	retries = 0
	retry.backoff.ms = 100
	sasl.client.callback.handler.class = null
	sasl.jaas.config = null
	sasl.kerberos.kinit.cmd = /usr/bin/kinit
	sasl.kerberos.min.time.before.relogin = 60000
	sasl.kerberos.service.name = null
	sasl.kerberos.ticket.renew.jitter = 0.05
	sasl.kerberos.ticket.renew.window.factor = 0.8
	sasl.login.callback.handler.class = null
	sasl.login.class = null
	sasl.login.refresh.buffer.seconds = 300
	sasl.login.refresh.min.period.seconds = 60
	sasl.login.refresh.window.factor = 0.8
	sasl.login.refresh.window.jitter = 0.05
	sasl.mechanism = GSSAPI
	security.protocol = PLAINTEXT
	send.buffer.bytes = 131072
	ssl.cipher.suites = null
	ssl.enabled.protocols = [TLSv1.2, TLSv1.1, TLSv1]
	ssl.endpoint.identification.algorithm = https
	ssl.key.password = null
	ssl.keymanager.algorithm = SunX509
	ssl.keystore.location = null
	ssl.keystore.password = null
	ssl.keystore.type = JKS
	ssl.protocol = TLS
	ssl.provider = null
	ssl.secure.random.implementation = null
	ssl.trustmanager.algorithm = PKIX
	ssl.truststore.location = null
	ssl.truststore.password = null
	ssl.truststore.type = JKS
	transaction.timeout.ms = 60000
	transactional.id = null
	value.serializer = class org.apache.kafka.common.serialization.ByteArraySerializer
, thread: main, logger: o.a.k.c.p.ProducerConfig, host: DESKTOP-0QP5HIM
2021-04-06T10:05:31.084Z, INFO: Kafka version: '2.3.1', thread: main, logger: o.a.k.c.u.AppInfoParser, host: DESKTOP-0QP5HIM
2021-04-06T10:05:31.084Z, INFO: Kafka commitId: '18a913733fb71c01', thread: main, logger: o.a.k.c.u.AppInfoParser, host: DESKTOP-0QP5HIM
2021-04-06T10:05:31.084Z, INFO: Kafka startTimeMs: 1617703531084, thread: main, logger: o.a.k.c.u.AppInfoParser, host: DESKTOP-0QP5HIM
2021-04-06T10:05:31.097Z, INFO: [Producer clientId=producer-1] Cluster ID: knkLr81qQPmOqKdTJJgrdg, thread: kafka-producer-network-thread | producer-1, logger: o.a.k.c.Metadata, host: DESKTOP-0QP5HIM
2021-04-06T10:05:31.098Z, INFO: [Producer clientId=producer-1] Closing the Kafka producer with timeoutMillis = 30000 ms., thread: main, logger: o.a.k.c.p.KafkaProducer, host: DESKTOP-0QP5HIM
2021-04-06T10:05:31.114Z, INFO: Channel 'demomsa-1.smsVerificationCreatedPublish' has 1 subscriber(s)., thread: main, logger: o.s.c.s.m.DirectWithAttributesChannel, host: DESKTOP-0QP5HIM
2021-04-06T10:05:31.116Z, INFO: started bean 'smsVerificationCreatedPublishGateway', thread: main, logger: o.s.i.g.GatewayProxyFactoryBean$MethodInvocationGateway, host: DESKTOP-0QP5HIM
2021-04-06T10:05:31.116Z, INFO: started bean 'smsVerificationCreatedPublishGateway', thread: main, logger: o.s.i.g.GatewayProxyFactoryBean, host: DESKTOP-0QP5HIM
2021-04-06T10:05:31.127Z, INFO: Retrieving cached binder: kafka, thread: main, logger: o.s.c.s.b.DefaultBinderFactory, host: DESKTOP-0QP5HIM
2021-04-06T10:05:31.154Z, INFO: AdminClientConfig values: 
	bootstrap.servers = [localhost:9092]
	client.dns.lookup = default
	client.id = 
	connections.max.idle.ms = 300000
	metadata.max.age.ms = 300000
	metric.reporters = []
	metrics.num.samples = 2
	metrics.recording.level = INFO
	metrics.sample.window.ms = 30000
	receive.buffer.bytes = 65536
	reconnect.backoff.max.ms = 1000
	reconnect.backoff.ms = 50
	request.timeout.ms = 120000
	retries = 5
	retry.backoff.ms = 100
	sasl.client.callback.handler.class = null
	sasl.jaas.config = null
	sasl.kerberos.kinit.cmd = /usr/bin/kinit
	sasl.kerberos.min.time.before.relogin = 60000
	sasl.kerberos.service.name = null
	sasl.kerberos.ticket.renew.jitter = 0.05
	sasl.kerberos.ticket.renew.window.factor = 0.8
	sasl.login.callback.handler.class = null
	sasl.login.class = null
	sasl.login.refresh.buffer.seconds = 300
	sasl.login.refresh.min.period.seconds = 60
	sasl.login.refresh.window.factor = 0.8
	sasl.login.refresh.window.jitter = 0.05
	sasl.mechanism = GSSAPI
	security.protocol = PLAINTEXT
	send.buffer.bytes = 131072
	ssl.cipher.suites = null
	ssl.enabled.protocols = [TLSv1.2, TLSv1.1, TLSv1]
	ssl.endpoint.identification.algorithm = https
	ssl.key.password = null
	ssl.keymanager.algorithm = SunX509
	ssl.keystore.location = null
	ssl.keystore.password = null
	ssl.keystore.type = JKS
	ssl.protocol = TLS
	ssl.provider = null
	ssl.secure.random.implementation = null
	ssl.trustmanager.algorithm = PKIX
	ssl.truststore.location = null
	ssl.truststore.password = null
	ssl.truststore.type = JKS
, thread: main, logger: o.a.k.c.a.AdminClientConfig, host: DESKTOP-0QP5HIM
2021-04-06T10:05:31.159Z, INFO: Kafka version: '2.3.1', thread: main, logger: o.a.k.c.u.AppInfoParser, host: DESKTOP-0QP5HIM
2021-04-06T10:05:31.159Z, INFO: Kafka commitId: '18a913733fb71c01', thread: main, logger: o.a.k.c.u.AppInfoParser, host: DESKTOP-0QP5HIM
2021-04-06T10:05:31.159Z, INFO: Kafka startTimeMs: 1617703531158, thread: main, logger: o.a.k.c.u.AppInfoParser, host: DESKTOP-0QP5HIM
2021-04-06T10:05:31.196Z, INFO: ConsumerConfig values: 
	allow.auto.create.topics = true
	auto.commit.interval.ms = 100
	auto.offset.reset = latest
	bootstrap.servers = [localhost:9092]
	check.crcs = true
	client.dns.lookup = default
	client.id = 
	client.rack = 
	connections.max.idle.ms = 540000
	default.api.timeout.ms = 60000
	enable.auto.commit = false
	exclude.internal.topics = true
	fetch.max.bytes = 52428800
	fetch.max.wait.ms = 500
	fetch.min.bytes = 1
	group.id = anonymous.96a8855b-8513-4bc2-8ed6-f7d36bed4ad2
	group.instance.id = null
	heartbeat.interval.ms = 3000
	interceptor.classes = []
	internal.leave.group.on.close = true
	isolation.level = read_uncommitted
	key.deserializer = class org.apache.kafka.common.serialization.ByteArrayDeserializer
	max.partition.fetch.bytes = 1048576
	max.poll.interval.ms = 300000
	max.poll.records = 500
	metadata.max.age.ms = 300000
	metric.reporters = []
	metrics.num.samples = 2
	metrics.recording.level = INFO
	metrics.sample.window.ms = 30000
	partition.assignment.strategy = [class org.apache.kafka.clients.consumer.RangeAssignor]
	receive.buffer.bytes = 65536
	reconnect.backoff.max.ms = 1000
	reconnect.backoff.ms = 50
	request.timeout.ms = 30000
	retry.backoff.ms = 100
	sasl.client.callback.handler.class = null
	sasl.jaas.config = null
	sasl.kerberos.kinit.cmd = /usr/bin/kinit
	sasl.kerberos.min.time.before.relogin = 60000
	sasl.kerberos.service.name = null
	sasl.kerberos.ticket.renew.jitter = 0.05
	sasl.kerberos.ticket.renew.window.factor = 0.8
	sasl.login.callback.handler.class = null
	sasl.login.class = null
	sasl.login.refresh.buffer.seconds = 300
	sasl.login.refresh.min.period.seconds = 60
	sasl.login.refresh.window.factor = 0.8
	sasl.login.refresh.window.jitter = 0.05
	sasl.mechanism = GSSAPI
	security.protocol = PLAINTEXT
	send.buffer.bytes = 131072
	session.timeout.ms = 10000
	ssl.cipher.suites = null
	ssl.enabled.protocols = [TLSv1.2, TLSv1.1, TLSv1]
	ssl.endpoint.identification.algorithm = https
	ssl.key.password = null
	ssl.keymanager.algorithm = SunX509
	ssl.keystore.location = null
	ssl.keystore.password = null
	ssl.keystore.type = JKS
	ssl.protocol = TLS
	ssl.provider = null
	ssl.secure.random.implementation = null
	ssl.trustmanager.algorithm = PKIX
	ssl.truststore.location = null
	ssl.truststore.password = null
	ssl.truststore.type = JKS
	value.deserializer = class org.apache.kafka.common.serialization.ByteArrayDeserializer
, thread: main, logger: o.a.k.c.c.ConsumerConfig, host: DESKTOP-0QP5HIM
2021-04-06T10:05:31.253Z, INFO: Kafka version: '2.3.1', thread: main, logger: o.a.k.c.u.AppInfoParser, host: DESKTOP-0QP5HIM
2021-04-06T10:05:31.253Z, INFO: Kafka commitId: '18a913733fb71c01', thread: main, logger: o.a.k.c.u.AppInfoParser, host: DESKTOP-0QP5HIM
2021-04-06T10:05:31.253Z, INFO: Kafka startTimeMs: 1617703531253, thread: main, logger: o.a.k.c.u.AppInfoParser, host: DESKTOP-0QP5HIM
2021-04-06T10:05:31.291Z, INFO: Channel 'smsVerificationDeliveredSubscribe.anonymous.96a8855b-8513-4bc2-8ed6-f7d36bed4ad2.errors' has 1 subscriber(s)., thread: main, logger: o.s.c.s.b.BinderErrorChannel, host: DESKTOP-0QP5HIM
2021-04-06T10:05:31.291Z, INFO: Channel 'smsVerificationDeliveredSubscribe.anonymous.96a8855b-8513-4bc2-8ed6-f7d36bed4ad2.errors' has 0 subscriber(s)., thread: main, logger: o.s.c.s.b.BinderErrorChannel, host: DESKTOP-0QP5HIM
2021-04-06T10:05:31.291Z, INFO: Channel 'smsVerificationDeliveredSubscribe.anonymous.96a8855b-8513-4bc2-8ed6-f7d36bed4ad2.errors' has 1 subscriber(s)., thread: main, logger: o.s.c.s.b.BinderErrorChannel, host: DESKTOP-0QP5HIM
2021-04-06T10:05:31.291Z, INFO: Channel 'smsVerificationDeliveredSubscribe.anonymous.96a8855b-8513-4bc2-8ed6-f7d36bed4ad2.errors' has 2 subscriber(s)., thread: main, logger: o.s.c.s.b.BinderErrorChannel, host: DESKTOP-0QP5HIM
2021-04-06T10:05:31.317Z, INFO: ConsumerConfig values: 
	allow.auto.create.topics = true
	auto.commit.interval.ms = 100
	auto.offset.reset = latest
	bootstrap.servers = [localhost:9092]
	check.crcs = true
	client.dns.lookup = default
	client.id = 
	client.rack = 
	connections.max.idle.ms = 540000
	default.api.timeout.ms = 60000
	enable.auto.commit = false
	exclude.internal.topics = true
	fetch.max.bytes = 52428800
	fetch.max.wait.ms = 500
	fetch.min.bytes = 1
	group.id = anonymous.96a8855b-8513-4bc2-8ed6-f7d36bed4ad2
	group.instance.id = null
	heartbeat.interval.ms = 3000
	interceptor.classes = []
	internal.leave.group.on.close = true
	isolation.level = read_uncommitted
	key.deserializer = class org.apache.kafka.common.serialization.ByteArrayDeserializer
	max.partition.fetch.bytes = 1048576
	max.poll.interval.ms = 300000
	max.poll.records = 500
	metadata.max.age.ms = 300000
	metric.reporters = []
	metrics.num.samples = 2
	metrics.recording.level = INFO
	metrics.sample.window.ms = 30000
	partition.assignment.strategy = [class org.apache.kafka.clients.consumer.RangeAssignor]
	receive.buffer.bytes = 65536
	reconnect.backoff.max.ms = 1000
	reconnect.backoff.ms = 50
	request.timeout.ms = 30000
	retry.backoff.ms = 100
	sasl.client.callback.handler.class = null
	sasl.jaas.config = null
	sasl.kerberos.kinit.cmd = /usr/bin/kinit
	sasl.kerberos.min.time.before.relogin = 60000
	sasl.kerberos.service.name = null
	sasl.kerberos.ticket.renew.jitter = 0.05
	sasl.kerberos.ticket.renew.window.factor = 0.8
	sasl.login.callback.handler.class = null
	sasl.login.class = null
	sasl.login.refresh.buffer.seconds = 300
	sasl.login.refresh.min.period.seconds = 60
	sasl.login.refresh.window.factor = 0.8
	sasl.login.refresh.window.jitter = 0.05
	sasl.mechanism = GSSAPI
	security.protocol = PLAINTEXT
	send.buffer.bytes = 131072
	session.timeout.ms = 10000
	ssl.cipher.suites = null
	ssl.enabled.protocols = [TLSv1.2, TLSv1.1, TLSv1]
	ssl.endpoint.identification.algorithm = https
	ssl.key.password = null
	ssl.keymanager.algorithm = SunX509
	ssl.keystore.location = null
	ssl.keystore.password = null
	ssl.keystore.type = JKS
	ssl.protocol = TLS
	ssl.provider = null
	ssl.secure.random.implementation = null
	ssl.trustmanager.algorithm = PKIX
	ssl.truststore.location = null
	ssl.truststore.password = null
	ssl.truststore.type = JKS
	value.deserializer = class org.apache.kafka.common.serialization.ByteArrayDeserializer
, thread: main, logger: o.a.k.c.c.ConsumerConfig, host: DESKTOP-0QP5HIM
2021-04-06T10:05:31.322Z, INFO: Kafka version: '2.3.1', thread: main, logger: o.a.k.c.u.AppInfoParser, host: DESKTOP-0QP5HIM
2021-04-06T10:05:31.322Z, INFO: Kafka commitId: '18a913733fb71c01', thread: main, logger: o.a.k.c.u.AppInfoParser, host: DESKTOP-0QP5HIM
2021-04-06T10:05:31.322Z, INFO: Kafka startTimeMs: 1617703531322, thread: main, logger: o.a.k.c.u.AppInfoParser, host: DESKTOP-0QP5HIM
2021-04-06T10:05:31.325Z, INFO: [Consumer clientId=consumer-2, groupId=anonymous.96a8855b-8513-4bc2-8ed6-f7d36bed4ad2] Subscribed to topic(s): smsVerificationDeliveredSubscribe, thread: main, logger: o.a.k.c.c.KafkaConsumer, host: DESKTOP-0QP5HIM
2021-04-06T10:05:31.328Z, INFO: Initializing ExecutorService, thread: main, logger: o.s.s.c.ThreadPoolTaskScheduler, host: DESKTOP-0QP5HIM
2021-04-06T10:05:31.352Z, INFO: started org.springframework.integration.kafka.inbound.KafkaMessageDrivenChannelAdapter@27235e88, thread: main, logger: o.s.i.k.i.KafkaMessageDrivenChannelAdapter, host: DESKTOP-0QP5HIM
2021-04-06T10:05:31.369Z, INFO: [Consumer clientId=consumer-2, groupId=anonymous.96a8855b-8513-4bc2-8ed6-f7d36bed4ad2] Cluster ID: knkLr81qQPmOqKdTJJgrdg, thread: KafkaConsumerDestination{consumerDestinationName='smsVerificationDeliveredSubscribe', partitions=1, dlqName='null'}.container-0-C-1, logger: o.a.k.c.Metadata, host: DESKTOP-0QP5HIM
2021-04-06T10:05:31.377Z, INFO: [Consumer clientId=consumer-2, groupId=anonymous.96a8855b-8513-4bc2-8ed6-f7d36bed4ad2] Discovered group coordinator localhost:9092 (id: 2147483647 rack: null), thread: KafkaConsumerDestination{consumerDestinationName='smsVerificationDeliveredSubscribe', partitions=1, dlqName='null'}.container-0-C-1, logger: o.a.k.c.c.i.AbstractCoordinator, host: DESKTOP-0QP5HIM
2021-04-06T10:05:31.385Z, INFO: [Consumer clientId=consumer-2, groupId=anonymous.96a8855b-8513-4bc2-8ed6-f7d36bed4ad2] Revoking previously assigned partitions [], thread: KafkaConsumerDestination{consumerDestinationName='smsVerificationDeliveredSubscribe', partitions=1, dlqName='null'}.container-0-C-1, logger: o.a.k.c.c.i.ConsumerCoordinator, host: DESKTOP-0QP5HIM
2021-04-06T10:05:31.387Z, INFO: anonymous.96a8855b-8513-4bc2-8ed6-f7d36bed4ad2: partitions revoked: [], thread: KafkaConsumerDestination{consumerDestinationName='smsVerificationDeliveredSubscribe', partitions=1, dlqName='null'}.container-0-C-1, logger: o.s.c.s.b.k.KafkaMessageChannelBinder$1, host: DESKTOP-0QP5HIM
2021-04-06T10:05:31.387Z, INFO: [Consumer clientId=consumer-2, groupId=anonymous.96a8855b-8513-4bc2-8ed6-f7d36bed4ad2] (Re-)joining group, thread: KafkaConsumerDestination{consumerDestinationName='smsVerificationDeliveredSubscribe', partitions=1, dlqName='null'}.container-0-C-1, logger: o.a.k.c.c.i.AbstractCoordinator, host: DESKTOP-0QP5HIM
2021-04-06T10:05:31.404Z, INFO: [Consumer clientId=consumer-2, groupId=anonymous.96a8855b-8513-4bc2-8ed6-f7d36bed4ad2] (Re-)joining group, thread: KafkaConsumerDestination{consumerDestinationName='smsVerificationDeliveredSubscribe', partitions=1, dlqName='null'}.container-0-C-1, logger: o.a.k.c.c.i.AbstractCoordinator, host: DESKTOP-0QP5HIM
2021-04-06T10:05:31.434Z, INFO: [Consumer clientId=consumer-2, groupId=anonymous.96a8855b-8513-4bc2-8ed6-f7d36bed4ad2] Successfully joined group with generation 1, thread: KafkaConsumerDestination{consumerDestinationName='smsVerificationDeliveredSubscribe', partitions=1, dlqName='null'}.container-0-C-1, logger: o.a.k.c.c.i.AbstractCoordinator, host: DESKTOP-0QP5HIM
2021-04-06T10:05:31.446Z, INFO: [Consumer clientId=consumer-2, groupId=anonymous.96a8855b-8513-4bc2-8ed6-f7d36bed4ad2] Setting newly assigned partitions: smsVerificationDeliveredSubscribe-0, thread: KafkaConsumerDestination{consumerDestinationName='smsVerificationDeliveredSubscribe', partitions=1, dlqName='null'}.container-0-C-1, logger: o.a.k.c.c.i.ConsumerCoordinator, host: DESKTOP-0QP5HIM
2021-04-06T10:05:31.464Z, INFO: [Consumer clientId=consumer-2, groupId=anonymous.96a8855b-8513-4bc2-8ed6-f7d36bed4ad2] Found no committed offset for partition smsVerificationDeliveredSubscribe-0, thread: KafkaConsumerDestination{consumerDestinationName='smsVerificationDeliveredSubscribe', partitions=1, dlqName='null'}.container-0-C-1, logger: o.a.k.c.c.i.ConsumerCoordinator, host: DESKTOP-0QP5HIM
2021-04-06T10:05:31.481Z, INFO: [Consumer clientId=consumer-2, groupId=anonymous.96a8855b-8513-4bc2-8ed6-f7d36bed4ad2] Resetting offset for partition smsVerificationDeliveredSubscribe-0 to offset 0., thread: KafkaConsumerDestination{consumerDestinationName='smsVerificationDeliveredSubscribe', partitions=1, dlqName='null'}.container-0-C-1, logger: o.a.k.c.c.i.SubscriptionState, host: DESKTOP-0QP5HIM
2021-04-06T10:05:31.492Z, INFO: anonymous.96a8855b-8513-4bc2-8ed6-f7d36bed4ad2: partitions assigned: [smsVerificationDeliveredSubscribe-0], thread: KafkaConsumerDestination{consumerDestinationName='smsVerificationDeliveredSubscribe', partitions=1, dlqName='null'}.container-0-C-1, logger: o.s.c.s.b.k.KafkaMessageChannelBinder$1, host: DESKTOP-0QP5HIM
2021-04-06T10:05:31.903Z, INFO: Started SmsVerificationRepositoryTest in 45.0 seconds (JVM running for 57.76), thread: main, logger: r.d.m.r.SmsVerificationRepositoryTest, host: DESKTOP-0QP5HIM
2021-04-06T10:05:32.041Z, INFO: DsTracerSpot.getTracerHolder(): accept DsTracerHolder=ru.diasoft.flextera.dstrace.sleuth.DsTracerHolderSleuth, thread: main, logger: r.d.f.d.DsTracerSpot, host: DESKTOP-0QP5HIM
Hibernate: select nextval ('"sms_verification_verificationid_seq"')
Hibernate: insert into "sms_verification" ("phonenumber", "processguid", "secretcode", "status", "verificationid") values (?, ?, ?, ?, ?)
]]></system-out>
  </testcase>
  <testcase name="findBySecretCodeAndProcessGuidAndStatus" classname="ru.diasoft.micro.repository.SmsVerificationRepositoryTest" time="0.449">
    <system-out><![CDATA[Hibernate: select nextval ('"sms_verification_verificationid_seq"')
Hibernate: insert into "sms_verification" ("phonenumber", "processguid", "secretcode", "status", "verificationid") values (?, ?, ?, ?, ?)
Hibernate: select smsverific0_."verificationid" as verifica1_0_, smsverific0_."phonenumber" as phonenum2_0_, smsverific0_."processguid" as processg3_0_, smsverific0_."secretcode" as secretco4_0_, smsverific0_."status" as status5_0_ from "sms_verification" smsverific0_ where smsverific0_."secretcode"=? and smsverific0_."processguid"=? and smsverific0_."status"=?
Hibernate: select smsverific0_."verificationid" as verifica1_0_, smsverific0_."phonenumber" as phonenum2_0_, smsverific0_."processguid" as processg3_0_, smsverific0_."secretcode" as secretco4_0_, smsverific0_."status" as status5_0_ from "sms_verification" smsverific0_ where smsverific0_."secretcode"=? and smsverific0_."processguid"=? and smsverific0_."status"=?
]]></system-out>
  </testcase>
  <testcase name="updateStatusByProcessGuid" classname="ru.diasoft.micro.repository.SmsVerificationRepositoryTest" time="0.506">
    <system-out><![CDATA[Hibernate: select nextval ('"sms_verification_verificationid_seq"')
Hibernate: insert into "sms_verification" ("phonenumber", "processguid", "secretcode", "status", "verificationid") values (?, ?, ?, ?, ?)
Hibernate: update "sms_verification" set "status"=? where "processguid"=?
Hibernate: select smsverific0_."verificationid" as verifica1_0_0_, smsverific0_."phonenumber" as phonenum2_0_0_, smsverific0_."processguid" as processg3_0_0_, smsverific0_."secretcode" as secretco4_0_0_, smsverific0_."status" as status5_0_0_ from "sms_verification" smsverific0_ where smsverific0_."verificationid"=?
]]></system-out>
  </testcase>
</testsuite>