<?xml version="1.0" encoding="UTF-8" standalone="yes"?><!DOCTYPE report PUBLIC "-//JACOCO//DTD Report 1.1//EN" "report.dtd"><report name="Microservice for demo"><sessioninfo id="DESKTOP-V44PB3K-3c5d1910" start="1629054711196" dump="1629055044486"/><sessioninfo id="DESKTOP-V44PB3K-5d05f125" start="1629055450053" dump="1629055774318"/><package name="ru/diasoft/micro/model"><class name="ru/diasoft/micro/model/SmsDeliveredMessage" sourcefilename="SmsDeliveredMessage.java"/><class name="ru/diasoft/micro/model/SmsDeliveredMessage$SmsDeliveredMessageBuilder" sourcefilename="SmsDeliveredMessage.java"><method name="&lt;init&gt;" desc="()V" line="13"><counter type="INSTRUCTION" missed="3" covered="0"/><counter type="LINE" missed="1" covered="0"/><counter type="COMPLEXITY" missed="1" covered="0"/><counter type="METHOD" missed="1" covered="0"/></method><method name="guid" desc="(Ljava/lang/String;)Lru/diasoft/micro/model/SmsDeliveredMessage$SmsDeliveredMessageBuilder;" line="13"><counter type="INSTRUCTION" missed="5" covered="0"/><counter type="LINE" missed="1" covered="0"/><counter type="COMPLEXITY" missed="1" covered="0"/><counter type="METHOD" missed="1" covered="0"/></method><method name="build" desc="()Lru/diasoft/micro/model/SmsDeliveredMessage;" line="13"><counter type="INSTRUCTION" missed="6" covered="0"/><counter type="LINE" missed="1" covered="0"/><counter type="COMPLEXITY" missed="1" covered="0"/><counter type="METHOD" missed="1" covered="0"/></method><method name="toString" desc="()Ljava/lang/String;" line="13"><counter type="INSTRUCTION" missed="12" covered="0"/><counter type="LINE" missed="1" covered="0"/><counter type="COMPLEXITY" missed="1" covered="0"/><counter type="METHOD" missed="1" covered="0"/></method><counter type="INSTRUCTION" missed="26" covered="0"/><counter type="LINE" missed="1" covered="0"/><counter type="COMPLEXITY" missed="4" covered="0"/><counter type="METHOD" missed="4" covered="0"/><counter type="CLASS" missed="1" covered="0"/></class><class name="ru/diasoft/micro/model/SmsVerificationMessage$SmsVerificationMessageBuilder" sourcefilename="SmsVerificationMessage.java"><method name="&lt;init&gt;" desc="()V" line="13"><counter type="INSTRUCTION" missed="0" covered="3"/><counter type="LINE" missed="0" covered="1"/><counter type="COMPLEXITY" missed="0" covered="1"/><counter type="METHOD" missed="0" covered="1"/></method><method name="guid" desc="(Ljava/lang/String;)Lru/diasoft/micro/model/SmsVerificationMessage$SmsVerificationMessageBuilder;" line="13"><counter type="INSTRUCTION" missed="0" covered="5"/><counter type="LINE" missed="0" covered="1"/><counter type="COMPLEXITY" missed="0" covered="1"/><counter type="METHOD" missed="0" covered="1"/></method><method name="phoneNumber" desc="(Ljava/lang/String;)Lru/diasoft/micro/model/SmsVerificationMessage$SmsVerificationMessageBuilder;" line="13"><counter type="INSTRUCTION" missed="0" covered="5"/><counter type="LINE" missed="0" covered="1"/><counter type="COMPLEXITY" missed="0" covered="1"/><counter type="METHOD" missed="0" covered="1"/></method><method name="code" desc="(Ljava/lang/String;)Lru/diasoft/micro/model/SmsVerificationMessage$SmsVerificationMessageBuilder;" line="13"><counter type="INSTRUCTION" missed="0" covered="5"/><counter type="LINE" missed="0" covered="1"/><counter type="COMPLEXITY" missed="0" covered="1"/><counter type="METHOD" missed="0" covered="1"/></method><method name="build" desc="()Lru/diasoft/micro/model/SmsVerificationMessage;" line="13"><counter type="INSTRUCTION" missed="0" covered="10"/><counter type="LINE" missed="0" covered="1"/><counter type="COMPLEXITY" missed="0" covered="1"/><counter type="METHOD" missed="0" covered="1"/></method><method name="toString" desc="()Ljava/lang/String;" line="13"><counter type="INSTRUCTION" missed="22" covered="0"/><counter type="LINE" missed="1" covered="0"/><counter type="COMPLEXITY" missed="1" covered="0"/><counter type="METHOD" missed="1" covered="0"/></method><counter type="INSTRUCTION" missed="22" covered="28"/><counter type="LINE" missed="0" covered="1"/><counter type="COMPLEXITY" missed="1" covered="5"/><counter type="METHOD" missed="1" covered="5"/><counter type="CLASS" missed="0" covered="1"/></class><class name="ru/diasoft/micro/model/SmsVerificationMessage" sourcefilename="SmsVerificationMessage.java"/><sourcefile name="SmsVerificationMessage.java"><line nr="13" mi="22" ci="28" mb="0" cb="0"/><counter type="INSTRUCTION" missed="22" covered="28"/><counter type="LINE" missed="0" covered="1"/><counter type="COMPLEXITY" missed="1" covered="5"/><counter type="METHOD" missed="1" covered="5"/><counter type="CLASS" missed="0" covered="1"/></sourcefile><sourcefile name="SmsDeliveredMessage.java"><line nr="13" mi="26" ci="0" mb="0" cb="0"/><counter type="INSTRUCTION" missed="26" covered="0"/><counter type="LINE" missed="1" covered="0"/><counter type="COMPLEXITY" missed="4" covered="0"/><counter type="METHOD" missed="4" covered="0"/><counter type="CLASS" missed="1" covered="0"/></sourcefile><counter type="INSTRUCTION" missed="48" covered="28"/><counter type="LINE" missed="1" covered="1"/><counter type="COMPLEXITY" missed="5" covered="5"/><counter type="METHOD" missed="5" covered="5"/><counter type="CLASS" missed="1" covered="1"/></package><package name="ru/diasoft/micro/repository"><class name="ru/diasoft/micro/repository/SmsVerificationRepository" sourcefilename="SmsVerificationRepository.java"/><sourcefile name="SmsVerificationRepository.java"/></package><package name="ru/diasoft/micro/smsverificationcreated/publish"><class name="ru/diasoft/micro/smsverificationcreated/publish/SmsVerificationCreatedPublishChannel" sourcefilename="SmsVerificationCreatedPublishChannel.java"/><class name="ru/diasoft/micro/smsverificationcreated/publish/SmsVerificationCreatedPublishChannelConstants" sourcefilename="SmsVerificationCreatedPublishChannelConstants.java"/><class name="ru/diasoft/micro/smsverificationcreated/publish/SmsVerificationCreatedPublishMockController" sourcefilename="SmsVerificationCreatedPublishMockController.java"/><class name="ru/diasoft/micro/smsverificationcreated/publish/SmsVerificationCreatedPublishGateway" sourcefilename="SmsVerificationCreatedPublishGateway.java"/><class name="ru/diasoft/micro/smsverificationcreated/publish/SmsVerificationCreatedPublishChannelBinding" sourcefilename="SmsVerificationCreatedPublishChannelBinding.java"/><sourcefile name="SmsVerificationCreatedPublishChannel.java"/><sourcefile name="SmsVerificationCreatedPublishMockController.java"/><sourcefile name="SmsVerificationCreatedPublishChannelBinding.java"/><sourcefile name="SmsVerificationCreatedPublishGateway.java"/><sourcefile name="SmsVerificationCreatedPublishChannelConstants.java"/></package><package name="ru/diasoft/micro/smsverificationdelivered/subscribe"><class name="ru/diasoft/micro/smsverificationdelivered/subscribe/SmsVerificationDeliveredSubscribeChannelBinding" sourcefilename="SmsVerificationDeliveredSubscribeChannelBinding.java"/><class name="ru/diasoft/micro/smsverificationdelivered/subscribe/SmsVerificationDeliveredSubscribeChannel" sourcefilename="SmsVerificationDeliveredSubscribeChannel.java"/><class name="ru/diasoft/micro/smsverificationdelivered/subscribe/SmsVerificationDeliveredSubscribeChannelConstants" sourcefilename="SmsVerificationDeliveredSubscribeChannelConstants.java"/><class name="ru/diasoft/micro/smsverificationdelivered/subscribe/SmsVerificationDeliveredSubscribeListenerService" sourcefilename="SmsVerificationDeliveredSubscribeListenerService.java"/><class name="ru/diasoft/micro/smsverificationdelivered/subscribe/SmsVerificationDeliveredSubscribeListener" sourcefilename="SmsVerificationDeliveredSubscribeListener.java"/><sourcefile name="SmsVerificationDeliveredSubscribeChannel.java"/><sourcefile name="SmsVerificationDeliveredSubscribeListener.java"/><sourcefile name="SmsVerificationDeliveredSubscribeChannelConstants.java"/><sourcefile name="SmsVerificationDeliveredSubscribeChannelBinding.java"/><sourcefile name="SmsVerificationDeliveredSubscribeListenerService.java"/></package><package name="ru/diasoft/micro/domain"><class name="ru/diasoft/micro/domain/SmsVerificationCheckRequest" sourcefilename="SmsVerificationCheckRequest.java"/><class name="ru/diasoft/micro/domain/SmsVerificationCheckResponse" sourcefilename="SmsVerificationCheckResponse.java"/><class name="ru/diasoft/micro/domain/SmsVerification$SmsVerificationBuilder" sourcefilename="SmsVerification.java"><method name="&lt;init&gt;" desc="()V" line="11"><counter type="INSTRUCTION" missed="0" covered="3"/><counter type="LINE" missed="0" covered="1"/><counter type="COMPLEXITY" missed="0" covered="1"/><counter type="METHOD" missed="0" covered="1"/></method><method name="verificationId" desc="(Ljava/lang/Long;)Lru/diasoft/micro/domain/SmsVerification$SmsVerificationBuilder;" line="11"><counter type="INSTRUCTION" missed="5" covered="0"/><counter type="LINE" missed="1" covered="0"/><counter type="COMPLEXITY" missed="1" covered="0"/><counter type="METHOD" missed="1" covered="0"/></method><method name="processGuid" desc="(Ljava/lang/String;)Lru/diasoft/micro/domain/SmsVerification$SmsVerificationBuilder;" line="11"><counter type="INSTRUCTION" missed="0" covered="5"/><counter type="LINE" missed="0" covered="1"/><counter type="COMPLEXITY" missed="0" covered="1"/><counter type="METHOD" missed="0" covered="1"/></method><method name="phoneNumber" desc="(Ljava/lang/String;)Lru/diasoft/micro/domain/SmsVerification$SmsVerificationBuilder;" line="11"><counter type="INSTRUCTION" missed="0" covered="5"/><counter type="LINE" missed="0" covered="1"/><counter type="COMPLEXITY" missed="0" covered="1"/><counter type="METHOD" missed="0" covered="1"/></method><method name="secretCode" desc="(Ljava/lang/String;)Lru/diasoft/micro/domain/SmsVerification$SmsVerificationBuilder;" line="11"><counter type="INSTRUCTION" missed="0" covered="5"/><counter type="LINE" missed="0" covered="1"/><counter type="COMPLEXITY" missed="0" covered="1"/><counter type="METHOD" missed="0" covered="1"/></method><method name="status" desc="(Ljava/lang/String;)Lru/diasoft/micro/domain/SmsVerification$SmsVerificationBuilder;" line="11"><counter type="INSTRUCTION" missed="0" covered="5"/><counter type="LINE" missed="0" covered="1"/><counter type="COMPLEXITY" missed="0" covered="1"/><counter type="METHOD" missed="0" covered="1"/></method><method name="build" desc="()Lru/diasoft/micro/domain/SmsVerification;" line="11"><counter type="INSTRUCTION" missed="0" covered="14"/><counter type="LINE" missed="0" covered="1"/><counter type="COMPLEXITY" missed="0" covered="1"/><counter type="METHOD" missed="0" covered="1"/></method><method name="toString" desc="()Ljava/lang/String;" line="11"><counter type="INSTRUCTION" missed="32" covered="0"/><counter type="LINE" missed="1" covered="0"/><counter type="COMPLEXITY" missed="1" covered="0"/><counter type="METHOD" missed="1" covered="0"/></method><counter type="INSTRUCTION" missed="37" covered="37"/><counter type="LINE" missed="0" covered="1"/><counter type="COMPLEXITY" missed="2" covered="6"/><counter type="METHOD" missed="2" covered="6"/><counter type="CLASS" missed="0" covered="1"/></class><class name="ru/diasoft/micro/domain/SmsVerification" sourcefilename="SmsVerification.java"><method name="builder" desc="()Lru/diasoft/micro/domain/SmsVerification$SmsVerificationBuilder;" line="11"><counter type="INSTRUCTION" missed="0" covered="4"/><counter type="LINE" missed="0" covered="1"/><counter type="COMPLEXITY" missed="0" covered="1"/><counter type="METHOD" missed="0" covered="1"/></method><method name="getVerificationId" desc="()Ljava/lang/Long;" line="22"><counter type="INSTRUCTION" missed="0" covered="3"/><counter type="LINE" missed="0" covered="1"/><counter type="COMPLEXITY" missed="0" covered="1"/><counter type="METHOD" missed="0" covered="1"/></method><method name="getProcessGuid" desc="()Ljava/lang/String;" line="25"><counter type="INSTRUCTION" missed="0" covered="3"/><counter type="LINE" missed="0" covered="1"/><counter type="COMPLEXITY" missed="0" covered="1"/><counter type="METHOD" missed="0" covered="1"/></method><method name="getPhoneNumber" desc="()Ljava/lang/String;" line="28"><counter type="INSTRUCTION" missed="0" covered="3"/><counter type="LINE" missed="0" covered="1"/><counter type="COMPLEXITY" missed="0" covered="1"/><counter type="METHOD" missed="0" covered="1"/></method><method name="getSecretCode" desc="()Ljava/lang/String;" line="31"><counter type="INSTRUCTION" missed="0" covered="3"/><counter type="LINE" missed="0" covered="1"/><counter type="COMPLEXITY" missed="0" covered="1"/><counter type="METHOD" missed="0" covered="1"/></method><method name="getStatus" desc="()Ljava/lang/String;" line="34"><counter type="INSTRUCTION" missed="0" covered="3"/><counter type="LINE" missed="0" covered="1"/><counter type="COMPLEXITY" missed="0" covered="1"/><counter type="METHOD" missed="0" covered="1"/></method><method name="setVerificationId" desc="(Ljava/lang/Long;)V" line="10"><counter type="INSTRUCTION" missed="4" covered="0"/><counter type="LINE" missed="1" covered="0"/><counter type="COMPLEXITY" missed="1" covered="0"/><counter type="METHOD" missed="1" covered="0"/></method><method name="setProcessGuid" desc="(Ljava/lang/String;)V" line="10"><counter type="INSTRUCTION" missed="4" covered="0"/><counter type="LINE" missed="1" covered="0"/><counter type="COMPLEXITY" missed="1" covered="0"/><counter type="METHOD" missed="1" covered="0"/></method><method name="setPhoneNumber" desc="(Ljava/lang/String;)V" line="10"><counter type="INSTRUCTION" missed="4" covered="0"/><counter type="LINE" missed="1" covered="0"/><counter type="COMPLEXITY" missed="1" covered="0"/><counter type="METHOD" missed="1" covered="0"/></method><method name="setSecretCode" desc="(Ljava/lang/String;)V" line="10"><counter type="INSTRUCTION" missed="4" covered="0"/><counter type="LINE" missed="1" covered="0"/><counter type="COMPLEXITY" missed="1" covered="0"/><counter type="METHOD" missed="1" covered="0"/></method><method name="setStatus" desc="(Ljava/lang/String;)V" line="10"><counter type="INSTRUCTION" missed="4" covered="0"/><counter type="LINE" missed="1" covered="0"/><counter type="COMPLEXITY" missed="1" covered="0"/><counter type="METHOD" missed="1" covered="0"/></method><method name="equals" desc="(Ljava/lang/Object;)Z" line="10"><counter type="INSTRUCTION" missed="31" covered="75"/><counter type="BRANCH" missed="23" covered="13"/><counter type="LINE" missed="0" covered="1"/><counter type="COMPLEXITY" missed="18" covered="1"/><counter type="METHOD" missed="0" covered="1"/></method><method name="canEqual" desc="(Ljava/lang/Object;)Z" line="10"><counter type="INSTRUCTION" missed="0" covered="3"/><counter type="LINE" missed="0" covered="1"/><counter type="COMPLEXITY" missed="0" covered="1"/><counter type="METHOD" missed="0" covered="1"/></method><method name="hashCode" desc="()I" line="10"><counter type="INSTRUCTION" missed="76" covered="0"/><counter type="BRANCH" missed="10" covered="0"/><counter type="LINE" missed="1" covered="0"/><counter type="COMPLEXITY" missed="6" covered="0"/><counter type="METHOD" missed="1" covered="0"/></method><method name="toString" desc="()Ljava/lang/String;" line="10"><counter type="INSTRUCTION" missed="32" covered="0"/><counter type="LINE" missed="1" covered="0"/><counter type="COMPLEXITY" missed="1" covered="0"/><counter type="METHOD" missed="1" covered="0"/></method><method name="&lt;init&gt;" desc="(Ljava/lang/Long;Ljava/lang/String;Ljava/lang/String;Ljava/lang/String;Ljava/lang/String;)V" line="12"><counter type="INSTRUCTION" missed="0" covered="18"/><counter type="LINE" missed="0" covered="1"/><counter type="COMPLEXITY" missed="0" covered="1"/><counter type="METHOD" missed="0" covered="1"/></method><method name="&lt;init&gt;" desc="()V" line="13"><counter type="INSTRUCTION" missed="0" covered="3"/><counter type="LINE" missed="0" covered="1"/><counter type="COMPLEXITY" missed="0" covered="1"/><counter type="METHOD" missed="0" covered="1"/></method><counter type="INSTRUCTION" missed="159" covered="118"/><counter type="BRANCH" missed="33" covered="13"/><counter type="LINE" missed="0" covered="9"/><counter type="COMPLEXITY" missed="30" covered="10"/><counter type="METHOD" missed="7" covered="10"/><counter type="CLASS" missed="0" covered="1"/></class><class name="ru/diasoft/micro/domain/SmsVerificationPostRequest" sourcefilename="SmsVerificationPostRequest.java"/><class name="ru/diasoft/micro/domain/SmsVerificationPostResponse" sourcefilename="SmsVerificationPostResponse.java"/><sourcefile name="SmsVerificationPostRequest.java"/><sourcefile name="SmsVerificationPostResponse.java"/><sourcefile name="SmsVerification.java"><line nr="10" mi="159" ci="78" mb="33" cb="13"/><line nr="11" mi="37" ci="41" mb="0" cb="0"/><line nr="12" mi="0" ci="18" mb="0" cb="0"/><line nr="13" mi="0" ci="3" mb="0" cb="0"/><line nr="22" mi="0" ci="3" mb="0" cb="0"/><line nr="25" mi="0" ci="3" mb="0" cb="0"/><line nr="28" mi="0" ci="3" mb="0" cb="0"/><line nr="31" mi="0" ci="3" mb="0" cb="0"/><line nr="34" mi="0" ci="3" mb="0" cb="0"/><counter type="INSTRUCTION" missed="196" covered="155"/><counter type="BRANCH" missed="33" covered="13"/><counter type="LINE" missed="0" covered="9"/><counter type="COMPLEXITY" missed="32" covered="16"/><counter type="METHOD" missed="9" covered="16"/><counter type="CLASS" missed="0" covered="2"/></sourcefile><sourcefile name="SmsVerificationCheckResponse.java"/><sourcefile name="SmsVerificationCheckRequest.java"/><counter type="INSTRUCTION" missed="196" covered="155"/><counter type="BRANCH" missed="33" covered="13"/><counter type="LINE" missed="0" covered="9"/><counter type="COMPLEXITY" missed="32" covered="16"/><counter type="METHOD" missed="9" covered="16"/><counter type="CLASS" missed="0" covered="2"/></package><package name="ru/diasoft/micro/service"><class name="ru/diasoft/micro/service/SmsDeliveredListenerService" sourcefilename="SmsDeliveredListenerService.java"><method name="smsVerificationDelivered" desc="(Lru/diasoft/micro/model/SmsDeliveredMessage;)V" line="21"><counter type="INSTRUCTION" missed="8" covered="0"/><counter type="LINE" missed="2" covered="0"/><counter type="COMPLEXITY" missed="1" covered="0"/><counter type="METHOD" missed="1" covered="0"/></method><method name="&lt;init&gt;" desc="(Lru/diasoft/micro/repository/SmsVerificationRepository;)V" line="10"><counter type="INSTRUCTION" missed="0" covered="6"/><counter type="LINE" missed="0" covered="1"/><counter type="COMPLEXITY" missed="0" covered="1"/><counter type="METHOD" missed="0" covered="1"/></method><counter type="INSTRUCTION" missed="8" covered="6"/><counter type="LINE" missed="2" covered="1"/><counter type="COMPLEXITY" missed="1" covered="1"/><counter type="METHOD" missed="1" covered="1"/><counter type="CLASS" missed="0" covered="1"/></class><class name="ru/diasoft/micro/service/SmsVerificationServiceImpl" sourcefilename="SmsVerificationServiceImpl.java"><method name="dsSmsVerificationCheck" desc="(Lru/diasoft/micro/domain/SmsVerificationCheckRequest;)Lru/diasoft/micro/domain/SmsVerificationCheckResponse;" line="28"><counter type="INSTRUCTION" missed="0" covered="20"/><counter type="LINE" missed="0" covered="4"/><counter type="COMPLEXITY" missed="0" covered="1"/><counter type="METHOD" missed="0" covered="1"/></method><method name="dsSmsVerificationCreate" desc="(Lru/diasoft/micro/domain/SmsVerificationPostRequest;)Lru/diasoft/micro/domain/SmsVerificationPostResponse;" line="40"><counter type="INSTRUCTION" missed="0" covered="51"/><counter type="LINE" missed="0" covered="14"/><counter type="COMPLEXITY" missed="0" covered="1"/><counter type="METHOD" missed="0" covered="1"/></method><method name="&lt;init&gt;" desc="(Lru/diasoft/micro/repository/SmsVerificationRepository;Lru/diasoft/micro/smsverificationcreated/publish/SmsVerificationCreatedPublishGateway;)V" line="15"><counter type="INSTRUCTION" missed="0" covered="9"/><counter type="LINE" missed="0" covered="1"/><counter type="COMPLEXITY" missed="0" covered="1"/><counter type="METHOD" missed="0" covered="1"/></method><counter type="INSTRUCTION" missed="0" covered="80"/><counter type="LINE" missed="0" covered="19"/><counter type="COMPLEXITY" missed="0" covered="3"/><counter type="METHOD" missed="0" covered="3"/><counter type="CLASS" missed="0" covered="1"/></class><class name="ru/diasoft/micro/service/SmsVerificationService" sourcefilename="SmsVerificationService.java"/><sourcefile name="SmsDeliveredListenerService.java"><line nr="10" mi="0" ci="6" mb="0" cb="0"/><line nr="21" mi="7" ci="0" mb="0" cb="0"/><line nr="22" mi="1" ci="0" mb="0" cb="0"/><counter type="INSTRUCTION" missed="8" covered="6"/><counter type="LINE" missed="2" covered="1"/><counter type="COMPLEXITY" missed="1" covered="1"/><counter type="METHOD" missed="1" covered="1"/><counter type="CLASS" missed="0" covered="1"/></sourcefile><sourcefile name="SmsVerificationService.java"/><sourcefile name="SmsVerificationServiceImpl.java"><line nr="15" mi="0" ci="9" mb="0" cb="0"/><line nr="28" mi="0" ci="9" mb="0" cb="0"/><line nr="30" mi="0" ci="4" mb="0" cb="0"/><line nr="31" mi="0" ci="5" mb="0" cb="0"/><line nr="33" mi="0" ci="2" mb="0" cb="0"/><line nr="40" mi="0" ci="2" mb="0" cb="0"/><line nr="41" mi="0" ci="2" mb="0" cb="0"/><line nr="42" mi="0" ci="12" mb="0" cb="0"/><line nr="43" mi="0" ci="6" mb="0" cb="0"/><line nr="44" mi="0" ci="1" mb="0" cb="0"/><line nr="45" mi="0" ci="2" mb="0" cb="0"/><line nr="47" mi="0" ci="6" mb="0" cb="0"/><line nr="49" mi="0" ci="3" mb="0" cb="0"/><line nr="50" mi="0" ci="2" mb="0" cb="0"/><line nr="51" mi="0" ci="3" mb="0" cb="0"/><line nr="52" mi="0" ci="3" mb="0" cb="0"/><line nr="53" mi="0" ci="2" mb="0" cb="0"/><line nr="54" mi="0" ci="1" mb="0" cb="0"/><line nr="56" mi="0" ci="6" mb="0" cb="0"/><counter type="INSTRUCTION" missed="0" covered="80"/><counter type="LINE" missed="0" covered="19"/><counter type="COMPLEXITY" missed="0" covered="3"/><counter type="METHOD" missed="0" covered="3"/><counter type="CLASS" missed="0" covered="1"/></sourcefile><counter type="INSTRUCTION" missed="8" covered="86"/><counter type="LINE" missed="2" covered="20"/><counter type="COMPLEXITY" missed="1" covered="4"/><counter type="METHOD" missed="1" covered="4"/><counter type="CLASS" missed="0" covered="2"/></package><package name="ru/diasoft/micro/controller"><class name="ru/diasoft/micro/controller/SmsVerificationController" sourcefilename="SmsVerificationController.java"/><sourcefile name="SmsVerificationController.java"/></package><counter type="INSTRUCTION" missed="252" covered="269"/><counter type="BRANCH" missed="33" covered="13"/><counter type="LINE" missed="3" covered="30"/><counter type="COMPLEXITY" missed="38" covered="25"/><counter type="METHOD" missed="15" covered="25"/><counter type="CLASS" missed="1" covered="5"/></report>